***************************************************************************
*                       SPARC (version Aug 16, 2022)                      *
*   Copyright (c) 2020 Material Physics & Mechanics Group, Georgia Tech   *
*           Distributed under GNU General Public License 3 (GPL)          *
*                   Start time: Fri Aug 16 15:19:20 2024                  *
***************************************************************************
                           Input parameters                                
***************************************************************************
LATVEC_SCALE: 23.9806245368706 23.9806245368706 23.9806245368706 
LATVEC:
1 0 0 
0 1 0 
0 0 1 
FD_GRID: 60 60 60
FD_ORDER: 12
BC: P P P
KPOINT_GRID: 1 1 1
KPOINT_SHIFT: 0 0 0
SPIN_TYP: 0
ELEC_TEMP_TYPE: Fermi-Dirac
SMEARING: 0.00200001251
EXCHANGE_CORRELATION: GGA_PBE
NSTATES: 158
CHEB_DEGREE: 20
CHEFSI_BOUND_FLAG: 0
CALC_STRESS: 1
MAXIT_SCF: 500
MINIT_SCF: 1
MAXIT_POISSON: 3000
TOL_SCF: 1.00E-06
POISSON_SOLVER: AAR
TOL_POISSON: 1.00E-08
TOL_LANCZOS: 1.00E-02
TOL_PSEUDOCHARGE: 1.00E-08
MIXING_VARIABLE: density
MIXING_PRECOND: kerker
TOL_PRECOND: 1.60E-04
PRECOND_KERKER_KTF: 1
PRECOND_KERKER_THRESH: 0.1
MIXING_PARAMETER: 0.3
MIXING_HISTORY: 7
PULAY_FREQUENCY: 1
PULAY_RESTART: 0
REFERENCE_CUTOFF: 0.5
RHO_TRIGGER: 0
FIX_RAND: 0
VERBOSITY: 1
PRINT_FORCES: 1
PRINT_ATOMS: 1
PRINT_EIGEN: 0
PRINT_DENSITY: 1
PRINT_ENERGY_DENSITY: 1
OUTPUT_FILE: sim
***************************************************************************
                                Cell                                       
***************************************************************************
Lattice vectors (Bohr):
23.980624536870618 0.000000000000000 0.000000000000000 
0.000000000000000 23.980624536870618 0.000000000000000 
0.000000000000000 0.000000000000000 23.980624536870618 
Volume: 1.3790546222E+04 (Bohr^3)
***************************************************************************
                           Parallelization                                 
***************************************************************************
NP_SPIN_PARAL: 1
NP_KPOINT_PARAL: 1
NP_BAND_PARAL: 32
NP_DOMAIN_PARAL: 1 1 1
NP_DOMAIN_PHI_PARAL: 2 4 4
EIG_SERIAL_MAXNS: 10000
***************************************************************************
                             Initialization                                
***************************************************************************
Number of processors               :  32
Mesh spacing                       :  0.399677 (Bohr)
Integration weights                :  0.0638451214
Number of symmetry adapted k-points:  1
Output printed to                  :  sim.out
Total number of atom types         :  2
Total number of atoms              :  64
Total number of electrons          :  256
Atom type 1  (valence electrons)   :  Ge 4
Pseudopotential                    :  /u/home/a/agangan2/SiGeSn_data/psps/Ge-low.psp8
Pseudocharge radii of atom type 1  :  8.39 8.39 8.39 (x, y, z dir)
Number of atoms of type 1          :  16
Atom type 2  (valence electrons)   :  Sn 4
Pseudopotential                    :  /u/home/a/agangan2/SiGeSn_data/psps/Sn.psp8
Pseudocharge radii of atom type 2  :  8.39 8.39 8.39 (x, y, z dir)
Number of atoms of type 2          :  48
Estimated total memory usage       :  1.57 GB
Estimated memory per processor     :  50.26 MB
===================================================================
                    Self Consistent Field (SCF#1)                     
===================================================================
Iteration     Free Energy (Ha/atom)   SCF Error        Timing (sec)
1            -3.7076329560E+00        INF        16.093
2             1.0178398700E+00        4.028E-01        22.951
3            -4.5027724513E+00        1.376E-01        18.762
4            -5.1047393298E+00        2.082E-01        18.650
5            -5.1828556943E+00        2.153E-01        15.998
6            -5.1976047204E+00        2.187E-01        15.120
7            -5.2009144848E+00        2.203E-01        15.818
8            -5.2016171494E+00        2.208E-01        14.381
9            -5.2017515252E+00        2.210E-01        18.318
10           -5.2015101564E+00        2.216E-01        19.758
11           -5.2095152036E+00        3.205E-01        20.360
12           -5.1931652386E+00        3.791E-01        23.129
13           -5.1476273322E+00        1.367E-01        21.224
14           -5.1531746569E+00        1.391E-01        21.451
15           -5.1474865214E+00        1.121E-01        19.077
16           -5.1480238286E+00        1.491E-01        19.603
17           -5.1495686938E+00        6.788E-02        18.978
18           -5.1462165069E+00        3.811E-02        19.784
19           -5.1417712548E+00        1.753E-02        19.434
20           -5.1406469641E+00        8.497E-03        19.731
21           -5.1401394084E+00        3.722E-03        19.357
22           -5.1403520927E+00        1.779E-03        17.137
23           -5.1402399362E+00        9.107E-04        15.998
24           -5.1401059716E+00        4.200E-04        15.281
25           -5.1400948748E+00        2.770E-04        15.156
26           -5.1401027141E+00        1.646E-04        12.722
27           -5.1400994963E+00        1.118E-04        1.704
28           -5.1400938860E+00        4.665E-05        2.008
29           -5.1400947035E+00        3.454E-05        1.703
30           -5.1400986819E+00        1.868E-05        1.555
31           -5.1400996641E+00        1.087E-05        1.805
32           -5.1400997306E+00        6.864E-06        1.810
33           -5.1401001888E+00        2.292E-06        1.439
34           -5.1401004812E+00        1.195E-06        1.628
35           -5.1401005418E+00        5.289E-07        1.521
Total number of SCF: 35    
====================================================================
                    Energy and force calculation                    
====================================================================
Free energy per atom               : -5.1401005696E+00 (Ha/atom)
Total free energy                  : -3.2896643646E+02 (Ha)
Band structure energy              : -1.2250406329E+01 (Ha)
Exchange correlation energy        : -1.7786762112E+02 (Ha)
Self and correction energy         : -4.9532845670E+02 (Ha)
Entropy*kb*T                       : -9.6690835009E-03 (Ha)
Fermi level                        :  1.2386137240E-01 (Ha)
RMS force                          :  1.2780430805E-02 (Ha/Bohr)
Maximum force                      :  2.1025115918E-02 (Ha/Bohr)
Time for force calculation         :  0.705 (sec)
Pressure                           :  3.4895560764E+00 (GPa)
Maximum stress                     :  3.4975006947E+00 (GPa)
Time for stress calculation        :  0.976 (sec)
***************************************************************************
                               Timing info                                 
***************************************************************************
Total walltime                     :  511.538 sec
___________________________________________________________________________

***************************************************************************
*             Material Physics & Mechanics Group, Georgia Tech            *
*                       PI: Phanish Suryanarayana                         *
*               List of contributors: See the documentation               *
*         Citation: See README.md or the documentation for details        *
*  Acknowledgements: U.S. DOE (DE-SC0019410)                              *
*      {Preliminary developments: U.S. NSF (1333500,1663244,1553212)}     *
***************************************************************************
                                                                           
