***************************************************************************
*                       SPARC (version Aug 16, 2022)                      *
*   Copyright (c) 2020 Material Physics & Mechanics Group, Georgia Tech   *
*           Distributed under GNU General Public License 3 (GPL)          *
*                   Start time: Fri Aug 16 15:19:44 2024                  *
***************************************************************************
                           Input parameters                                
***************************************************************************
LATVEC_SCALE: 22.3790816452238 22.3790816452238 22.3790816452238 
LATVEC:
1 0 0 
0 1 0 
0 0 1 
FD_GRID: 56 56 56
FD_ORDER: 12
BC: P P P
KPOINT_GRID: 1 1 1
KPOINT_SHIFT: 0 0 0
SPIN_TYP: 0
ELEC_TEMP_TYPE: Fermi-Dirac
SMEARING: 0.00200001251
EXCHANGE_CORRELATION: GGA_PBE
NSTATES: 158
CHEB_DEGREE: 20
CHEFSI_BOUND_FLAG: 0
CALC_STRESS: 1
MAXIT_SCF: 500
MINIT_SCF: 1
MAXIT_POISSON: 3000
TOL_SCF: 1.00E-06
POISSON_SOLVER: AAR
TOL_POISSON: 1.00E-08
TOL_LANCZOS: 1.00E-02
TOL_PSEUDOCHARGE: 1.00E-08
MIXING_VARIABLE: density
MIXING_PRECOND: kerker
TOL_PRECOND: 1.60E-04
PRECOND_KERKER_KTF: 1
PRECOND_KERKER_THRESH: 0.1
MIXING_PARAMETER: 0.3
MIXING_HISTORY: 7
PULAY_FREQUENCY: 1
PULAY_RESTART: 0
REFERENCE_CUTOFF: 0.5
RHO_TRIGGER: 0
FIX_RAND: 0
VERBOSITY: 1
PRINT_FORCES: 1
PRINT_ATOMS: 1
PRINT_EIGEN: 0
PRINT_DENSITY: 1
PRINT_ENERGY_DENSITY: 1
OUTPUT_FILE: sim
***************************************************************************
                                Cell                                       
***************************************************************************
Lattice vectors (Bohr):
22.379081645223824 0.000000000000000 0.000000000000000 
0.000000000000000 22.379081645223824 0.000000000000000 
0.000000000000000 0.000000000000000 22.379081645223824 
Volume: 1.1207965415E+04 (Bohr^3)
***************************************************************************
                           Parallelization                                 
***************************************************************************
NP_SPIN_PARAL: 1
NP_KPOINT_PARAL: 1
NP_BAND_PARAL: 32
NP_DOMAIN_PARAL: 1 1 1
NP_DOMAIN_PHI_PARAL: 2 4 4
EIG_SERIAL_MAXNS: 10000
***************************************************************************
                             Initialization                                
***************************************************************************
Number of processors               :  32
Mesh spacing                       :  0.399626 (Bohr)
Integration weights                :  0.0638208672
Number of symmetry adapted k-points:  1
Output printed to                  :  sim.out
Total number of atom types         :  3
Total number of atoms              :  64
Total number of electrons          :  256
Atom type 1  (valence electrons)   :  Si 4
Pseudopotential                    :  /u/home/a/agangan2/SiGeSn_data/psps/14_Si_4_1.9_1.9_pbe_n_v1.0.psp8
Pseudocharge radii of atom type 1  :  7.99 7.99 7.99 (x, y, z dir)
Number of atoms of type 1          :  24
Atom type 2  (valence electrons)   :  Ge 4
Pseudopotential                    :  /u/home/a/agangan2/SiGeSn_data/psps/Ge-low.psp8
Pseudocharge radii of atom type 2  :  8.39 8.39 8.39 (x, y, z dir)
Number of atoms of type 2          :  16
Atom type 3  (valence electrons)   :  Sn 4
Pseudopotential                    :  /u/home/a/agangan2/SiGeSn_data/psps/Sn.psp8
Pseudocharge radii of atom type 3  :  8.39 8.39 8.39 (x, y, z dir)
Number of atoms of type 3          :  24
Estimated total memory usage       :  1.28 GB
Estimated memory per processor     :  40.87 MB
===================================================================
                    Self Consistent Field (SCF#1)                     
===================================================================
Iteration     Free Energy (Ha/atom)   SCF Error        Timing (sec)
1            -3.5257875819E+00        INF        5.318
2             9.6492511453E-01        3.300E-01        9.087
3            -4.3359482642E+00        1.586E-01        8.086
4            -4.8969958332E+00        2.154E-01        7.240
5            -4.9721293286E+00        2.285E-01        5.137
6            -4.9855896450E+00        2.374E-01        7.003
7            -4.9870637206E+00        2.363E-01        6.729
8            -4.9791086599E+00        2.096E-01        5.911
9            -4.9435705828E+00        1.404E-01        7.824
10           -4.9437629655E+00        1.171E-01        8.381
11           -4.9352336950E+00        9.580E-02        8.399
12           -4.9381406250E+00        9.201E-02        6.749
13           -4.9378089927E+00        9.123E-02        8.356
14           -4.9331089867E+00        7.638E-02        8.927
15           -4.9318279553E+00        2.411E-02        9.419
16           -4.9297720255E+00        1.222E-02        7.403
17           -4.9298494729E+00        3.321E-03        6.727
18           -4.9298920376E+00        2.214E-03        6.527
19           -4.9299398943E+00        6.850E-04        5.982
20           -4.9299210343E+00        4.910E-04        5.091
21           -4.9299235573E+00        1.486E-04        5.131
22           -4.9299261684E+00        1.011E-04        6.548
23           -4.9299205760E+00        4.307E-05        6.166
24           -4.9299198409E+00        2.686E-05        5.805
25           -4.9299205033E+00        1.373E-05        5.511
26           -4.9299211224E+00        8.454E-06        6.493
27           -4.9299212501E+00        3.611E-06        4.406
28           -4.9299213436E+00        2.445E-06        5.960
29           -4.9299215917E+00        7.826E-07        2.689
Total number of SCF: 29    
====================================================================
                    Energy and force calculation                    
====================================================================
Free energy per atom               : -4.9299216442E+00 (Ha/atom)
Total free energy                  : -3.1551498523E+02 (Ha)
Band structure energy              : -8.5190750926E+00 (Ha)
Exchange correlation energy        : -1.5548576477E+02 (Ha)
Self and correction energy         : -5.0330353415E+02 (Ha)
Entropy*kb*T                       : -1.0505106273E-02 (Ha)
Fermi level                        :  1.5563102076E-01 (Ha)
RMS force                          :  2.9512442566E-02 (Ha/Bohr)
Maximum force                      :  4.2998313512E-02 (Ha/Bohr)
Time for force calculation         :  0.812 (sec)
Pressure                           :  3.9005468069E+00 (GPa)
Maximum stress                     :  3.9108051285E+00 (GPa)
Time for stress calculation        :  1.674 (sec)
***************************************************************************
                               Timing info                                 
***************************************************************************
Total walltime                     :  205.947 sec
___________________________________________________________________________

***************************************************************************
*             Material Physics & Mechanics Group, Georgia Tech            *
*                       PI: Phanish Suryanarayana                         *
*               List of contributors: See the documentation               *
*         Citation: See README.md or the documentation for details        *
*  Acknowledgements: U.S. DOE (DE-SC0019410)                              *
*      {Preliminary developments: U.S. NSF (1333500,1663244,1553212)}     *
***************************************************************************
                                                                           
