***************************************************************************
*                       SPARC (version Aug 16, 2022)                      *
*   Copyright (c) 2020 Material Physics & Mechanics Group, Georgia Tech   *
*           Distributed under GNU General Public License 3 (GPL)          *
*                   Start time: Fri Aug 16 15:19:50 2024                  *
***************************************************************************
                           Input parameters                                
***************************************************************************
LATVEC_SCALE: 23.2294584018504 23.2294584018504 23.2294584018504 
LATVEC:
1 0 0 
0 1 0 
0 0 1 
FD_GRID: 58 58 58
FD_ORDER: 12
BC: P P P
KPOINT_GRID: 1 1 1
KPOINT_SHIFT: 0 0 0
SPIN_TYP: 0
ELEC_TEMP_TYPE: Fermi-Dirac
SMEARING: 0.00200001251
EXCHANGE_CORRELATION: GGA_PBE
NSTATES: 158
CHEB_DEGREE: 20
CHEFSI_BOUND_FLAG: 0
CALC_STRESS: 1
MAXIT_SCF: 500
MINIT_SCF: 1
MAXIT_POISSON: 3000
TOL_SCF: 1.00E-06
POISSON_SOLVER: AAR
TOL_POISSON: 1.00E-08
TOL_LANCZOS: 1.00E-02
TOL_PSEUDOCHARGE: 1.00E-08
MIXING_VARIABLE: density
MIXING_PRECOND: kerker
TOL_PRECOND: 1.60E-04
PRECOND_KERKER_KTF: 1
PRECOND_KERKER_THRESH: 0.1
MIXING_PARAMETER: 0.3
MIXING_HISTORY: 7
PULAY_FREQUENCY: 1
PULAY_RESTART: 0
REFERENCE_CUTOFF: 0.5
RHO_TRIGGER: 0
FIX_RAND: 0
VERBOSITY: 1
PRINT_FORCES: 1
PRINT_ATOMS: 1
PRINT_EIGEN: 0
PRINT_DENSITY: 1
PRINT_ENERGY_DENSITY: 1
OUTPUT_FILE: sim
***************************************************************************
                                Cell                                       
***************************************************************************
Lattice vectors (Bohr):
23.229458401850444 0.000000000000000 0.000000000000000 
0.000000000000000 23.229458401850444 0.000000000000000 
0.000000000000000 0.000000000000000 23.229458401850444 
Volume: 1.2534795495E+04 (Bohr^3)
***************************************************************************
                           Parallelization                                 
***************************************************************************
NP_SPIN_PARAL: 1
NP_KPOINT_PARAL: 1
NP_BAND_PARAL: 32
NP_DOMAIN_PARAL: 1 1 1
NP_DOMAIN_PHI_PARAL: 2 4 4
EIG_SERIAL_MAXNS: 10000
***************************************************************************
                             Initialization                                
***************************************************************************
Number of processors               :  32
Mesh spacing                       :  0.400508 (Bohr)
Integration weights                :  0.06424410336
Number of symmetry adapted k-points:  1
Output printed to                  :  sim.out
Total number of atom types         :  2
Total number of atoms              :  64
Total number of electrons          :  256
Atom type 1  (valence electrons)   :  Si 4
Pseudopotential                    :  /u/home/a/agangan2/SiGeSn_data/psps/14_Si_4_1.9_1.9_pbe_n_v1.0.psp8
Pseudocharge radii of atom type 1  :  8.01 8.01 8.01 (x, y, z dir)
Number of atoms of type 1          :  24
Atom type 2  (valence electrons)   :  Sn 4
Pseudopotential                    :  /u/home/a/agangan2/SiGeSn_data/psps/Sn.psp8
Pseudocharge radii of atom type 2  :  8.41 8.41 8.41 (x, y, z dir)
Number of atoms of type 2          :  40
Estimated total memory usage       :  1.42 GB
Estimated memory per processor     :  45.40 MB
===================================================================
                    Self Consistent Field (SCF#1)                     
===================================================================
Iteration     Free Energy (Ha/atom)   SCF Error        Timing (sec)
1            -3.1475699963E+00        INF        2.242
2             1.4099054334E+00        3.527E-01        3.767
3            -3.9330635138E+00        1.567E-01        1.628
4            -4.5070177277E+00        2.161E-01        1.527
5            -4.5826940261E+00        2.275E-01        1.286
6            -4.5969199514E+00        2.357E-01        1.749
7            -4.5992937427E+00        2.361E-01        1.751
8            -4.5957345194E+00        2.214E-01        1.334
9            -4.5610538119E+00        1.358E-01        1.447
10           -4.5602996043E+00        1.225E-01        1.640
11           -4.5539236817E+00        1.080E-01        1.628
12           -4.5550709098E+00        1.070E-01        1.607
13           -4.5545332093E+00        1.069E-01        1.667
14           -4.5498087750E+00        9.749E-02        1.440
15           -4.5471703269E+00        5.798E-02        1.374
16           -4.5468617703E+00        2.133E-02        1.439
17           -4.5450948308E+00        8.967E-03        1.692
18           -4.5455644235E+00        4.168E-03        1.290
19           -4.5454428091E+00        1.680E-03        1.324
20           -4.5453613610E+00        8.572E-04        1.340
21           -4.5452944163E+00        5.785E-04        1.475
22           -4.5452736931E+00        4.045E-04        1.294
23           -4.5453100580E+00        1.115E-04        1.610
24           -4.5453166823E+00        8.040E-05        1.336
25           -4.5453247778E+00        3.068E-05        1.209
26           -4.5453246424E+00        2.244E-05        1.218
27           -4.5453238253E+00        9.662E-06        1.203
28           -4.5453240657E+00        6.801E-06        1.202
29           -4.5453239906E+00        2.000E-06        1.067
30           -4.5453240867E+00        1.347E-06        1.200
31           -4.5453242088E+00        6.767E-07        0.971
Total number of SCF: 31    
====================================================================
                    Energy and force calculation                    
====================================================================
Free energy per atom               : -4.5453241823E+00 (Ha/atom)
Total free energy                  : -2.9090074767E+02 (Ha)
Band structure energy              : -1.1008803930E+01 (Ha)
Exchange correlation energy        : -1.3534708455E+02 (Ha)
Self and correction energy         : -4.4679188431E+02 (Ha)
Entropy*kb*T                       : -1.0295549778E-02 (Ha)
Fermi level                        :  1.3745860406E-01 (Ha)
RMS force                          :  2.4897370548E-02 (Ha/Bohr)
Maximum force                      :  3.5766337306E-02 (Ha/Bohr)
Time for force calculation         :  0.266 (sec)
Pressure                           :  2.8330906781E+00 (GPa)
Maximum stress                     :  2.8411023253E+00 (GPa)
Time for stress calculation        :  0.540 (sec)
***************************************************************************
                               Timing info                                 
***************************************************************************
Total walltime                     :  56.817 sec
___________________________________________________________________________

***************************************************************************
*             Material Physics & Mechanics Group, Georgia Tech            *
*                       PI: Phanish Suryanarayana                         *
*               List of contributors: See the documentation               *
*         Citation: See README.md or the documentation for details        *
*  Acknowledgements: U.S. DOE (DE-SC0019410)                              *
*      {Preliminary developments: U.S. NSF (1333500,1663244,1553212)}     *
***************************************************************************
                                                                           
