***************************************************************************
*                       SPARC (version Aug 16, 2022)                      *
*   Copyright (c) 2020 Material Physics & Mechanics Group, Georgia Tech   *
*           Distributed under GNU General Public License 3 (GPL)          *
*                   Start time: Fri Aug 16 15:19:58 2024                  *
***************************************************************************
                           Input parameters                                
***************************************************************************
LATVEC_SCALE: 21.6279155102036 21.6279155102036 21.6279155102036 
LATVEC:
1 0 0 
0 1 0 
0 0 1 
FD_GRID: 54 54 54
FD_ORDER: 12
BC: P P P
KPOINT_GRID: 1 1 1
KPOINT_SHIFT: 0 0 0
SPIN_TYP: 0
ELEC_TEMP_TYPE: Fermi-Dirac
SMEARING: 0.00200001251
EXCHANGE_CORRELATION: GGA_PBE
NSTATES: 158
CHEB_DEGREE: 20
CHEFSI_BOUND_FLAG: 0
CALC_STRESS: 1
MAXIT_SCF: 500
MINIT_SCF: 1
MAXIT_POISSON: 3000
TOL_SCF: 1.00E-06
POISSON_SOLVER: AAR
TOL_POISSON: 1.00E-08
TOL_LANCZOS: 1.00E-02
TOL_PSEUDOCHARGE: 1.00E-08
MIXING_VARIABLE: density
MIXING_PRECOND: kerker
TOL_PRECOND: 1.60E-04
PRECOND_KERKER_KTF: 1
PRECOND_KERKER_THRESH: 0.1
MIXING_PARAMETER: 0.3
MIXING_HISTORY: 7
PULAY_FREQUENCY: 1
PULAY_RESTART: 0
REFERENCE_CUTOFF: 0.5
RHO_TRIGGER: 0
FIX_RAND: 0
VERBOSITY: 1
PRINT_FORCES: 1
PRINT_ATOMS: 1
PRINT_EIGEN: 0
PRINT_DENSITY: 1
PRINT_ENERGY_DENSITY: 1
OUTPUT_FILE: sim
***************************************************************************
                                Cell                                       
***************************************************************************
Lattice vectors (Bohr):
21.627915510203646 0.000000000000000 0.000000000000000 
0.000000000000000 21.627915510203646 0.000000000000000 
0.000000000000000 0.000000000000000 21.627915510203646 
Volume: 1.0116819300E+04 (Bohr^3)
***************************************************************************
                           Parallelization                                 
***************************************************************************
NP_SPIN_PARAL: 1
NP_KPOINT_PARAL: 1
NP_BAND_PARAL: 32
NP_DOMAIN_PARAL: 1 1 1
NP_DOMAIN_PHI_PARAL: 2 4 4
EIG_SERIAL_MAXNS: 10000
***************************************************************************
                             Initialization                                
***************************************************************************
Number of processors               :  32
Mesh spacing                       :  0.400517 (Bohr)
Integration weights                :  0.0642484587
Number of symmetry adapted k-points:  1
Output printed to                  :  sim.out
Total number of atom types         :  2
Total number of atoms              :  64
Total number of electrons          :  256
Atom type 1  (valence electrons)   :  Si 4
Pseudopotential                    :  /u/home/a/agangan2/SiGeSn_data/psps/14_Si_4_1.9_1.9_pbe_n_v1.0.psp8
Pseudocharge radii of atom type 1  :  8.01 8.01 8.01 (x, y, z dir)
Number of atoms of type 1          :  48
Atom type 2  (valence electrons)   :  Sn 4
Pseudopotential                    :  /u/home/a/agangan2/SiGeSn_data/psps/Sn.psp8
Pseudocharge radii of atom type 2  :  8.41 8.41 8.41 (x, y, z dir)
Number of atoms of type 2          :  16
Estimated total memory usage       :  1.15 GB
Estimated memory per processor     :  36.64 MB
===================================================================
                    Self Consistent Field (SCF#1)                     
===================================================================
Iteration     Free Energy (Ha/atom)   SCF Error        Timing (sec)
1            -2.9615176188E+00        INF        0.294
2             1.3463845437E+00        2.838E-01        0.991
3            -3.7703970895E+00        1.717E-01        1.086
4            -4.3050071493E+00        2.259E-01        1.069
5            -4.3810216660E+00        2.433E-01        1.034
6            -4.3930423213E+00        2.504E-01        1.014
7            -4.3948293248E+00        2.517E-01        0.974
8            -4.3946602547E+00        2.493E-01        1.608
9            -4.3630236557E+00        1.309E-01        1.007
10           -4.3480960080E+00        1.121E-01        1.256
11           -4.3337469172E+00        6.727E-02        0.877
12           -4.3440091847E+00        3.548E-02        1.500
13           -4.3439870886E+00        3.088E-02        0.980
14           -4.3431303345E+00        2.941E-02        1.568
15           -4.3422258869E+00        3.126E-02        1.011
16           -4.3417277626E+00        1.124E-02        1.145
17           -4.3407285817E+00        6.173E-03        0.903
18           -4.3413106376E+00        1.972E-03        0.944
19           -4.3413052328E+00        1.377E-03        0.895
20           -4.3412727510E+00        3.971E-04        0.940
21           -4.3412575173E+00        2.580E-04        1.088
22           -4.3412526840E+00        1.050E-04        1.174
23           -4.3412530306E+00        7.188E-05        0.946
24           -4.3412550985E+00        2.885E-05        0.865
25           -4.3412556254E+00        1.225E-05        0.850
26           -4.3412566385E+00        4.891E-06        0.829
27           -4.3412567552E+00        2.428E-06        0.970
28           -4.3412568371E+00        1.002E-06        1.012
29           -4.3412568258E+00        6.200E-07        0.683
Total number of SCF: 29    
====================================================================
                    Energy and force calculation                    
====================================================================
Free energy per atom               : -4.3412567346E+00 (Ha/atom)
Total free energy                  : -2.7784043101E+02 (Ha)
Band structure energy              : -7.8993030093E+00 (Ha)
Exchange correlation energy        : -1.1304888095E+02 (Ha)
Self and correction energy         : -4.5477454048E+02 (Ha)
Entropy*kb*T                       : -4.3821335999E-04 (Ha)
Fermi level                        :  1.6452379731E-01 (Ha)
RMS force                          :  3.1095512694E-02 (Ha/Bohr)
Maximum force                      :  5.6163685945E-02 (Ha/Bohr)
Time for force calculation         :  0.165 (sec)
Pressure                           :  3.7295412981E+00 (GPa)
Maximum stress                     :  3.7400566579E+00 (GPa)
Time for stress calculation        :  0.490 (sec)
***************************************************************************
                               Timing info                                 
***************************************************************************
Total walltime                     :  31.520 sec
___________________________________________________________________________

***************************************************************************
*             Material Physics & Mechanics Group, Georgia Tech            *
*                       PI: Phanish Suryanarayana                         *
*               List of contributors: See the documentation               *
*         Citation: See README.md or the documentation for details        *
*  Acknowledgements: U.S. DOE (DE-SC0019410)                              *
*      {Preliminary developments: U.S. NSF (1333500,1663244,1553212)}     *
***************************************************************************
                                                                           
