***************************************************************************
*                       SPARC (version Aug 16, 2022)                      *
*   Copyright (c) 2020 Material Physics & Mechanics Group, Georgia Tech   *
*           Distributed under GNU General Public License 3 (GPL)          *
*                   Start time: Fri Aug 16 15:19:57 2024                  *
***************************************************************************
                           Input parameters                                
***************************************************************************
LATVEC_SCALE: 21.2027271318903 21.2027271318903 21.2027271318903 
LATVEC:
1 0 0 
0 1 0 
0 0 1 
FD_GRID: 53 53 53
FD_ORDER: 12
BC: P P P
KPOINT_GRID: 1 1 1
KPOINT_SHIFT: 0 0 0
SPIN_TYP: 0
ELEC_TEMP_TYPE: Fermi-Dirac
SMEARING: 0.00200001251
EXCHANGE_CORRELATION: GGA_PBE
NSTATES: 158
CHEB_DEGREE: 20
CHEFSI_BOUND_FLAG: 0
CALC_STRESS: 1
MAXIT_SCF: 500
MINIT_SCF: 1
MAXIT_POISSON: 3000
TOL_SCF: 1.00E-06
POISSON_SOLVER: AAR
TOL_POISSON: 1.00E-08
TOL_LANCZOS: 1.00E-02
TOL_PSEUDOCHARGE: 1.00E-08
MIXING_VARIABLE: density
MIXING_PRECOND: kerker
TOL_PRECOND: 1.60E-04
PRECOND_KERKER_KTF: 1
PRECOND_KERKER_THRESH: 0.1
MIXING_PARAMETER: 0.3
MIXING_HISTORY: 7
PULAY_FREQUENCY: 1
PULAY_RESTART: 0
REFERENCE_CUTOFF: 0.5
RHO_TRIGGER: 0
FIX_RAND: 0
VERBOSITY: 1
PRINT_FORCES: 1
PRINT_ATOMS: 1
PRINT_EIGEN: 0
PRINT_DENSITY: 1
PRINT_ENERGY_DENSITY: 1
OUTPUT_FILE: sim
***************************************************************************
                                Cell                                       
***************************************************************************
Lattice vectors (Bohr):
21.202727131890338 0.000000000000000 0.000000000000000 
0.000000000000000 21.202727131890338 0.000000000000000 
0.000000000000000 0.000000000000000 21.202727131890338 
Volume: 9.5318055195E+03 (Bohr^3)
***************************************************************************
                           Parallelization                                 
***************************************************************************
NP_SPIN_PARAL: 1
NP_KPOINT_PARAL: 1
NP_BAND_PARAL: 32
NP_DOMAIN_PARAL: 1 1 1
NP_DOMAIN_PHI_PARAL: 2 4 4
EIG_SERIAL_MAXNS: 10000
***************************************************************************
                             Initialization                                
***************************************************************************
Number of processors               :  32
Mesh spacing                       :  0.400051 (Bohr)
Integration weights                :  0.06402470173
Number of symmetry adapted k-points:  1
Output printed to                  :  sim.out
Total number of atom types         :  3
Total number of atoms              :  64
Total number of electrons          :  256
Atom type 1  (valence electrons)   :  Si 4
Pseudopotential                    :  /u/home/a/agangan2/SiGeSn_data/psps/14_Si_4_1.9_1.9_pbe_n_v1.0.psp8
Pseudocharge radii of atom type 1  :  8.00 8.00 8.00 (x, y, z dir)
Number of atoms of type 1          :  48
Atom type 2  (valence electrons)   :  Ge 4
Pseudopotential                    :  /u/home/a/agangan2/SiGeSn_data/psps/Ge-low.psp8
Pseudocharge radii of atom type 2  :  8.40 8.40 8.40 (x, y, z dir)
Number of atoms of type 2          :  8
Atom type 3  (valence electrons)   :  Sn 4
Pseudopotential                    :  /u/home/a/agangan2/SiGeSn_data/psps/Sn.psp8
Pseudocharge radii of atom type 3  :  8.40 8.40 8.40 (x, y, z dir)
Number of atoms of type 3          :  8
Estimated total memory usage       :  1.08 GB
Estimated memory per processor     :  34.64 MB
===================================================================
                    Self Consistent Field (SCF#1)                     
===================================================================
Iteration     Free Energy (Ha/atom)   SCF Error        Timing (sec)
1            -3.1539819515E+00        INF        6.872
2             1.1035111308E+00        2.779E-01        14.046
3            -3.9807969596E+00        1.730E-01        4.778
4            -4.5068673344E+00        2.291E-01        2.920
5            -4.5790100823E+00        2.456E-01        3.949
6            -4.5905252997E+00        2.528E-01        1.733
7            -4.5922995492E+00        2.535E-01        3.556
8            -4.5910647689E+00        2.452E-01        3.402
9            -4.5459437954E+00        1.215E-01        1.875
10           -4.5411790299E+00        9.799E-02        3.803
11           -4.5304390955E+00        7.791E-02        4.758
12           -4.5411241815E+00        4.532E-02        4.982
13           -4.5401552560E+00        3.108E-02        2.210
14           -4.5385104878E+00        2.442E-02        3.844
15           -4.5374909854E+00        1.426E-02        5.392
16           -4.5368099494E+00        2.746E-03        1.292
17           -4.5368680099E+00        1.657E-03        3.042
18           -4.5370092089E+00        5.758E-04        2.873
19           -4.5370095944E+00        3.357E-04        2.843
20           -4.5370343845E+00        1.080E-04        3.647
21           -4.5370354125E+00        6.832E-05        3.142
22           -4.5370355253E+00        2.104E-05        3.207
23           -4.5370362467E+00        1.414E-05        1.976
24           -4.5370365791E+00        7.284E-06        1.623
25           -4.5370365697E+00        4.447E-06        1.551
26           -4.5370365497E+00        1.566E-06        1.950
27           -4.5370365495E+00        8.117E-07        1.310
Total number of SCF: 27    
====================================================================
                    Energy and force calculation                    
====================================================================
Free energy per atom               : -4.5370366085E+00 (Ha/atom)
Total free energy                  : -2.9037034295E+02 (Ha)
Band structure energy              : -6.5578165669E+00 (Ha)
Exchange correlation energy        : -1.2312597509E+02 (Ha)
Self and correction energy         : -4.8301794236E+02 (Ha)
Entropy*kb*T                       : -4.2981701343E-04 (Ha)
Fermi level                        :  1.7364596017E-01 (Ha)
RMS force                          :  2.0517706935E-02 (Ha/Bohr)
Maximum force                      :  5.4025626317E-02 (Ha/Bohr)
Time for force calculation         :  0.340 (sec)
Pressure                           :  3.3279811879E+00 (GPa)
Maximum stress                     :  3.3344294268E+00 (GPa)
Time for stress calculation        :  0.866 (sec)
***************************************************************************
                               Timing info                                 
***************************************************************************
Total walltime                     :  108.514 sec
___________________________________________________________________________

***************************************************************************
*             Material Physics & Mechanics Group, Georgia Tech            *
*                       PI: Phanish Suryanarayana                         *
*               List of contributors: See the documentation               *
*         Citation: See README.md or the documentation for details        *
*  Acknowledgements: U.S. DOE (DE-SC0019410)                              *
*      {Preliminary developments: U.S. NSF (1333500,1663244,1553212)}     *
***************************************************************************
                                                                           
