***************************************************************************
*                       SPARC (version Aug 16, 2022)                      *
*   Copyright (c) 2020 Material Physics & Mechanics Group, Georgia Tech   *
*           Distributed under GNU General Public License 3 (GPL)          *
*                   Start time: Fri Aug 16 15:19:16 2024                  *
***************************************************************************
                           Input parameters                                
***************************************************************************
LATVEC_SCALE: 24.4058129151839 24.4058129151839 24.4058129151839 
LATVEC:
1 0 0 
0 1 0 
0 0 1 
FD_GRID: 61 61 61
FD_ORDER: 12
BC: P P P
KPOINT_GRID: 1 1 1
KPOINT_SHIFT: 0 0 0
SPIN_TYP: 0
ELEC_TEMP_TYPE: Fermi-Dirac
SMEARING: 0.00200001251
EXCHANGE_CORRELATION: GGA_PBE
NSTATES: 158
CHEB_DEGREE: 20
CHEFSI_BOUND_FLAG: 0
CALC_STRESS: 1
MAXIT_SCF: 500
MINIT_SCF: 1
MAXIT_POISSON: 3000
TOL_SCF: 1.00E-06
POISSON_SOLVER: AAR
TOL_POISSON: 1.00E-08
TOL_LANCZOS: 1.00E-02
TOL_PSEUDOCHARGE: 1.00E-08
MIXING_VARIABLE: density
MIXING_PRECOND: kerker
TOL_PRECOND: 1.60E-04
PRECOND_KERKER_KTF: 1
PRECOND_KERKER_THRESH: 0.1
MIXING_PARAMETER: 0.3
MIXING_HISTORY: 7
PULAY_FREQUENCY: 1
PULAY_RESTART: 0
REFERENCE_CUTOFF: 0.5
RHO_TRIGGER: 0
FIX_RAND: 0
VERBOSITY: 1
PRINT_FORCES: 1
PRINT_ATOMS: 1
PRINT_EIGEN: 0
PRINT_DENSITY: 1
PRINT_ENERGY_DENSITY: 1
OUTPUT_FILE: sim
***************************************************************************
                                Cell                                       
***************************************************************************
Lattice vectors (Bohr):
24.405812915183926 0.000000000000000 0.000000000000000 
0.000000000000000 24.405812915183926 0.000000000000000 
0.000000000000000 0.000000000000000 24.405812915183926 
Volume: 1.4537168805E+04 (Bohr^3)
***************************************************************************
                           Parallelization                                 
***************************************************************************
NP_SPIN_PARAL: 1
NP_KPOINT_PARAL: 1
NP_BAND_PARAL: 32
NP_DOMAIN_PARAL: 1 1 1
NP_DOMAIN_PHI_PARAL: 2 4 4
EIG_SERIAL_MAXNS: 10000
***************************************************************************
                             Initialization                                
***************************************************************************
Number of processors               :  32
Mesh spacing                       :  0.400095 (Bohr)
Integration weights                :  0.06404575187
Number of symmetry adapted k-points:  1
Output printed to                  :  sim.out
Total number of atom types         :  2
Total number of atoms              :  64
Total number of electrons          :  256
Atom type 1  (valence electrons)   :  Ge 4
Pseudopotential                    :  /u/home/a/agangan2/SiGeSn_data/psps/Ge-low.psp8
Pseudocharge radii of atom type 1  :  8.40 8.40 8.40 (x, y, z dir)
Number of atoms of type 1          :  8
Atom type 2  (valence electrons)   :  Sn 4
Pseudopotential                    :  /u/home/a/agangan2/SiGeSn_data/psps/Sn.psp8
Pseudocharge radii of atom type 2  :  8.40 8.40 8.40 (x, y, z dir)
Number of atoms of type 2          :  56
Estimated total memory usage       :  1.65 GB
Estimated memory per processor     :  52.82 MB
===================================================================
                    Self Consistent Field (SCF#1)                     
===================================================================
Iteration     Free Energy (Ha/atom)   SCF Error        Timing (sec)
1            -3.5211865266E+00        INF        9.904
2             1.2420613716E+00        4.151E-01        18.472
3            -4.2846630798E+00        1.290E-01        13.517
4            -4.9111144392E+00        2.049E-01        13.105
5            -4.9903950721E+00        2.121E-01        9.479
6            -5.0050194585E+00        2.175E-01        10.619
7            -5.0080963076E+00        2.186E-01        10.820
8            -5.0083985021E+00        2.179E-01        14.171
9            -5.0046560758E+00        2.113E-01        13.467
10           -4.9866069696E+00        2.533E-01        13.769
11           -4.9740117459E+00        3.341E-01        12.230
12           -4.9718881462E+00        3.851E-01        12.602
13           -4.9722491646E+00        4.187E-01        14.191
14           -4.9522333519E+00        7.361E-02        13.292
15           -4.9553521043E+00        5.327E-02        12.310
16           -4.9517186005E+00        1.693E-02        13.460
17           -4.9502594014E+00        1.089E-02        11.391
18           -4.9492671979E+00        3.623E-03        10.025
19           -4.9492877989E+00        2.523E-03        10.102
20           -4.9490352318E+00        8.795E-04        8.632
21           -4.9489978024E+00        5.248E-04        8.833
22           -4.9489983376E+00        2.555E-04        8.737
23           -4.9489970463E+00        1.272E-04        8.708
24           -4.9489884406E+00        7.116E-05        7.833
25           -4.9489827752E+00        4.236E-05        7.676
26           -4.9489840116E+00        3.221E-05        6.814
27           -4.9489891063E+00        1.639E-05        5.964
28           -4.9489890926E+00        1.023E-05        5.823
29           -4.9489890867E+00        6.874E-06        5.503
30           -4.9489895378E+00        3.719E-06        4.822
31           -4.9489897517E+00        2.688E-06        5.340
32           -4.9489899903E+00        6.828E-07        2.383
Total number of SCF: 32    
====================================================================
                    Energy and force calculation                    
====================================================================
Free energy per atom               : -4.9489899928E+00 (Ha/atom)
Total free energy                  : -3.1673535954E+02 (Ha)
Band structure energy              : -1.3383020960E+01 (Ha)
Exchange correlation energy        : -1.6783299273E+02 (Ha)
Self and correction energy         : -4.6708159156E+02 (Ha)
Entropy*kb*T                       : -7.7620521751E-03 (Ha)
Fermi level                        :  1.1589021678E-01 (Ha)
RMS force                          :  7.1518232357E-03 (Ha/Bohr)
Maximum force                      :  1.8336885988E-02 (Ha/Bohr)
Time for force calculation         :  0.375 (sec)
Pressure                           :  2.8532185730E+00 (GPa)
Maximum stress                     :  2.8683449677E+00 (GPa)
Time for stress calculation        :  0.851 (sec)
***************************************************************************
                               Timing info                                 
***************************************************************************
Total walltime                     :  342.576 sec
___________________________________________________________________________

***************************************************************************
*             Material Physics & Mechanics Group, Georgia Tech            *
*                       PI: Phanish Suryanarayana                         *
*               List of contributors: See the documentation               *
*         Citation: See README.md or the documentation for details        *
*  Acknowledgements: U.S. DOE (DE-SC0019410)                              *
*      {Preliminary developments: U.S. NSF (1333500,1663244,1553212)}     *
***************************************************************************
                                                                           
