***************************************************************************
*                       SPARC (version Aug 16, 2022)                      *
*   Copyright (c) 2020 Material Physics & Mechanics Group, Georgia Tech   *
*           Distributed under GNU General Public License 3 (GPL)          *
*                   Start time: Fri Aug 16 15:19:21 2024                  *
***************************************************************************
                           Input parameters                                
***************************************************************************
LATVEC_SCALE: 23.130247780244 23.130247780244 23.130247780244 
LATVEC:
1 0 0 
0 1 0 
0 0 1 
FD_GRID: 58 58 58
FD_ORDER: 12
BC: P P P
KPOINT_GRID: 1 1 1
KPOINT_SHIFT: 0 0 0
SPIN_TYP: 0
ELEC_TEMP_TYPE: Fermi-Dirac
SMEARING: 0.00200001251
EXCHANGE_CORRELATION: GGA_PBE
NSTATES: 158
CHEB_DEGREE: 20
CHEFSI_BOUND_FLAG: 0
CALC_STRESS: 1
MAXIT_SCF: 500
MINIT_SCF: 1
MAXIT_POISSON: 3000
TOL_SCF: 1.00E-06
POISSON_SOLVER: AAR
TOL_POISSON: 1.00E-08
TOL_LANCZOS: 1.00E-02
TOL_PSEUDOCHARGE: 1.00E-08
MIXING_VARIABLE: density
MIXING_PRECOND: kerker
TOL_PRECOND: 1.59E-04
PRECOND_KERKER_KTF: 1
PRECOND_KERKER_THRESH: 0.1
MIXING_PARAMETER: 0.3
MIXING_HISTORY: 7
PULAY_FREQUENCY: 1
PULAY_RESTART: 0
REFERENCE_CUTOFF: 0.5
RHO_TRIGGER: 0
FIX_RAND: 0
VERBOSITY: 1
PRINT_FORCES: 1
PRINT_ATOMS: 1
PRINT_EIGEN: 0
PRINT_DENSITY: 1
PRINT_ENERGY_DENSITY: 1
OUTPUT_FILE: sim
***************************************************************************
                                Cell                                       
***************************************************************************
Lattice vectors (Bohr):
23.130247780244002 0.000000000000000 0.000000000000000 
0.000000000000000 23.130247780244002 0.000000000000000 
0.000000000000000 0.000000000000000 23.130247780244002 
Volume: 1.2374875986E+04 (Bohr^3)
***************************************************************************
                           Parallelization                                 
***************************************************************************
NP_SPIN_PARAL: 1
NP_KPOINT_PARAL: 1
NP_BAND_PARAL: 32
NP_DOMAIN_PARAL: 1 1 1
NP_DOMAIN_PHI_PARAL: 2 4 4
EIG_SERIAL_MAXNS: 10000
***************************************************************************
                             Initialization                                
***************************************************************************
Number of processors               :  32
Mesh spacing                       :  0.398797 (Bohr)
Integration weights                :  0.06342447408
Number of symmetry adapted k-points:  1
Output printed to                  :  sim.out
Total number of atom types         :  2
Total number of atoms              :  64
Total number of electrons          :  256
Atom type 1  (valence electrons)   :  Ge 4
Pseudopotential                    :  /u/home/a/agangan2/SiGeSn_data/psps/Ge-low.psp8
Pseudocharge radii of atom type 1  :  8.37 8.37 8.37 (x, y, z dir)
Number of atoms of type 1          :  32
Atom type 2  (valence electrons)   :  Sn 4
Pseudopotential                    :  /u/home/a/agangan2/SiGeSn_data/psps/Sn.psp8
Pseudocharge radii of atom type 2  :  8.37 8.37 8.37 (x, y, z dir)
Number of atoms of type 2          :  32
Estimated total memory usage       :  1.42 GB
Estimated memory per processor     :  45.40 MB
===================================================================
                    Self Consistent Field (SCF#1)                     
===================================================================
Iteration     Free Energy (Ha/atom)   SCF Error        Timing (sec)
1            -4.0852239510E+00        INF        12.481
2             5.7520953149E-01        3.814E-01        20.197
3            -4.9212090325E+00        1.466E-01        16.881
4            -5.5013517088E+00        2.138E-01        16.798
5            -5.5721485984E+00        2.204E-01        13.744
6            -5.5857261327E+00        2.242E-01        12.958
7            -5.5885032708E+00        2.255E-01        12.636
8            -5.5891392588E+00        2.261E-01        14.756
9            -5.5886511538E+00        2.241E-01        16.668
10           -5.5743974593E+00        2.579E-01        18.020
11           -5.5390488660E+00        3.751E-01        17.172
12           -5.5375407387E+00        3.172E-01        18.015
13           -5.5424507553E+00        2.770E-01        16.094
14           -5.5423212841E+00        4.013E-01        16.639
15           -5.5415087372E+00        1.732E-01        14.963
16           -5.5325597696E+00        4.881E-02        16.342
17           -5.5259073958E+00        2.941E-02        14.853
18           -5.5242786160E+00        1.378E-02        15.312
19           -5.5235811242E+00        7.376E-03        14.345
20           -5.5230730343E+00        2.824E-03        12.852
21           -5.5231100799E+00        2.074E-03        12.974
22           -5.5229922482E+00        1.043E-03        12.588
23           -5.5228880927E+00        4.974E-04        11.755
24           -5.5228449053E+00        2.647E-04        13.673
25           -5.5228436179E+00        1.400E-04        13.327
26           -5.5228511776E+00        6.917E-05        11.497
27           -5.5228488159E+00        4.410E-05        13.236
28           -5.5228437849E+00        2.756E-05        12.419
29           -5.5228420076E+00        1.069E-05        10.843
30           -5.5228416599E+00        7.287E-06        8.716
31           -5.5228413619E+00        3.135E-06        8.856
32           -5.5228414928E+00        1.719E-06        7.956
33           -5.5228417192E+00        8.493E-07        4.060
Total number of SCF: 33    
====================================================================
                    Energy and force calculation                    
====================================================================
Free energy per atom               : -5.5228417770E+00 (Ha/atom)
Total free energy                  : -3.5346187373E+02 (Ha)
Band structure energy              : -9.6373899582E+00 (Ha)
Exchange correlation energy        : -1.9801270373E+02 (Ha)
Self and correction energy         : -5.5183035128E+02 (Ha)
Entropy*kb*T                       : -6.4122092304E-03 (Ha)
Fermi level                        :  1.4458386994E-01 (Ha)
RMS force                          :  2.0252437280E-02 (Ha/Bohr)
Maximum force                      :  2.9638121666E-02 (Ha/Bohr)
Time for force calculation         :  0.946 (sec)
Pressure                           :  4.7168526081E+00 (GPa)
Maximum stress                     :  4.7335030737E+00 (GPa)
Time for stress calculation        :  1.605 (sec)
***************************************************************************
                               Timing info                                 
***************************************************************************
Total walltime                     :  471.743 sec
___________________________________________________________________________

***************************************************************************
*             Material Physics & Mechanics Group, Georgia Tech            *
*                       PI: Phanish Suryanarayana                         *
*               List of contributors: See the documentation               *
*         Citation: See README.md or the documentation for details        *
*  Acknowledgements: U.S. DOE (DE-SC0019410)                              *
*      {Preliminary developments: U.S. NSF (1333500,1663244,1553212)}     *
***************************************************************************
                                                                           
