***************************************************************************
*                       SPARC (version Aug 16, 2022)                      *
*   Copyright (c) 2020 Material Physics & Mechanics Group, Georgia Tech   *
*           Distributed under GNU General Public License 3 (GPL)          *
*                   Start time: Fri Aug 16 15:19:15 2024                  *
***************************************************************************
                           Input parameters                                
***************************************************************************
LATVEC_SCALE: 24.8310012934972 24.8310012934972 24.8310012934972 
LATVEC:
1 0 0 
0 1 0 
0 0 1 
FD_GRID: 62 62 62
FD_ORDER: 12
BC: P P P
KPOINT_GRID: 1 1 1
KPOINT_SHIFT: 0 0 0
SPIN_TYP: 0
ELEC_TEMP_TYPE: Fermi-Dirac
SMEARING: 0.00200001251
EXCHANGE_CORRELATION: GGA_PBE
NSTATES: 158
CHEB_DEGREE: 20
CHEFSI_BOUND_FLAG: 0
CALC_STRESS: 1
MAXIT_SCF: 500
MINIT_SCF: 1
MAXIT_POISSON: 3000
TOL_SCF: 1.00E-06
POISSON_SOLVER: AAR
TOL_POISSON: 1.00E-08
TOL_LANCZOS: 1.00E-02
TOL_PSEUDOCHARGE: 1.00E-08
MIXING_VARIABLE: density
MIXING_PRECOND: kerker
TOL_PRECOND: 1.60E-04
PRECOND_KERKER_KTF: 1
PRECOND_KERKER_THRESH: 0.1
MIXING_PARAMETER: 0.3
MIXING_HISTORY: 7
PULAY_FREQUENCY: 1
PULAY_RESTART: 0
REFERENCE_CUTOFF: 0.5
RHO_TRIGGER: 0
FIX_RAND: 0
VERBOSITY: 1
PRINT_FORCES: 1
PRINT_ATOMS: 1
PRINT_EIGEN: 0
PRINT_DENSITY: 1
PRINT_ENERGY_DENSITY: 1
OUTPUT_FILE: sim
***************************************************************************
                                Cell                                       
***************************************************************************
Lattice vectors (Bohr):
24.831001293497238 0.000000000000000 0.000000000000000 
0.000000000000000 24.831001293497238 0.000000000000000 
0.000000000000000 0.000000000000000 24.831001293497238 
Volume: 1.5310264641E+04 (Bohr^3)
***************************************************************************
                           Parallelization                                 
***************************************************************************
NP_SPIN_PARAL: 1
NP_KPOINT_PARAL: 1
NP_BAND_PARAL: 32
NP_DOMAIN_PARAL: 1 1 1
NP_DOMAIN_PHI_PARAL: 2 4 4
EIG_SERIAL_MAXNS: 10000
***************************************************************************
                             Initialization                                
***************************************************************************
Number of processors               :  32
Mesh spacing                       :  0.4005 (Bohr)
Integration weights                :  0.06424031016
Number of symmetry adapted k-points:  1
Output printed to                  :  sim.out
Total number of atom types         :  1
Total number of atoms              :  64
Total number of electrons          :  256
Atom type 1  (valence electrons)   :  Sn 4
Pseudopotential                    :  /u/home/a/agangan2/SiGeSn_data/psps/Sn.psp8
Pseudocharge radii of atom type 1  :  8.41 8.41 8.41 (x, y, z dir)
Number of atoms of type 1          :  64
Estimated total memory usage       :  1.73 GB
Estimated memory per processor     :  55.46 MB
===================================================================
                    Self Consistent Field (SCF#1)                     
===================================================================
Iteration     Free Energy (Ha/atom)   SCF Error        Timing (sec)
1            -3.3361630333E+00        INF        5.250
2             1.4590521875E+00        4.177E-01        16.135
3            -4.0795502335E+00        1.219E-01        12.300
4            -4.7084042498E+00        1.924E-01        8.657
5            -4.7932064691E+00        2.028E-01        8.903
6            -4.8097567837E+00        2.098E-01        9.372
7            -4.8135573819E+00        2.125E-01        7.040
8            -4.8144454723E+00        2.133E-01        5.881
9            -4.8147270979E+00        2.137E-01        12.042
10           -4.8145552595E+00        2.130E-01        11.594
11           -4.8144546961E+00        2.597E-01        12.512
12           -4.8017318404E+00        2.900E-01        9.568
13           -4.8013697423E+00        3.493E-01        10.651
14           -4.7979019191E+00        6.313E-01        9.308
15           -4.7941323208E+00        5.238E-01        12.212
16           -4.7786581643E+00        2.223E-01        10.831
17           -4.7630819771E+00        6.389E-02        6.823
18           -4.7609202900E+00        3.545E-02        10.601
19           -4.7586992999E+00        1.295E-02        8.340
20           -4.7586881999E+00        8.704E-03        11.412
21           -4.7583620484E+00        2.920E-03        11.310
22           -4.7582517229E+00        2.184E-03        7.248
23           -4.7582340301E+00        9.350E-04        7.906
24           -4.7582636747E+00        4.848E-04        7.690
25           -4.7582615705E+00        3.285E-04        5.606
26           -4.7582523881E+00        1.713E-04        6.855
27           -4.7582499865E+00        9.044E-05        6.264
28           -4.7582434712E+00        3.333E-05        4.940
29           -4.7582431847E+00        2.409E-05        5.595
30           -4.7582439037E+00        1.267E-05        6.081
31           -4.7582436621E+00        8.476E-06        6.006
32           -4.7582435849E+00        4.015E-06        4.797
33           -4.7582435505E+00        2.584E-06        4.565
34           -4.7582435640E+00        9.732E-07        2.982
Total number of SCF: 34    
====================================================================
                    Energy and force calculation                    
====================================================================
Free energy per atom               : -4.7582436614E+00 (Ha/atom)
Total free energy                  : -3.0452759433E+02 (Ha)
Band structure energy              : -1.4442738809E+01 (Ha)
Exchange correlation energy        : -1.5779311872E+02 (Ha)
Self and correction energy         : -4.3884002280E+02 (Ha)
Entropy*kb*T                       : -1.3426366459E-02 (Ha)
Fermi level                        :  1.0811071393E-01 (Ha)
RMS force                          :  4.1057379435E-06 (Ha/Bohr)
Maximum force                      :  8.4007443959E-06 (Ha/Bohr)
Time for force calculation         :  0.467 (sec)
Pressure                           :  2.2729263807E+00 (GPa)
Maximum stress                     :  2.2729265308E+00 (GPa)
Time for stress calculation        :  1.197 (sec)
***************************************************************************
                               Timing info                                 
***************************************************************************
Total walltime                     :  303.943 sec
___________________________________________________________________________

***************************************************************************
*             Material Physics & Mechanics Group, Georgia Tech            *
*                       PI: Phanish Suryanarayana                         *
*               List of contributors: See the documentation               *
*         Citation: See README.md or the documentation for details        *
*  Acknowledgements: U.S. DOE (DE-SC0019410)                              *
*      {Preliminary developments: U.S. NSF (1333500,1663244,1553212)}     *
***************************************************************************
                                                                           
