***************************************************************************
*                       SPARC (version Aug 16, 2022)                      *
*   Copyright (c) 2020 Material Physics & Mechanics Group, Georgia Tech   *
*           Distributed under GNU General Public License 3 (GPL)          *
*                   Start time: Fri Aug 16 15:19:23 2024                  *
***************************************************************************
                           Input parameters                                
***************************************************************************
LATVEC_SCALE: 21.8546826453041 21.8546826453041 21.8546826453041 
LATVEC:
1 0 0 
0 1 0 
0 0 1 
FD_GRID: 55 55 55
FD_ORDER: 12
BC: P P P
KPOINT_GRID: 1 1 1
KPOINT_SHIFT: 0 0 0
SPIN_TYP: 0
ELEC_TEMP_TYPE: Fermi-Dirac
SMEARING: 0.00200001251
EXCHANGE_CORRELATION: GGA_PBE
NSTATES: 158
CHEB_DEGREE: 20
CHEFSI_BOUND_FLAG: 0
CALC_STRESS: 1
MAXIT_SCF: 500
MINIT_SCF: 1
MAXIT_POISSON: 3000
TOL_SCF: 1.00E-06
POISSON_SOLVER: AAR
TOL_POISSON: 1.00E-08
TOL_LANCZOS: 1.00E-02
TOL_PSEUDOCHARGE: 1.00E-08
MIXING_VARIABLE: density
MIXING_PRECOND: kerker
TOL_PRECOND: 1.58E-04
PRECOND_KERKER_KTF: 1
PRECOND_KERKER_THRESH: 0.1
MIXING_PARAMETER: 0.3
MIXING_HISTORY: 7
PULAY_FREQUENCY: 1
PULAY_RESTART: 0
REFERENCE_CUTOFF: 0.5
RHO_TRIGGER: 0
FIX_RAND: 0
VERBOSITY: 1
PRINT_FORCES: 1
PRINT_ATOMS: 1
PRINT_EIGEN: 0
PRINT_DENSITY: 1
PRINT_ENERGY_DENSITY: 1
OUTPUT_FILE: sim
***************************************************************************
                                Cell                                       
***************************************************************************
Lattice vectors (Bohr):
21.854682645304074 0.000000000000000 0.000000000000000 
0.000000000000000 21.854682645304074 0.000000000000000 
0.000000000000000 0.000000000000000 21.854682645304074 
Volume: 1.0438389863E+04 (Bohr^3)
***************************************************************************
                           Parallelization                                 
***************************************************************************
NP_SPIN_PARAL: 1
NP_KPOINT_PARAL: 1
NP_BAND_PARAL: 32
NP_DOMAIN_PARAL: 1 1 1
NP_DOMAIN_PHI_PARAL: 2 4 4
EIG_SERIAL_MAXNS: 10000
***************************************************************************
                             Initialization                                
***************************************************************************
Number of processors               :  32
Mesh spacing                       :  0.397358 (Bohr)
Integration weights                :  0.06274013441
Number of symmetry adapted k-points:  1
Output printed to                  :  sim.out
Total number of atom types         :  2
Total number of atoms              :  64
Total number of electrons          :  256
Atom type 1  (valence electrons)   :  Ge 4
Pseudopotential                    :  /u/home/a/agangan2/SiGeSn_data/psps/Ge-low.psp8
Pseudocharge radii of atom type 1  :  7.95 7.95 7.95 (x, y, z dir)
Number of atoms of type 1          :  56
Atom type 2  (valence electrons)   :  Sn 4
Pseudopotential                    :  /u/home/a/agangan2/SiGeSn_data/psps/Sn.psp8
Pseudocharge radii of atom type 2  :  8.74 8.74 8.74 (x, y, z dir)
Number of atoms of type 2          :  8
Estimated total memory usage       :  1.21 GB
Estimated memory per processor     :  38.71 MB
===================================================================
                    Self Consistent Field (SCF#1)                     
===================================================================
Iteration     Free Energy (Ha/atom)   SCF Error        Timing (sec)
1            -4.6665022789E+00        INF        14.420
2            -9.9304230912E-02        3.390E-01        21.166
3            -5.5502643439E+00        1.551E-01        16.716
4            -6.0886199729E+00        2.144E-01        17.243
5            -6.1547494237E+00        2.242E-01        13.312
6            -6.1664439826E+00        2.297E-01        13.796
7            -6.1686128229E+00        2.311E-01        13.758
8            -6.1686847510E+00        2.307E-01        18.736
9            -6.1627580045E+00        2.262E-01        18.887
10           -6.1461691371E+00        2.870E-01        18.647
11           -6.1375286594E+00        4.156E-01        16.657
12           -6.1357773584E+00        4.336E-01        18.048
13           -6.1367521420E+00        4.755E-01        19.448
14           -6.1244555003E+00        1.156E-01        19.116
15           -6.1114764893E+00        8.143E-02        17.391
16           -6.1070088046E+00        4.950E-02        19.077
17           -6.1041652316E+00        3.639E-02        16.116
18           -6.1021775522E+00        2.742E-02        18.429
19           -6.1004913671E+00        1.051E-02        15.093
20           -6.1008148826E+00        6.974E-03        19.522
21           -6.1005958630E+00        3.089E-03        14.064
22           -6.1004091325E+00        1.313E-03        12.164
23           -6.1004136133E+00        6.715E-04        13.394
24           -6.1004015912E+00        4.439E-04        14.017
25           -6.1003488784E+00        1.491E-04        12.591
26           -6.1003349527E+00        7.952E-05        12.259
27           -6.1003253725E+00        4.951E-05        10.331
28           -6.1003248626E+00        3.244E-05        10.279
29           -6.1003303525E+00        1.162E-05        8.595
30           -6.1003308364E+00        7.623E-06        9.863
31           -6.1003312164E+00        4.190E-06        8.558
32           -6.1003315631E+00        2.624E-06        7.815
33           -6.1003316915E+00        1.058E-06        6.595
34           -6.1003317538E+00        4.906E-07        2.316
Total number of SCF: 34    
====================================================================
                    Energy and force calculation                    
====================================================================
Free energy per atom               : -6.1003317726E+00 (Ha/atom)
Total free energy                  : -3.9042123344E+02 (Ha)
Band structure energy              : -4.8416827186E+00 (Ha)
Exchange correlation energy        : -2.2827631175E+02 (Ha)
Self and correction energy         : -6.3657477940E+02 (Ha)
Entropy*kb*T                       : -1.4797148242E-02 (Ha)
Fermi level                        :  1.8107723587E-01 (Ha)
RMS force                          :  1.2257506129E-02 (Ha/Bohr)
Maximum force                      :  3.6374386137E-02 (Ha/Bohr)
Time for force calculation         :  0.464 (sec)
Pressure                           :  5.5956032140E+00 (GPa)
Maximum stress                     :  5.5974519522E+00 (GPa)
Time for stress calculation        :  0.789 (sec)
***************************************************************************
                               Timing info                                 
***************************************************************************
Total walltime                     :  510.579 sec
___________________________________________________________________________

***************************************************************************
*             Material Physics & Mechanics Group, Georgia Tech            *
*                       PI: Phanish Suryanarayana                         *
*               List of contributors: See the documentation               *
*         Citation: See README.md or the documentation for details        *
*  Acknowledgements: U.S. DOE (DE-SC0019410)                              *
*      {Preliminary developments: U.S. NSF (1333500,1663244,1553212)}     *
***************************************************************************
                                                                           
