***************************************************************************
*                       SPARC (version Aug 16, 2022)                      *
*   Copyright (c) 2020 Material Physics & Mechanics Group, Georgia Tech   *
*           Distributed under GNU General Public License 3 (GPL)          *
*                   Start time: Fri Aug 16 15:19:49 2024                  *
***************************************************************************
                           Input parameters                                
***************************************************************************
LATVEC_SCALE: 21.4200456363616 21.4200456363616 21.4200456363616 
LATVEC:
1 0 0 
0 1 0 
0 0 1 
FD_GRID: 54 54 54
FD_ORDER: 12
BC: P P P
KPOINT_GRID: 1 1 1
KPOINT_SHIFT: 0 0 0
SPIN_TYP: 0
ELEC_TEMP_TYPE: Fermi-Dirac
SMEARING: 0.00200001251
EXCHANGE_CORRELATION: GGA_PBE
NSTATES: 158
CHEB_DEGREE: 20
CHEFSI_BOUND_FLAG: 0
CALC_STRESS: 1
MAXIT_SCF: 500
MINIT_SCF: 1
MAXIT_POISSON: 3000
TOL_SCF: 1.00E-06
POISSON_SOLVER: AAR
TOL_POISSON: 1.00E-08
TOL_LANCZOS: 1.00E-02
TOL_PSEUDOCHARGE: 1.00E-08
MIXING_VARIABLE: density
MIXING_PRECOND: kerker
TOL_PRECOND: 1.57E-04
PRECOND_KERKER_KTF: 1
PRECOND_KERKER_THRESH: 0.1
MIXING_PARAMETER: 0.3
MIXING_HISTORY: 7
PULAY_FREQUENCY: 1
PULAY_RESTART: 0
REFERENCE_CUTOFF: 0.5
RHO_TRIGGER: 0
FIX_RAND: 0
VERBOSITY: 1
PRINT_FORCES: 1
PRINT_ATOMS: 1
PRINT_EIGEN: 0
PRINT_DENSITY: 1
PRINT_ENERGY_DENSITY: 1
OUTPUT_FILE: sim
***************************************************************************
                                Cell                                       
***************************************************************************
Lattice vectors (Bohr):
21.420045636361586 0.000000000000000 0.000000000000000 
0.000000000000000 21.420045636361586 0.000000000000000 
0.000000000000000 0.000000000000000 21.420045636361586 
Volume: 9.8279101043E+03 (Bohr^3)
***************************************************************************
                           Parallelization                                 
***************************************************************************
NP_SPIN_PARAL: 1
NP_KPOINT_PARAL: 1
NP_BAND_PARAL: 32
NP_DOMAIN_PARAL: 1 1 1
NP_DOMAIN_PHI_PARAL: 2 4 4
EIG_SERIAL_MAXNS: 10000
***************************************************************************
                             Initialization                                
***************************************************************************
Number of processors               :  32
Mesh spacing                       :  0.396668 (Bohr)
Integration weights                :  0.06241369522
Number of symmetry adapted k-points:  1
Output printed to                  :  sim.out
Total number of atom types         :  3
Total number of atoms              :  64
Total number of electrons          :  256
Atom type 1  (valence electrons)   :  Si 4
Pseudopotential                    :  /u/home/a/agangan2/SiGeSn_data/psps/14_Si_4_1.9_1.9_pbe_n_v1.0.psp8
Pseudocharge radii of atom type 1  :  7.54 7.54 7.54 (x, y, z dir)
Number of atoms of type 1          :  32
Atom type 2  (valence electrons)   :  Ge 4
Pseudopotential                    :  /u/home/a/agangan2/SiGeSn_data/psps/Ge-low.psp8
Pseudocharge radii of atom type 2  :  7.93 7.93 7.93 (x, y, z dir)
Number of atoms of type 2          :  24
Atom type 3  (valence electrons)   :  Sn 4
Pseudopotential                    :  /u/home/a/agangan2/SiGeSn_data/psps/Sn.psp8
Pseudocharge radii of atom type 3  :  8.73 8.73 8.73 (x, y, z dir)
Number of atoms of type 3          :  8
Estimated total memory usage       :  1.15 GB
Estimated memory per processor     :  36.64 MB
===================================================================
                    Self Consistent Field (SCF#1)                     
===================================================================
Iteration     Free Energy (Ha/atom)   SCF Error        Timing (sec)
1            -3.6600169643E+00        INF        6.086
2             7.9186579112E-01        2.970E-01        9.699
3            -4.4860457958E+00        1.658E-01        8.050
4            -5.0313480723E+00        2.243E-01        7.799
5            -5.1042127732E+00        2.397E-01        6.753
6            -5.1154923860E+00        2.472E-01        5.890
7            -5.1172676673E+00        2.490E-01        6.490
8            -5.1174371780E+00        2.486E-01        7.742
9            -5.1120267521E+00        2.236E-01        8.489
10           -5.0723944047E+00        1.751E-01        8.417
11           -5.0323306117E+00        2.886E-01        8.682
12           -5.0474739956E+00        2.628E-01        7.896
13           -5.0385767425E+00        3.442E-01        8.309
14           -5.0411750163E+00        2.792E-01        8.674
15           -5.0616397376E+00        4.623E-02        7.861
16           -5.0599847464E+00        2.153E-02        7.703
17           -5.0588004794E+00        1.120E-02        7.562
18           -5.0580776376E+00        4.585E-03        6.979
19           -5.0579047039E+00        2.293E-03        7.187
20           -5.0576560191E+00        8.405E-04        6.181
21           -5.0576007412E+00        5.015E-04        6.542
22           -5.0575759751E+00        1.601E-04        5.081
23           -5.0575818827E+00        9.656E-05        5.990
24           -5.0575835295E+00        3.671E-05        5.321
25           -5.0575816653E+00        2.305E-05        5.581
26           -5.0575821408E+00        7.537E-06        4.719
27           -5.0575826051E+00        5.083E-06        4.486
28           -5.0575827775E+00        2.994E-06        4.384
29           -5.0575826795E+00        1.057E-06        4.070
30           -5.0575826179E+00        5.030E-07        2.061
Total number of SCF: 30    
====================================================================
                    Energy and force calculation                    
====================================================================
Free energy per atom               : -5.0575825525E+00 (Ha/atom)
Total free energy                  : -3.2368528336E+02 (Ha)
Band structure energy              : -5.8274855409E+00 (Ha)
Exchange correlation energy        : -1.5816686239E+02 (Ha)
Self and correction energy         : -5.3419975050E+02 (Ha)
Entropy*kb*T                       : -8.3908411893E-04 (Ha)
Fermi level                        :  1.7971096297E-01 (Ha)
RMS force                          :  1.9966787502E-02 (Ha/Bohr)
Maximum force                      :  4.9699663286E-02 (Ha/Bohr)
Time for force calculation         :  0.383 (sec)
Pressure                           :  3.3370284733E+00 (GPa)
Maximum stress                     :  3.3440773749E+00 (GPa)
Time for stress calculation        :  1.048 (sec)
***************************************************************************
                               Timing info                                 
***************************************************************************
Total walltime                     :  211.519 sec
___________________________________________________________________________

***************************************************************************
*             Material Physics & Mechanics Group, Georgia Tech            *
*                       PI: Phanish Suryanarayana                         *
*               List of contributors: See the documentation               *
*         Citation: See README.md or the documentation for details        *
*  Acknowledgements: U.S. DOE (DE-SC0019410)                              *
*      {Preliminary developments: U.S. NSF (1333500,1663244,1553212)}     *
***************************************************************************
                                                                           
