***************************************************************************
*                       SPARC (version Aug 16, 2022)                      *
*   Copyright (c) 2020 Material Physics & Mechanics Group, Georgia Tech   *
*           Distributed under GNU General Public License 3 (GPL)          *
*                   Start time: Fri Aug 16 15:19:51 2024                  *
***************************************************************************
                           Input parameters                                
***************************************************************************
LATVEC_SCALE: 22.2704223929882 22.2704223929882 22.2704223929882 
LATVEC:
1 0 0 
0 1 0 
0 0 1 
FD_GRID: 56 56 56
FD_ORDER: 12
BC: P P P
KPOINT_GRID: 1 1 1
KPOINT_SHIFT: 0 0 0
SPIN_TYP: 0
ELEC_TEMP_TYPE: Fermi-Dirac
SMEARING: 0.00200001251
EXCHANGE_CORRELATION: GGA_PBE
NSTATES: 158
CHEB_DEGREE: 20
CHEFSI_BOUND_FLAG: 0
CALC_STRESS: 1
MAXIT_SCF: 500
MINIT_SCF: 1
MAXIT_POISSON: 3000
TOL_SCF: 1.00E-06
POISSON_SOLVER: AAR
TOL_POISSON: 1.00E-08
TOL_LANCZOS: 1.00E-02
TOL_PSEUDOCHARGE: 1.00E-08
MIXING_VARIABLE: density
MIXING_PRECOND: kerker
TOL_PRECOND: 1.58E-04
PRECOND_KERKER_KTF: 1
PRECOND_KERKER_THRESH: 0.1
MIXING_PARAMETER: 0.3
MIXING_HISTORY: 7
PULAY_FREQUENCY: 1
PULAY_RESTART: 0
REFERENCE_CUTOFF: 0.5
RHO_TRIGGER: 0
FIX_RAND: 0
VERBOSITY: 1
PRINT_FORCES: 1
PRINT_ATOMS: 1
PRINT_EIGEN: 0
PRINT_DENSITY: 1
PRINT_ENERGY_DENSITY: 1
OUTPUT_FILE: sim
***************************************************************************
                                Cell                                       
***************************************************************************
Lattice vectors (Bohr):
22.270422392988202 0.000000000000000 0.000000000000000 
0.000000000000000 22.270422392988202 0.000000000000000 
0.000000000000000 0.000000000000000 22.270422392988202 
Volume: 1.1045499556E+04 (Bohr^3)
***************************************************************************
                           Parallelization                                 
***************************************************************************
NP_SPIN_PARAL: 1
NP_KPOINT_PARAL: 1
NP_BAND_PARAL: 32
NP_DOMAIN_PARAL: 1 1 1
NP_DOMAIN_PHI_PARAL: 2 4 4
EIG_SERIAL_MAXNS: 10000
***************************************************************************
                             Initialization                                
***************************************************************************
Number of processors               :  32
Mesh spacing                       :  0.397686 (Bohr)
Integration weights                :  0.06289574729
Number of symmetry adapted k-points:  1
Output printed to                  :  sim.out
Total number of atom types         :  3
Total number of atoms              :  64
Total number of electrons          :  256
Atom type 1  (valence electrons)   :  Si 4
Pseudopotential                    :  /u/home/a/agangan2/SiGeSn_data/psps/14_Si_4_1.9_1.9_pbe_n_v1.0.psp8
Pseudocharge radii of atom type 1  :  7.95 7.95 7.95 (x, y, z dir)
Number of atoms of type 1          :  32
Atom type 2  (valence electrons)   :  Ge 4
Pseudopotential                    :  /u/home/a/agangan2/SiGeSn_data/psps/Ge-low.psp8
Pseudocharge radii of atom type 2  :  7.95 7.95 7.95 (x, y, z dir)
Number of atoms of type 2          :  8
Atom type 3  (valence electrons)   :  Sn 4
Pseudopotential                    :  /u/home/a/agangan2/SiGeSn_data/psps/Sn.psp8
Pseudocharge radii of atom type 3  :  8.35 8.35 8.35 (x, y, z dir)
Number of atoms of type 3          :  24
Estimated total memory usage       :  1.28 GB
Estimated memory per processor     :  40.87 MB
===================================================================
                    Self Consistent Field (SCF#1)                     
===================================================================
Iteration     Free Energy (Ha/atom)   SCF Error        Timing (sec)
1            -3.2746724119E+00        INF        15.692
2             1.2577094850E+00        3.205E-01        27.446
3            -4.0646982158E+00        1.660E-01        20.287
4            -4.6312464487E+00        2.179E-01        19.615
5            -4.7075242378E+00        2.313E-01        14.141
6            -4.7215320428E+00        2.397E-01        16.914
7            -4.7235975903E+00        2.397E-01        19.656
8            -4.7181292401E+00        2.175E-01        22.067
9            -4.6863736657E+00        1.480E-01        20.935
10           -4.6837493687E+00        1.243E-01        20.995
11           -4.6766577021E+00        1.109E-01        19.892
12           -4.6800273496E+00        1.084E-01        19.510
13           -4.6799075945E+00        1.097E-01        20.217
14           -4.6741232762E+00        9.449E-02        21.681
15           -4.6707740502E+00        3.363E-02        19.762
16           -4.6687689628E+00        1.332E-02        20.017
17           -4.6685369843E+00        4.148E-03        16.648
18           -4.6685728894E+00        2.896E-03        17.740
19           -4.6684521159E+00        1.061E-03        16.455
20           -4.6684966906E+00        6.706E-04        17.353
21           -4.6685293478E+00        3.002E-04        15.799
22           -4.6685181411E+00        2.118E-04        15.826
23           -4.6684934279E+00        7.720E-05        12.803
24           -4.6684918391E+00        5.434E-05        13.794
25           -4.6684900686E+00        2.289E-05        5.104
26           -4.6684886627E+00        1.434E-05        5.044
27           -4.6684877862E+00        7.246E-06        4.849
28           -4.6684880483E+00        4.093E-06        4.321
29           -4.6684884372E+00        2.142E-06        4.584
30           -4.6684885288E+00        8.279E-07        1.992
Total number of SCF: 30    
====================================================================
                    Energy and force calculation                    
====================================================================
Free energy per atom               : -4.6684885492E+00 (Ha/atom)
Total free energy                  : -2.9878326715E+02 (Ha)
Band structure energy              : -8.6660809543E+00 (Ha)
Exchange correlation energy        : -1.3799811461E+02 (Ha)
Self and correction energy         : -4.7770953995E+02 (Ha)
Entropy*kb*T                       : -4.0907633663E-03 (Ha)
Fermi level                        :  1.5633651444E-01 (Ha)
RMS force                          :  3.0120431780E-02 (Ha/Bohr)
Maximum force                      :  4.8224579165E-02 (Ha/Bohr)
Time for force calculation         :  0.627 (sec)
Pressure                           :  3.7504168448E+00 (GPa)
Maximum stress                     :  3.7655496958E+00 (GPa)
Time for stress calculation        :  1.157 (sec)
***************************************************************************
                               Timing info                                 
***************************************************************************
Total walltime                     :  495.999 sec
___________________________________________________________________________

***************************************************************************
*             Material Physics & Mechanics Group, Georgia Tech            *
*                       PI: Phanish Suryanarayana                         *
*               List of contributors: See the documentation               *
*         Citation: See README.md or the documentation for details        *
*  Acknowledgements: U.S. DOE (DE-SC0019410)                              *
*      {Preliminary developments: U.S. NSF (1333500,1663244,1553212)}     *
***************************************************************************
                                                                           
