***************************************************************************
*                       SPARC (version Aug 16, 2022)                      *
*   Copyright (c) 2020 Material Physics & Mechanics Group, Georgia Tech   *
*           Distributed under GNU General Public License 3 (GPL)          *
*                   Start time: Fri Aug 16 15:19:49 2024                  *
***************************************************************************
                           Input parameters                                
***************************************************************************
LATVEC_SCALE: 21.9538932669105 21.9538932669105 21.9538932669105 
LATVEC:
1 0 0 
0 1 0 
0 0 1 
FD_GRID: 55 55 55
FD_ORDER: 12
BC: P P P
KPOINT_GRID: 1 1 1
KPOINT_SHIFT: 0 0 0
SPIN_TYP: 0
ELEC_TEMP_TYPE: Fermi-Dirac
SMEARING: 0.00200001251
EXCHANGE_CORRELATION: GGA_PBE
NSTATES: 158
CHEB_DEGREE: 20
CHEFSI_BOUND_FLAG: 0
CALC_STRESS: 1
MAXIT_SCF: 500
MINIT_SCF: 1
MAXIT_POISSON: 3000
TOL_SCF: 1.00E-06
POISSON_SOLVER: AAR
TOL_POISSON: 1.00E-08
TOL_LANCZOS: 1.00E-02
TOL_PSEUDOCHARGE: 1.00E-08
MIXING_VARIABLE: density
MIXING_PRECOND: kerker
TOL_PRECOND: 1.59E-04
PRECOND_KERKER_KTF: 1
PRECOND_KERKER_THRESH: 0.1
MIXING_PARAMETER: 0.3
MIXING_HISTORY: 7
PULAY_FREQUENCY: 1
PULAY_RESTART: 0
REFERENCE_CUTOFF: 0.5
RHO_TRIGGER: 0
FIX_RAND: 0
VERBOSITY: 1
PRINT_FORCES: 1
PRINT_ATOMS: 1
PRINT_EIGEN: 0
PRINT_DENSITY: 1
PRINT_ENERGY_DENSITY: 1
OUTPUT_FILE: sim
***************************************************************************
                                Cell                                       
***************************************************************************
Lattice vectors (Bohr):
21.953893266910516 0.000000000000000 0.000000000000000 
0.000000000000000 21.953893266910516 0.000000000000000 
0.000000000000000 0.000000000000000 21.953893266910516 
Volume: 1.0581193230E+04 (Bohr^3)
***************************************************************************
                           Parallelization                                 
***************************************************************************
NP_SPIN_PARAL: 1
NP_KPOINT_PARAL: 1
NP_BAND_PARAL: 32
NP_DOMAIN_PARAL: 1 1 1
NP_DOMAIN_PHI_PARAL: 2 4 4
EIG_SERIAL_MAXNS: 10000
***************************************************************************
                             Initialization                                
***************************************************************************
Number of processors               :  32
Mesh spacing                       :  0.399162 (Bohr)
Integration weights                :  0.06359845668
Number of symmetry adapted k-points:  1
Output printed to                  :  sim.out
Total number of atom types         :  3
Total number of atoms              :  64
Total number of electrons          :  256
Atom type 1  (valence electrons)   :  Si 4
Pseudopotential                    :  /u/home/a/agangan2/SiGeSn_data/psps/14_Si_4_1.9_1.9_pbe_n_v1.0.psp8
Pseudocharge radii of atom type 1  :  7.98 7.98 7.98 (x, y, z dir)
Number of atoms of type 1          :  24
Atom type 2  (valence electrons)   :  Ge 4
Pseudopotential                    :  /u/home/a/agangan2/SiGeSn_data/psps/Ge-low.psp8
Pseudocharge radii of atom type 2  :  8.38 8.38 8.38 (x, y, z dir)
Number of atoms of type 2          :  24
Atom type 3  (valence electrons)   :  Sn 4
Pseudopotential                    :  /u/home/a/agangan2/SiGeSn_data/psps/Sn.psp8
Pseudocharge radii of atom type 3  :  8.38 8.38 8.38 (x, y, z dir)
Number of atoms of type 3          :  16
Estimated total memory usage       :  1.21 GB
Estimated memory per processor     :  38.71 MB
===================================================================
                    Self Consistent Field (SCF#1)                     
===================================================================
Iteration     Free Energy (Ha/atom)   SCF Error        Timing (sec)
1            -3.7179778157E+00        INF        17.115
2             7.4016666480E-01        3.183E-01        27.417
3            -4.5639220024E+00        1.658E-01        23.185
4            -5.0993121245E+00        2.196E-01        22.306
5            -5.1687541270E+00        2.322E-01        18.476
6            -5.1808769023E+00        2.393E-01        19.024
7            -5.1831510078E+00        2.409E-01        21.233
8            -5.1831439626E+00        2.398E-01        24.191
9            -5.1681446580E+00        1.988E-01        24.294
10           -5.1435308471E+00        1.874E-01        24.613
11           -5.1331766210E+00        1.876E-01        24.718
12           -5.1397426554E+00        1.853E-01        22.991
13           -5.1399907129E+00        2.023E-01        25.899
14           -5.1338261677E+00        1.074E-01        24.523
15           -5.1293439818E+00        4.034E-02        23.338
16           -5.1255100492E+00        2.029E-02        22.506
17           -5.1242874264E+00        6.381E-03        20.033
18           -5.1239386432E+00        3.863E-03        21.713
19           -5.1237100969E+00        1.120E-03        18.840
20           -5.1236443453E+00        7.099E-04        19.211
21           -5.1235764229E+00        1.942E-04        17.519
22           -5.1235782050E+00        1.273E-04        18.832
23           -5.1235799818E+00        3.677E-05        15.414
24           -5.1235797761E+00        2.666E-05        16.001
25           -5.1235814952E+00        7.836E-06        12.714
26           -5.1235816114E+00        5.922E-06        14.402
27           -5.1235820218E+00        1.684E-06        11.053
28           -5.1235819864E+00        1.108E-06        11.429
29           -5.1235819344E+00        6.738E-07        5.328
Total number of SCF: 29    
====================================================================
                    Energy and force calculation                    
====================================================================
Free energy per atom               : -5.1235819685E+00 (Ha/atom)
Total free energy                  : -3.2790924598E+02 (Ha)
Band structure energy              : -7.0334022946E+00 (Ha)
Exchange correlation energy        : -1.6559083383E+02 (Ha)
Self and correction energy         : -5.3154871721E+02 (Ha)
Entropy*kb*T                       : -5.7868746108E-03 (Ha)
Fermi level                        :  1.6793289924E-01 (Ha)
RMS force                          :  2.4537013742E-02 (Ha/Bohr)
Maximum force                      :  5.0201109171E-02 (Ha/Bohr)
Time for force calculation         :  1.147 (sec)
Pressure                           :  3.7184593930E+00 (GPa)
Maximum stress                     :  3.7389066492E+00 (GPa)
Time for stress calculation        :  2.107 (sec)
***************************************************************************
                               Timing info                                 
***************************************************************************
Total walltime                     :  598.231 sec
___________________________________________________________________________

***************************************************************************
*             Material Physics & Mechanics Group, Georgia Tech            *
*                       PI: Phanish Suryanarayana                         *
*               List of contributors: See the documentation               *
*         Citation: See README.md or the documentation for details        *
*  Acknowledgements: U.S. DOE (DE-SC0019410)                              *
*      {Preliminary developments: U.S. NSF (1333500,1663244,1553212)}     *
***************************************************************************
                                                                           
