***************************************************************************
*                       SPARC (version Aug 16, 2022)                      *
*   Copyright (c) 2020 Material Physics & Mechanics Group, Georgia Tech   *
*           Distributed under GNU General Public License 3 (GPL)          *
*                   Start time: Fri Aug 16 15:19:28 2024                  *
***************************************************************************
                           Input parameters                                
***************************************************************************
LATVEC_SCALE: 22.5964001496951 22.5964001496951 22.5964001496951 
LATVEC:
1 0 0 
0 1 0 
0 0 1 
FD_GRID: 56 56 56
FD_ORDER: 12
BC: P P P
KPOINT_GRID: 1 1 1
KPOINT_SHIFT: 0 0 0
SPIN_TYP: 0
ELEC_TEMP_TYPE: Fermi-Dirac
SMEARING: 0.00200001251
EXCHANGE_CORRELATION: GGA_PBE
NSTATES: 158
CHEB_DEGREE: 20
CHEFSI_BOUND_FLAG: 0
CALC_STRESS: 1
MAXIT_SCF: 500
MINIT_SCF: 1
MAXIT_POISSON: 3000
TOL_SCF: 1.00E-06
POISSON_SOLVER: AAR
TOL_POISSON: 1.00E-08
TOL_LANCZOS: 1.00E-02
TOL_PSEUDOCHARGE: 1.00E-08
MIXING_VARIABLE: density
MIXING_PRECOND: kerker
TOL_PRECOND: 1.63E-04
PRECOND_KERKER_KTF: 1
PRECOND_KERKER_THRESH: 0.1
MIXING_PARAMETER: 0.3
MIXING_HISTORY: 7
PULAY_FREQUENCY: 1
PULAY_RESTART: 0
REFERENCE_CUTOFF: 0.5
RHO_TRIGGER: 0
FIX_RAND: 0
VERBOSITY: 1
PRINT_FORCES: 1
PRINT_ATOMS: 1
PRINT_EIGEN: 0
PRINT_DENSITY: 1
PRINT_ENERGY_DENSITY: 1
OUTPUT_FILE: sim
***************************************************************************
                                Cell                                       
***************************************************************************
Lattice vectors (Bohr):
22.596400149695068 0.000000000000000 0.000000000000000 
0.000000000000000 22.596400149695068 0.000000000000000 
0.000000000000000 0.000000000000000 22.596400149695068 
Volume: 1.1537660900E+04 (Bohr^3)
***************************************************************************
                           Parallelization                                 
***************************************************************************
NP_SPIN_PARAL: 1
NP_KPOINT_PARAL: 1
NP_BAND_PARAL: 32
NP_DOMAIN_PARAL: 1 1 1
NP_DOMAIN_PHI_PARAL: 2 4 4
EIG_SERIAL_MAXNS: 10000
***************************************************************************
                             Initialization                                
***************************************************************************
Number of processors               :  32
Mesh spacing                       :  0.403507 (Bohr)
Integration weights                :  0.06569823308
Number of symmetry adapted k-points:  1
Output printed to                  :  sim.out
Total number of atom types         :  3
Total number of atoms              :  64
Total number of electrons          :  256
Atom type 1  (valence electrons)   :  Si 4
Pseudopotential                    :  /u/home/a/agangan2/SiGeSn_data/psps/14_Si_4_1.9_1.9_pbe_n_v1.0.psp8
Pseudocharge radii of atom type 1  :  8.07 8.07 8.07 (x, y, z dir)
Number of atoms of type 1          :  8
Atom type 2  (valence electrons)   :  Ge 4
Pseudopotential                    :  /u/home/a/agangan2/SiGeSn_data/psps/Ge-low.psp8
Pseudocharge radii of atom type 2  :  8.47 8.47 8.47 (x, y, z dir)
Number of atoms of type 2          :  32
Atom type 3  (valence electrons)   :  Sn 4
Pseudopotential                    :  /u/home/a/agangan2/SiGeSn_data/psps/Sn.psp8
Pseudocharge radii of atom type 3  :  8.47 8.47 8.47 (x, y, z dir)
Number of atoms of type 3          :  24
Estimated total memory usage       :  1.28 GB
Estimated memory per processor     :  40.87 MB
===================================================================
                    Self Consistent Field (SCF#1)                     
===================================================================
Iteration     Free Energy (Ha/atom)   SCF Error        Timing (sec)
1            -4.0268163071E+00        INF        4.886
2             3.9982276662E-01        3.503E-01        9.045
3            -4.8869897178E+00        1.568E-01        6.786
4            -5.4333799331E+00        2.151E-01        6.422
5            -5.5017051361E+00        2.230E-01        4.974
6            -5.5144929819E+00        2.287E-01        5.688
7            -5.5170156011E+00        2.303E-01        5.987
8            -5.5174157824E+00        2.304E-01        6.633
9            -5.5163498513E+00        2.282E-01        7.446
10           -5.4991625341E+00        2.858E-01        7.354
11           -5.4854495913E+00        4.075E-01        7.028
12           -5.4817577257E+00        4.315E-01        7.088
13           -5.4804730044E+00        4.300E-01        7.764
14           -5.4912571749E+00        1.552E-01        7.476
15           -5.4656820298E+00        7.091E-02        6.662
16           -5.4620773843E+00        4.722E-02        7.122
17           -5.4578141951E+00        1.698E-02        6.288
18           -5.4549765828E+00        1.277E-02        5.755
19           -5.4548298615E+00        6.560E-03        5.040
20           -5.4544974132E+00        3.729E-03        5.898
21           -5.4543585084E+00        1.419E-03        5.060
22           -5.4542768987E+00        9.818E-04        5.112
23           -5.4542602760E+00        3.345E-04        4.781
24           -5.4542658861E+00        1.784E-04        1.896
25           -5.4542604339E+00        9.913E-05        4.760
26           -5.4542600099E+00        4.730E-05        4.411
27           -5.4542629450E+00        2.353E-05        4.204
28           -5.4542621085E+00        1.560E-05        4.415
29           -5.4542599334E+00        7.155E-06        3.970
30           -5.4542599813E+00        3.728E-06        2.833
31           -5.4542601128E+00        2.683E-06        3.834
32           -5.4542604126E+00        1.105E-06        2.952
33           -5.4542604067E+00        7.621E-07        1.570
Total number of SCF: 33    
====================================================================
                    Energy and force calculation                    
====================================================================
Free energy per atom               : -5.4542604174E+00 (Ha/atom)
Total free energy                  : -3.4907266672E+02 (Ha)
Band structure energy              : -8.3372922594E+00 (Ha)
Exchange correlation energy        : -1.9050055225E+02 (Ha)
Self and correction energy         : -5.5449432172E+02 (Ha)
Entropy*kb*T                       : -1.3399674291E-02 (Ha)
Fermi level                        :  1.5647535214E-01 (Ha)
RMS force                          :  2.3487490262E-02 (Ha/Bohr)
Maximum force                      :  3.9662853002E-02 (Ha/Bohr)
Time for force calculation         :  0.339 (sec)
Pressure                           :  4.7601101037E+00 (GPa)
Maximum stress                     :  4.7666867404E+00 (GPa)
Time for stress calculation        :  0.831 (sec)
***************************************************************************
                               Timing info                                 
***************************************************************************
Total walltime                     :  190.323 sec
___________________________________________________________________________

***************************************************************************
*             Material Physics & Mechanics Group, Georgia Tech            *
*                       PI: Phanish Suryanarayana                         *
*               List of contributors: See the documentation               *
*         Citation: See README.md or the documentation for details        *
*  Acknowledgements: U.S. DOE (DE-SC0019410)                              *
*      {Preliminary developments: U.S. NSF (1333500,1663244,1553212)}     *
***************************************************************************
                                                                           
