***************************************************************************
*                       SPARC (version Aug 16, 2022)                      *
*   Copyright (c) 2020 Material Physics & Mechanics Group, Georgia Tech   *
*           Distributed under GNU General Public License 3 (GPL)          *
*                   Start time: Fri Aug 16 15:19:30 2024                  *
***************************************************************************
                           Input parameters                                
***************************************************************************
LATVEC_SCALE: 23.0215885280084 23.0215885280084 23.0215885280084 
LATVEC:
1 0 0 
0 1 0 
0 0 1 
FD_GRID: 58 58 58
FD_ORDER: 12
BC: P P P
KPOINT_GRID: 1 1 1
KPOINT_SHIFT: 0 0 0
SPIN_TYP: 0
ELEC_TEMP_TYPE: Fermi-Dirac
SMEARING: 0.00200001251
EXCHANGE_CORRELATION: GGA_PBE
NSTATES: 158
CHEB_DEGREE: 20
CHEFSI_BOUND_FLAG: 0
CALC_STRESS: 1
MAXIT_SCF: 500
MINIT_SCF: 1
MAXIT_POISSON: 3000
TOL_SCF: 1.00E-06
POISSON_SOLVER: AAR
TOL_POISSON: 1.00E-08
TOL_LANCZOS: 1.00E-02
TOL_PSEUDOCHARGE: 1.00E-08
MIXING_VARIABLE: density
MIXING_PRECOND: kerker
TOL_PRECOND: 1.58E-04
PRECOND_KERKER_KTF: 1
PRECOND_KERKER_THRESH: 0.1
MIXING_PARAMETER: 0.3
MIXING_HISTORY: 7
PULAY_FREQUENCY: 1
PULAY_RESTART: 0
REFERENCE_CUTOFF: 0.5
RHO_TRIGGER: 0
FIX_RAND: 0
VERBOSITY: 1
PRINT_FORCES: 1
PRINT_ATOMS: 1
PRINT_EIGEN: 0
PRINT_DENSITY: 1
PRINT_ENERGY_DENSITY: 1
OUTPUT_FILE: sim
***************************************************************************
                                Cell                                       
***************************************************************************
Lattice vectors (Bohr):
23.021588528008380 0.000000000000000 0.000000000000000 
0.000000000000000 23.021588528008380 0.000000000000000 
0.000000000000000 0.000000000000000 23.021588528008380 
Volume: 1.2201293162E+04 (Bohr^3)
***************************************************************************
                           Parallelization                                 
***************************************************************************
NP_SPIN_PARAL: 1
NP_KPOINT_PARAL: 1
NP_BAND_PARAL: 32
NP_DOMAIN_PARAL: 1 1 1
NP_DOMAIN_PHI_PARAL: 2 4 4
EIG_SERIAL_MAXNS: 10000
***************************************************************************
                             Initialization                                
***************************************************************************
Number of processors               :  32
Mesh spacing                       :  0.396924 (Bohr)
Integration weights                :  0.06253481673
Number of symmetry adapted k-points:  1
Output printed to                  :  sim.out
Total number of atom types         :  3
Total number of atoms              :  64
Total number of electrons          :  256
Atom type 1  (valence electrons)   :  Si 4
Pseudopotential                    :  /u/home/a/agangan2/SiGeSn_data/psps/14_Si_4_1.9_1.9_pbe_n_v1.0.psp8
Pseudocharge radii of atom type 1  :  7.54 7.54 7.54 (x, y, z dir)
Number of atoms of type 1          :  8
Atom type 2  (valence electrons)   :  Ge 4
Pseudopotential                    :  /u/home/a/agangan2/SiGeSn_data/psps/Ge-low.psp8
Pseudocharge radii of atom type 2  :  7.94 7.94 7.94 (x, y, z dir)
Number of atoms of type 2          :  24
Atom type 3  (valence electrons)   :  Sn 4
Pseudopotential                    :  /u/home/a/agangan2/SiGeSn_data/psps/Sn.psp8
Pseudocharge radii of atom type 3  :  8.73 8.73 8.73 (x, y, z dir)
Number of atoms of type 3          :  32
Estimated total memory usage       :  1.42 GB
Estimated memory per processor     :  45.40 MB
===================================================================
                    Self Consistent Field (SCF#1)                     
===================================================================
Iteration     Free Energy (Ha/atom)   SCF Error        Timing (sec)
1            -3.8357317394E+00        INF        15.287
2             8.5785719725E-01        3.711E-01        20.729
3            -4.6495803524E+00        1.507E-01        16.552
4            -5.2320294930E+00        2.151E-01        17.515
5            -5.3062017326E+00        2.235E-01        16.519
6            -5.3204914540E+00        2.293E-01        15.597
7            -5.3235006387E+00        2.311E-01        18.206
8            -5.3239792126E+00        2.313E-01        20.369
9            -5.3226113596E+00        2.331E-01        20.935
10           -5.3209389239E+00        2.996E-01        22.680
11           -5.3266799371E+00        4.753E-01        21.622
12           -5.3238170285E+00        5.724E-01        21.233
13           -5.3055659919E+00        4.500E-01        22.664
14           -5.2676069329E+00        8.430E-02        19.274
15           -5.2687035615E+00        6.885E-02        18.602
16           -5.2674729602E+00        3.767E-02        16.295
17           -5.2628393436E+00        2.078E-02        15.383
18           -5.2614255778E+00        1.074E-02        13.594
19           -5.2610340764E+00        5.124E-03        16.945
20           -5.2608103333E+00        3.290E-03        16.624
21           -5.2607090590E+00        1.260E-03        13.346
22           -5.2608276219E+00        8.413E-04        17.625
23           -5.2608033765E+00        3.007E-04        14.229
24           -5.2607901706E+00        1.895E-04        13.100
25           -5.2607902789E+00        8.372E-05        11.200
26           -5.2607897264E+00        5.508E-05        11.581
27           -5.2607870710E+00        2.492E-05        9.738
28           -5.2607867276E+00        1.661E-05        10.093
29           -5.2607855706E+00        7.304E-06        9.864
30           -5.2607850873E+00        4.300E-06        8.242
31           -5.2607850177E+00        2.564E-06        9.388
32           -5.2607852424E+00        1.208E-06        7.516
33           -5.2607852777E+00        8.347E-07        3.242
Total number of SCF: 33    
====================================================================
                    Energy and force calculation                    
====================================================================
Free energy per atom               : -5.2607854488E+00 (Ha/atom)
Total free energy                  : -3.3669026873E+02 (Ha)
Band structure energy              : -9.6134541428E+00 (Ha)
Exchange correlation energy        : -1.8049073192E+02 (Ha)
Self and correction energy         : -5.2623473024E+02 (Ha)
Entropy*kb*T                       : -1.4790626631E-02 (Ha)
Fermi level                        :  1.4654745664E-01 (Ha)
RMS force                          :  2.1482084316E-02 (Ha/Bohr)
Maximum force                      :  3.7699487165E-02 (Ha/Bohr)
Time for force calculation         :  0.560 (sec)
Pressure                           :  4.5241330469E+00 (GPa)
Maximum stress                     :  4.5308458367E+00 (GPa)
Time for stress calculation        :  1.293 (sec)
***************************************************************************
                               Timing info                                 
***************************************************************************
Total walltime                     :  531.180 sec
___________________________________________________________________________

***************************************************************************
*             Material Physics & Mechanics Group, Georgia Tech            *
*                       PI: Phanish Suryanarayana                         *
*               List of contributors: See the documentation               *
*         Citation: See README.md or the documentation for details        *
*  Acknowledgements: U.S. DOE (DE-SC0019410)                              *
*      {Preliminary developments: U.S. NSF (1333500,1663244,1553212)}     *
***************************************************************************
                                                                           
