***************************************************************************
*                       SPARC (version Aug 16, 2022)                      *
*   Copyright (c) 2020 Material Physics & Mechanics Group, Georgia Tech   *
*           Distributed under GNU General Public License 3 (GPL)          *
*                   Start time: Fri Aug 16 15:19:37 2024                  *
***************************************************************************
                           Input parameters                                
***************************************************************************
LATVEC_SCALE: 22.0625525191461 22.0625525191461 22.0625525191461 
LATVEC:
1 0 0 
0 1 0 
0 0 1 
FD_GRID: 55 55 55
FD_ORDER: 12
BC: P P P
KPOINT_GRID: 1 1 1
KPOINT_SHIFT: 0 0 0
SPIN_TYP: 0
ELEC_TEMP_TYPE: Fermi-Dirac
SMEARING: 0.00200001251
EXCHANGE_CORRELATION: GGA_PBE
NSTATES: 158
CHEB_DEGREE: 20
CHEFSI_BOUND_FLAG: 0
CALC_STRESS: 1
MAXIT_SCF: 500
MINIT_SCF: 1
MAXIT_POISSON: 3000
TOL_SCF: 1.00E-06
POISSON_SOLVER: AAR
TOL_POISSON: 1.00E-08
TOL_LANCZOS: 1.00E-02
TOL_PSEUDOCHARGE: 1.00E-08
MIXING_VARIABLE: density
MIXING_PRECOND: kerker
TOL_PRECOND: 1.61E-04
PRECOND_KERKER_KTF: 1
PRECOND_KERKER_THRESH: 0.1
MIXING_PARAMETER: 0.3
MIXING_HISTORY: 7
PULAY_FREQUENCY: 1
PULAY_RESTART: 0
REFERENCE_CUTOFF: 0.5
RHO_TRIGGER: 0
FIX_RAND: 0
VERBOSITY: 1
PRINT_FORCES: 1
PRINT_ATOMS: 1
PRINT_EIGEN: 0
PRINT_DENSITY: 1
PRINT_ENERGY_DENSITY: 1
OUTPUT_FILE: sim
***************************************************************************
                                Cell                                       
***************************************************************************
Lattice vectors (Bohr):
22.062552519146141 0.000000000000000 0.000000000000000 
0.000000000000000 22.062552519146141 0.000000000000000 
0.000000000000000 0.000000000000000 22.062552519146141 
Volume: 1.0739084749E+04 (Bohr^3)
***************************************************************************
                           Parallelization                                 
***************************************************************************
NP_SPIN_PARAL: 1
NP_KPOINT_PARAL: 1
NP_BAND_PARAL: 32
NP_DOMAIN_PARAL: 1 1 1
NP_DOMAIN_PHI_PARAL: 2 4 4
EIG_SERIAL_MAXNS: 10000
***************************************************************************
                             Initialization                                
***************************************************************************
Number of processors               :  32
Mesh spacing                       :  0.401137 (Bohr)
Integration weights                :  0.06454746656
Number of symmetry adapted k-points:  1
Output printed to                  :  sim.out
Total number of atom types         :  3
Total number of atoms              :  64
Total number of electrons          :  256
Atom type 1  (valence electrons)   :  Si 4
Pseudopotential                    :  /u/home/a/agangan2/SiGeSn_data/psps/14_Si_4_1.9_1.9_pbe_n_v1.0.psp8
Pseudocharge radii of atom type 1  :  8.02 8.02 8.02 (x, y, z dir)
Number of atoms of type 1          :  16
Atom type 2  (valence electrons)   :  Ge 4
Pseudopotential                    :  /u/home/a/agangan2/SiGeSn_data/psps/Ge-low.psp8
Pseudocharge radii of atom type 2  :  8.42 8.42 8.42 (x, y, z dir)
Number of atoms of type 2          :  32
Atom type 3  (valence electrons)   :  Sn 4
Pseudopotential                    :  /u/home/a/agangan2/SiGeSn_data/psps/Sn.psp8
Pseudocharge radii of atom type 3  :  8.42 8.42 8.42 (x, y, z dir)
Number of atoms of type 3          :  16
Estimated total memory usage       :  1.21 GB
Estimated memory per processor     :  38.71 MB
===================================================================
                    Self Consistent Field (SCF#1)                     
===================================================================
Iteration     Free Energy (Ha/atom)   SCF Error        Timing (sec)
1            -3.9692250380E+00        INF        1.878
2             4.5705890558E-01        3.281E-01        6.442
3            -4.8369299533E+00        1.630E-01        2.779
4            -5.3658299109E+00        2.171E-01        2.228
5            -5.4323306373E+00        2.280E-01        1.930
6            -5.4443304278E+00        2.350E-01        6.114
7            -5.4462485316E+00        2.361E-01        3.237
8            -5.4458010143E+00        2.336E-01        2.250
9            -5.4178773734E+00        1.598E-01        1.396
10           -5.3985564986E+00        1.455E-01        1.486
11           -5.3878986823E+00        1.228E-01        8.817
12           -5.3928842011E+00        1.173E-01        10.294
13           -5.3928049606E+00        1.133E-01        0.874
14           -5.3883119958E+00        1.087E-01        12.244
15           -5.3861708127E+00        7.369E-02        8.784
16           -5.3859921923E+00        2.285E-02        11.925
17           -5.3846827489E+00        9.098E-03        2.595
18           -5.3849377969E+00        4.886E-03        3.513
19           -5.3843551460E+00        1.641E-03        1.016
20           -5.3842510714E+00        1.188E-03        1.290
21           -5.3842316265E+00        3.739E-04        1.549
22           -5.3842406076E+00        2.369E-04        1.160
23           -5.3842362826E+00        9.062E-05        1.258
24           -5.3842361395E+00        4.802E-05        0.963
25           -5.3842376033E+00        2.295E-05        1.316
26           -5.3842384911E+00        1.046E-05        0.848
27           -5.3842382433E+00        7.333E-06        0.958
28           -5.3842380003E+00        3.892E-06        0.879
29           -5.3842384048E+00        2.189E-06        0.957
30           -5.3842388187E+00        7.269E-07        0.893
Total number of SCF: 30    
====================================================================
                    Energy and force calculation                    
====================================================================
Free energy per atom               : -5.3842389237E+00 (Ha/atom)
Total free energy                  : -3.4459129112E+02 (Ha)
Band structure energy              : -6.8024591242E+00 (Ha)
Exchange correlation energy        : -1.8311438036E+02 (Ha)
Self and correction energy         : -5.5713916891E+02 (Ha)
Entropy*kb*T                       : -1.1371373969E-02 (Ha)
Fermi level                        :  1.6855716970E-01 (Ha)
RMS force                          :  2.3006946144E-02 (Ha/Bohr)
Maximum force                      :  4.5279334562E-02 (Ha/Bohr)
Time for force calculation         :  0.286 (sec)
Pressure                           :  4.1086388251E+00 (GPa)
Maximum stress                     :  4.1194721057E+00 (GPa)
Time for stress calculation        :  0.626 (sec)
***************************************************************************
                               Timing info                                 
***************************************************************************
Total walltime                     :  108.092 sec
___________________________________________________________________________

***************************************************************************
*             Material Physics & Mechanics Group, Georgia Tech            *
*                       PI: Phanish Suryanarayana                         *
*               List of contributors: See the documentation               *
*         Citation: See README.md or the documentation for details        *
*  Acknowledgements: U.S. DOE (DE-SC0019410)                              *
*      {Preliminary developments: U.S. NSF (1333500,1663244,1553212)}     *
***************************************************************************
                                                                           
