***************************************************************************
*                       SPARC (version Aug 16, 2022)                      *
*   Copyright (c) 2020 Material Physics & Mechanics Group, Georgia Tech   *
*           Distributed under GNU General Public License 3 (GPL)          *
*                   Start time: Fri Aug 16 15:19:24 2024                  *
***************************************************************************
                           Input parameters                                
***************************************************************************
LATVEC_SCALE: 22.2798710236174 22.2798710236174 22.2798710236174 
LATVEC:
1 0 0 
0 1 0 
0 0 1 
FD_GRID: 56 56 56
FD_ORDER: 12
BC: P P P
KPOINT_GRID: 1 1 1
KPOINT_SHIFT: 0 0 0
SPIN_TYP: 0
ELEC_TEMP_TYPE: Fermi-Dirac
SMEARING: 0.00200001251
EXCHANGE_CORRELATION: GGA_PBE
NSTATES: 158
CHEB_DEGREE: 20
CHEFSI_BOUND_FLAG: 0
CALC_STRESS: 1
MAXIT_SCF: 500
MINIT_SCF: 1
MAXIT_POISSON: 3000
TOL_SCF: 1.00E-06
POISSON_SOLVER: AAR
TOL_POISSON: 1.00E-08
TOL_LANCZOS: 1.00E-02
TOL_PSEUDOCHARGE: 1.00E-08
MIXING_VARIABLE: density
MIXING_PRECOND: kerker
TOL_PRECOND: 1.58E-04
PRECOND_KERKER_KTF: 1
PRECOND_KERKER_THRESH: 0.1
MIXING_PARAMETER: 0.3
MIXING_HISTORY: 7
PULAY_FREQUENCY: 1
PULAY_RESTART: 0
REFERENCE_CUTOFF: 0.5
RHO_TRIGGER: 0
FIX_RAND: 0
VERBOSITY: 1
PRINT_FORCES: 1
PRINT_ATOMS: 1
PRINT_EIGEN: 0
PRINT_DENSITY: 1
PRINT_ENERGY_DENSITY: 1
OUTPUT_FILE: sim
***************************************************************************
                                Cell                                       
***************************************************************************
Lattice vectors (Bohr):
22.279871023617382 0.000000000000000 0.000000000000000 
0.000000000000000 22.279871023617382 0.000000000000000 
0.000000000000000 0.000000000000000 22.279871023617382 
Volume: 1.1059564282E+04 (Bohr^3)
***************************************************************************
                           Parallelization                                 
***************************************************************************
NP_SPIN_PARAL: 1
NP_KPOINT_PARAL: 1
NP_BAND_PARAL: 32
NP_DOMAIN_PARAL: 1 1 1
NP_DOMAIN_PHI_PARAL: 2 4 4
EIG_SERIAL_MAXNS: 10000
***************************************************************************
                             Initialization                                
***************************************************************************
Number of processors               :  32
Mesh spacing                       :  0.397855 (Bohr)
Integration weights                :  0.06297583524
Number of symmetry adapted k-points:  1
Output printed to                  :  sim.out
Total number of atom types         :  2
Total number of atoms              :  64
Total number of electrons          :  256
Atom type 1  (valence electrons)   :  Ge 4
Pseudopotential                    :  /u/home/a/agangan2/SiGeSn_data/psps/Ge-low.psp8
Pseudocharge radii of atom type 1  :  7.96 7.96 7.96 (x, y, z dir)
Number of atoms of type 1          :  48
Atom type 2  (valence electrons)   :  Sn 4
Pseudopotential                    :  /u/home/a/agangan2/SiGeSn_data/psps/Sn.psp8
Pseudocharge radii of atom type 2  :  8.35 8.35 8.35 (x, y, z dir)
Number of atoms of type 2          :  16
Estimated total memory usage       :  1.28 GB
Estimated memory per processor     :  40.87 MB
===================================================================
                    Self Consistent Field (SCF#1)                     
===================================================================
Iteration     Free Energy (Ha/atom)   SCF Error        Timing (sec)
1            -4.4705082675E+00        INF        4.705
2             1.3619398062E-01        3.526E-01        9.004
3            -5.3311599423E+00        1.528E-01        6.383
4            -5.8910503292E+00        2.153E-01        5.932
5            -5.9605334187E+00        2.229E-01        5.175
6            -5.9728629135E+00        2.267E-01        5.426
7            -5.9754007817E+00        2.285E-01        5.209
8            -5.9758553499E+00        2.288E-01        6.359
9            -5.9751620661E+00        2.271E-01        6.998
10           -5.9600331019E+00        2.470E-01        6.623
11           -5.9485895658E+00        3.512E-01        6.194
12           -5.9458393871E+00        3.705E-01        6.428
13           -5.9444922313E+00        3.946E-01        6.878
14           -5.9477171389E+00        3.392E-01        6.909
15           -5.9429449279E+00        1.456E-01        6.504
16           -5.9265117787E+00        1.051E-01        7.054
17           -5.9176973109E+00        5.467E-02        6.619
18           -5.9132700997E+00        3.060E-02        6.506
19           -5.9107265346E+00        1.545E-02        5.614
20           -5.9088027105E+00        7.060E-03        5.583
21           -5.9087768924E+00        3.049E-03        5.878
22           -5.9087037295E+00        1.882E-03        5.909
23           -5.9085752664E+00        5.926E-04        5.314
24           -5.9085123265E+00        3.607E-04        5.159
25           -5.9084918173E+00        2.076E-04        4.841
26           -5.9085061398E+00        1.188E-04        4.474
27           -5.9085170620E+00        6.900E-05        4.589
28           -5.9085203947E+00        4.668E-05        4.681
29           -5.9085193166E+00        2.844E-05        4.333
30           -5.9085157809E+00        1.191E-05        3.934
31           -5.9085151440E+00        8.685E-06        4.150
32           -5.9085143988E+00        3.060E-06        3.500
33           -5.9085144429E+00        2.166E-06        3.615
34           -5.9085144955E+00        1.017E-06        3.069
35           -5.9085144512E+00        6.476E-07        1.601
Total number of SCF: 35    
====================================================================
                    Energy and force calculation                    
====================================================================
Free energy per atom               : -5.9085145081E+00 (Ha/atom)
Total free energy                  : -3.7814492852E+02 (Ha)
Band structure energy              : -6.6986677964E+00 (Ha)
Exchange correlation energy        : -2.1814541064E+02 (Ha)
Self and correction energy         : -6.0834488301E+02 (Ha)
Entropy*kb*T                       : -9.1319217646E-03 (Ha)
Fermi level                        :  1.6710730555E-01 (Ha)
RMS force                          :  1.9367616251E-02 (Ha/Bohr)
Maximum force                      :  3.6958778432E-02 (Ha/Bohr)
Time for force calculation         :  0.436 (sec)
Pressure                           :  5.7688301419E+00 (GPa)
Maximum stress                     :  5.7796009262E+00 (GPa)
Time for stress calculation        :  0.790 (sec)
***************************************************************************
                               Timing info                                 
***************************************************************************
Total walltime                     :  200.690 sec
___________________________________________________________________________

***************************************************************************
*             Material Physics & Mechanics Group, Georgia Tech            *
*                       PI: Phanish Suryanarayana                         *
*               List of contributors: See the documentation               *
*         Citation: See README.md or the documentation for details        *
*  Acknowledgements: U.S. DOE (DE-SC0019410)                              *
*      {Preliminary developments: U.S. NSF (1333500,1663244,1553212)}     *
***************************************************************************
                                                                           
