***************************************************************************
*                       SPARC (version Aug 16, 2022)                      *
*   Copyright (c) 2020 Material Physics & Mechanics Group, Georgia Tech   *
*           Distributed under GNU General Public License 3 (GPL)          *
*                   Start time: Fri Aug 16 15:19:25 2024                  *
***************************************************************************
                           Input parameters                                
***************************************************************************
LATVEC_SCALE: 22.7050594019307 22.7050594019307 22.7050594019307 
LATVEC:
1 0 0 
0 1 0 
0 0 1 
FD_GRID: 57 57 57
FD_ORDER: 12
BC: P P P
KPOINT_GRID: 1 1 1
KPOINT_SHIFT: 0 0 0
SPIN_TYP: 0
ELEC_TEMP_TYPE: Fermi-Dirac
SMEARING: 0.00200001251
EXCHANGE_CORRELATION: GGA_PBE
NSTATES: 158
CHEB_DEGREE: 20
CHEFSI_BOUND_FLAG: 0
CALC_STRESS: 1
MAXIT_SCF: 500
MINIT_SCF: 1
MAXIT_POISSON: 3000
TOL_SCF: 1.00E-06
POISSON_SOLVER: AAR
TOL_POISSON: 1.00E-08
TOL_LANCZOS: 1.00E-02
TOL_PSEUDOCHARGE: 1.00E-08
MIXING_VARIABLE: density
MIXING_PRECOND: kerker
TOL_PRECOND: 1.59E-04
PRECOND_KERKER_KTF: 1
PRECOND_KERKER_THRESH: 0.1
MIXING_PARAMETER: 0.3
MIXING_HISTORY: 7
PULAY_FREQUENCY: 1
PULAY_RESTART: 0
REFERENCE_CUTOFF: 0.5
RHO_TRIGGER: 0
FIX_RAND: 0
VERBOSITY: 1
PRINT_FORCES: 1
PRINT_ATOMS: 1
PRINT_EIGEN: 0
PRINT_DENSITY: 1
PRINT_ENERGY_DENSITY: 1
OUTPUT_FILE: sim
***************************************************************************
                                Cell                                       
***************************************************************************
Lattice vectors (Bohr):
22.705059401930693 0.000000000000000 0.000000000000000 
0.000000000000000 22.705059401930693 0.000000000000000 
0.000000000000000 0.000000000000000 22.705059401930693 
Volume: 1.1704905921E+04 (Bohr^3)
***************************************************************************
                           Parallelization                                 
***************************************************************************
NP_SPIN_PARAL: 1
NP_KPOINT_PARAL: 1
NP_BAND_PARAL: 32
NP_DOMAIN_PARAL: 1 1 1
NP_DOMAIN_PHI_PARAL: 2 4 4
EIG_SERIAL_MAXNS: 10000
***************************************************************************
                             Initialization                                
***************************************************************************
Number of processors               :  32
Mesh spacing                       :  0.398334 (Bohr)
Integration weights                :  0.06320382477
Number of symmetry adapted k-points:  1
Output printed to                  :  sim.out
Total number of atom types         :  2
Total number of atoms              :  64
Total number of electrons          :  256
Atom type 1  (valence electrons)   :  Ge 4
Pseudopotential                    :  /u/home/a/agangan2/SiGeSn_data/psps/Ge-low.psp8
Pseudocharge radii of atom type 1  :  7.97 7.97 7.97 (x, y, z dir)
Number of atoms of type 1          :  40
Atom type 2  (valence electrons)   :  Sn 4
Pseudopotential                    :  /u/home/a/agangan2/SiGeSn_data/psps/Sn.psp8
Pseudocharge radii of atom type 2  :  8.37 8.37 8.37 (x, y, z dir)
Number of atoms of type 2          :  24
Estimated total memory usage       :  1.35 GB
Estimated memory per processor     :  43.09 MB
===================================================================
                    Self Consistent Field (SCF#1)                     
===================================================================
Iteration     Free Energy (Ha/atom)   SCF Error        Timing (sec)
1            -4.2767965314E+00        INF        14.091
2             3.6519305281E-01        3.687E-01        22.827
3            -5.1194686347E+00        1.507E-01        18.357
4            -5.6932048244E+00        2.120E-01        15.227
5            -5.7648264293E+00        2.184E-01        14.977
6            -5.7781098807E+00        2.237E-01        14.228
7            -5.7811011931E+00        2.264E-01        15.759
8            -5.7820512465E+00        2.278E-01        15.557
9            -5.7812914257E+00        2.260E-01        18.231
10           -5.7708153284E+00        2.532E-01        19.254
11           -5.7732673603E+00        3.995E-01        18.189
12           -5.7731187933E+00        4.552E-01        17.117
13           -5.7702507253E+00        4.382E-01        19.228
14           -5.7337788468E+00        8.833E-02        17.482
15           -5.7257633913E+00        6.187E-02        18.254
16           -5.7184732825E+00        3.444E-02        17.383
17           -5.7168554657E+00        2.343E-02        17.338
18           -5.7161014501E+00        1.280E-02        15.735
19           -5.7152160921E+00        7.850E-03        16.480
20           -5.7151442001E+00        3.872E-03        14.358
21           -5.7150827154E+00        2.232E-03        15.266
22           -5.7148941597E+00        1.057E-03        15.525
23           -5.7147854088E+00        5.648E-04        12.749
24           -5.7147517965E+00        1.992E-04        12.238
25           -5.7147332598E+00        1.033E-04        12.136
26           -5.7147380286E+00        3.767E-05        10.576
27           -5.7147390954E+00        2.644E-05        11.354
28           -5.7147414406E+00        1.351E-05        9.193
29           -5.7147412103E+00        8.874E-06        9.766
30           -5.7147408820E+00        3.659E-06        8.041
31           -5.7147409767E+00        1.824E-06        6.893
32           -5.7147409246E+00        1.000E-06        2.277
Total number of SCF: 32    
====================================================================
                    Energy and force calculation                    
====================================================================
Free energy per atom               : -5.7147408204E+00 (Ha/atom)
Total free energy                  : -3.6574341251E+02 (Ha)
Band structure energy              : -8.1577772599E+00 (Ha)
Exchange correlation energy        : -2.0809131952E+02 (Ha)
Self and correction energy         : -5.8007989682E+02 (Ha)
Entropy*kb*T                       : -1.1723141375E-02 (Ha)
Fermi level                        :  1.5645138424E-01 (Ha)
RMS force                          :  1.8889996922E-02 (Ha/Bohr)
Maximum force                      :  3.3164954568E-02 (Ha/Bohr)
Time for force calculation         :  0.431 (sec)
Pressure                           :  5.2589026278E+00 (GPa)
Maximum stress                     :  5.2642354376E+00 (GPa)
Time for stress calculation        :  0.740 (sec)
***************************************************************************
                               Timing info                                 
***************************************************************************
Total walltime                     :  488.147 sec
___________________________________________________________________________

***************************************************************************
*             Material Physics & Mechanics Group, Georgia Tech            *
*                       PI: Phanish Suryanarayana                         *
*               List of contributors: See the documentation               *
*         Citation: See README.md or the documentation for details        *
*  Acknowledgements: U.S. DOE (DE-SC0019410)                              *
*      {Preliminary developments: U.S. NSF (1333500,1663244,1553212)}     *
***************************************************************************
                                                                           
