***************************************************************************
*                       SPARC (version Aug 16, 2022)                      *
*   Copyright (c) 2020 Material Physics & Mechanics Group, Georgia Tech   *
*           Distributed under GNU General Public License 3 (GPL)          *
*                   Start time: Fri Aug 16 15:20:03 2024                  *
***************************************************************************
                           Input parameters                                
***************************************************************************
LATVEC_SCALE: 21.0940678796547 21.0940678796547 21.0940678796547 
LATVEC:
1 0 0 
0 1 0 
0 0 1 
FD_GRID: 53 53 53
FD_ORDER: 12
BC: P P P
KPOINT_GRID: 1 1 1
KPOINT_SHIFT: 0 0 0
SPIN_TYP: 0
ELEC_TEMP_TYPE: Fermi-Dirac
SMEARING: 0.00200001251
EXCHANGE_CORRELATION: GGA_PBE
NSTATES: 158
CHEB_DEGREE: 20
CHEFSI_BOUND_FLAG: 0
CALC_STRESS: 1
MAXIT_SCF: 500
MINIT_SCF: 1
MAXIT_POISSON: 3000
TOL_SCF: 1.00E-06
POISSON_SOLVER: AAR
TOL_POISSON: 1.00E-08
TOL_LANCZOS: 1.00E-02
TOL_PSEUDOCHARGE: 1.00E-08
MIXING_VARIABLE: density
MIXING_PRECOND: kerker
TOL_PRECOND: 1.58E-04
PRECOND_KERKER_KTF: 1
PRECOND_KERKER_THRESH: 0.1
MIXING_PARAMETER: 0.3
MIXING_HISTORY: 7
PULAY_FREQUENCY: 1
PULAY_RESTART: 0
REFERENCE_CUTOFF: 0.5
RHO_TRIGGER: 0
FIX_RAND: 0
VERBOSITY: 1
PRINT_FORCES: 1
PRINT_ATOMS: 1
PRINT_EIGEN: 0
PRINT_DENSITY: 1
PRINT_ENERGY_DENSITY: 1
OUTPUT_FILE: sim
***************************************************************************
                                Cell                                       
***************************************************************************
Lattice vectors (Bohr):
21.094067879654713 0.000000000000000 0.000000000000000 
0.000000000000000 21.094067879654713 0.000000000000000 
0.000000000000000 0.000000000000000 21.094067879654713 
Volume: 9.3860101094E+03 (Bohr^3)
***************************************************************************
                           Parallelization                                 
***************************************************************************
NP_SPIN_PARAL: 1
NP_KPOINT_PARAL: 1
NP_BAND_PARAL: 32
NP_DOMAIN_PARAL: 1 1 1
NP_DOMAIN_PHI_PARAL: 2 4 4
EIG_SERIAL_MAXNS: 10000
***************************************************************************
                             Initialization                                
***************************************************************************
Number of processors               :  32
Mesh spacing                       :  0.398001 (Bohr)
Integration weights                :  0.06304540063
Number of symmetry adapted k-points:  1
Output printed to                  :  sim.out
Total number of atom types         :  2
Total number of atoms              :  64
Total number of electrons          :  256
Atom type 1  (valence electrons)   :  Si 4
Pseudopotential                    :  /u/home/a/agangan2/SiGeSn_data/psps/14_Si_4_1.9_1.9_pbe_n_v1.0.psp8
Pseudocharge radii of atom type 1  :  7.96 7.96 7.96 (x, y, z dir)
Number of atoms of type 1          :  56
Atom type 2  (valence electrons)   :  Sn 4
Pseudopotential                    :  /u/home/a/agangan2/SiGeSn_data/psps/Sn.psp8
Pseudocharge radii of atom type 2  :  8.36 8.36 8.36 (x, y, z dir)
Number of atoms of type 2          :  8
Estimated total memory usage       :  1.08 GB
Estimated memory per processor     :  34.64 MB
===================================================================
                    Self Consistent Field (SCF#1)                     
===================================================================
Iteration     Free Energy (Ha/atom)   SCF Error        Timing (sec)
1            -2.9001457799E+00        INF        4.852
2             1.3868330940E+00        2.696E-01        9.339
3            -3.7109280555E+00        1.737E-01        6.904
4            -4.2426321926E+00        2.317E-01        6.793
5            -4.3167686015E+00        2.503E-01        6.166
6            -4.3286627953E+00        2.581E-01        6.018
7            -4.3306414912E+00        2.599E-01        5.931
8            -4.3308685464E+00        2.594E-01        7.036
9            -4.3276719551E+00        2.392E-01        7.375
10           -4.2934345627E+00        1.984E-01        7.455
11           -4.2392458862E+00        3.186E-01        7.021
12           -4.2670954052E+00        1.990E-01        7.062
13           -4.2619794996E+00        2.382E-01        7.283
14           -4.2557566791E+00        3.006E-01        7.493
15           -4.2800486908E+00        8.631E-02        7.105
16           -4.2784225536E+00        3.017E-02        7.007
17           -4.2774796169E+00        1.428E-02        7.031
18           -4.2771800717E+00        7.934E-03        6.756
19           -4.2769085536E+00        2.136E-03        5.888
20           -4.2768046894E+00        1.395E-03        6.061
21           -4.2767065246E+00        4.339E-04        5.729
22           -4.2766855247E+00        2.760E-04        5.756
23           -4.2766591911E+00        1.535E-04        5.542
24           -4.2766570275E+00        9.131E-05        5.265
25           -4.2766626249E+00        5.572E-05        5.305
26           -4.2766709366E+00        2.433E-05        5.362
27           -4.2766730107E+00        7.469E-06        4.345
28           -4.2766731519E+00        5.319E-06        4.682
29           -4.2766734645E+00        1.319E-06        3.788
30           -4.2766735050E+00        7.529E-07        2.106
Total number of SCF: 30    
====================================================================
                    Energy and force calculation                    
====================================================================
Free energy per atom               : -4.2766735004E+00 (Ha/atom)
Total free energy                  : -2.7370710403E+02 (Ha)
Band structure energy              : -6.9736646747E+00 (Ha)
Exchange correlation energy        : -1.0561639386E+02 (Ha)
Self and correction energy         : -4.5742532309E+02 (Ha)
Entropy*kb*T                       : -4.4925228167E-04 (Ha)
Fermi level                        :  1.6967309580E-01 (Ha)
RMS force                          :  2.1719741310E-02 (Ha/Bohr)
Maximum force                      :  5.5202923462E-02 (Ha/Bohr)
Time for force calculation         :  0.464 (sec)
Pressure                           :  3.3737839670E+00 (GPa)
Maximum stress                     :  3.3809898549E+00 (GPa)
Time for stress calculation        :  1.283 (sec)
***************************************************************************
                               Timing info                                 
***************************************************************************
Total walltime                     :  193.606 sec
___________________________________________________________________________

***************************************************************************
*             Material Physics & Mechanics Group, Georgia Tech            *
*                       PI: Phanish Suryanarayana                         *
*               List of contributors: See the documentation               *
*         Citation: See README.md or the documentation for details        *
*  Acknowledgements: U.S. DOE (DE-SC0019410)                              *
*      {Preliminary developments: U.S. NSF (1333500,1663244,1553212)}     *
***************************************************************************
                                                                           
