***************************************************************************
*                       SPARC (version Aug 16, 2022)                      *
*   Copyright (c) 2020 Material Physics & Mechanics Group, Georgia Tech   *
*           Distributed under GNU General Public License 3 (GPL)          *
*                   Start time: Fri Aug 16 15:19:48 2024                  *
***************************************************************************
                           Input parameters                                
***************************************************************************
LATVEC_SCALE: 21.5287048885972 21.5287048885972 21.5287048885972 
LATVEC:
1 0 0 
0 1 0 
0 0 1 
FD_GRID: 54 54 54
FD_ORDER: 12
BC: P P P
KPOINT_GRID: 1 1 1
KPOINT_SHIFT: 0 0 0
SPIN_TYP: 0
ELEC_TEMP_TYPE: Fermi-Dirac
SMEARING: 0.00200001251
EXCHANGE_CORRELATION: GGA_PBE
NSTATES: 158
CHEB_DEGREE: 20
CHEFSI_BOUND_FLAG: 0
CALC_STRESS: 1
MAXIT_SCF: 500
MINIT_SCF: 1
MAXIT_POISSON: 3000
TOL_SCF: 1.00E-06
POISSON_SOLVER: AAR
TOL_POISSON: 1.00E-08
TOL_LANCZOS: 1.00E-02
TOL_PSEUDOCHARGE: 1.00E-08
MIXING_VARIABLE: density
MIXING_PRECOND: kerker
TOL_PRECOND: 1.59E-04
PRECOND_KERKER_KTF: 1
PRECOND_KERKER_THRESH: 0.1
MIXING_PARAMETER: 0.3
MIXING_HISTORY: 7
PULAY_FREQUENCY: 1
PULAY_RESTART: 0
REFERENCE_CUTOFF: 0.5
RHO_TRIGGER: 0
FIX_RAND: 0
VERBOSITY: 1
PRINT_FORCES: 1
PRINT_ATOMS: 1
PRINT_EIGEN: 0
PRINT_DENSITY: 1
PRINT_ENERGY_DENSITY: 1
OUTPUT_FILE: sim
***************************************************************************
                                Cell                                       
***************************************************************************
Lattice vectors (Bohr):
21.528704888597208 0.000000000000000 0.000000000000000 
0.000000000000000 21.528704888597208 0.000000000000000 
0.000000000000000 0.000000000000000 21.528704888597208 
Volume: 9.9782346740E+03 (Bohr^3)
***************************************************************************
                           Parallelization                                 
***************************************************************************
NP_SPIN_PARAL: 1
NP_KPOINT_PARAL: 1
NP_BAND_PARAL: 32
NP_DOMAIN_PARAL: 1 1 1
NP_DOMAIN_PHI_PARAL: 2 4 4
EIG_SERIAL_MAXNS: 10000
***************************************************************************
                             Initialization                                
***************************************************************************
Number of processors               :  32
Mesh spacing                       :  0.39868 (Bohr)
Integration weights                :  0.06336835514
Number of symmetry adapted k-points:  1
Output printed to                  :  sim.out
Total number of atom types         :  3
Total number of atoms              :  64
Total number of electrons          :  256
Atom type 1  (valence electrons)   :  Si 4
Pseudopotential                    :  /u/home/a/agangan2/SiGeSn_data/psps/14_Si_4_1.9_1.9_pbe_n_v1.0.psp8
Pseudocharge radii of atom type 1  :  7.97 7.97 7.97 (x, y, z dir)
Number of atoms of type 1          :  24
Atom type 2  (valence electrons)   :  Ge 4
Pseudopotential                    :  /u/home/a/agangan2/SiGeSn_data/psps/Ge-low.psp8
Pseudocharge radii of atom type 2  :  8.37 8.37 8.37 (x, y, z dir)
Number of atoms of type 2          :  32
Atom type 3  (valence electrons)   :  Sn 4
Pseudopotential                    :  /u/home/a/agangan2/SiGeSn_data/psps/Sn.psp8
Pseudocharge radii of atom type 3  :  8.37 8.37 8.37 (x, y, z dir)
Number of atoms of type 3          :  8
Estimated total memory usage       :  1.15 GB
Estimated memory per processor     :  36.64 MB
===================================================================
                    Self Consistent Field (SCF#1)                     
===================================================================
Iteration     Free Energy (Ha/atom)   SCF Error        Timing (sec)
1            -3.9123389462E+00        INF        14.329
2             5.1022455674E-01        3.058E-01        24.205
3            -4.7561255024E+00        1.637E-01        18.322
4            -5.2956972339E+00        2.214E-01        17.692
5            -5.3658015109E+00        2.351E-01        15.894
6            -5.3770694367E+00        2.431E-01        14.952
7            -5.3785343822E+00        2.433E-01        26.774
8            -5.3742307359E+00        2.230E-01        32.415
9            -5.3219531531E+00        9.682E-02        30.955
10           -5.3234686055E+00        5.804E-02        30.463
11           -5.3129579719E+00        4.992E-02        29.956
12           -5.3205818009E+00        2.915E-02        28.659
13           -5.3196550552E+00        2.043E-02        26.962
14           -5.3183009932E+00        1.511E-02        28.100
15           -5.3182491760E+00        1.042E-02        27.517
16           -5.3176021089E+00        1.946E-03        25.178
17           -5.3176215128E+00        9.490E-04        25.225
18           -5.3176881757E+00        3.569E-04        22.385
19           -5.3176829948E+00        2.729E-04        22.984
20           -5.3177077323E+00        7.641E-05        20.558
21           -5.3177079446E+00        5.364E-05        21.448
22           -5.3177102379E+00        2.095E-05        19.798
23           -5.3177111129E+00        1.134E-05        17.185
24           -5.3177112249E+00        7.418E-06        16.840
25           -5.3177110124E+00        2.716E-06        15.653
26           -5.3177108306E+00        1.136E-06        14.670
27           -5.3177107738E+00        6.283E-07        6.450
Total number of SCF: 27    
====================================================================
                    Energy and force calculation                    
====================================================================
Free energy per atom               : -5.3177107251E+00 (Ha/atom)
Total free energy                  : -3.4033348641E+02 (Ha)
Band structure energy              : -5.5028072064E+00 (Ha)
Exchange correlation energy        : -1.7567624669E+02 (Ha)
Self and correction energy         : -5.5979410278E+02 (Ha)
Entropy*kb*T                       : -2.9108413521E-03 (Ha)
Fermi level                        :  1.7995360385E-01 (Ha)
RMS force                          :  2.0439598925E-02 (Ha/Bohr)
Maximum force                      :  4.7035371819E-02 (Ha/Bohr)
Time for force calculation         :  1.375 (sec)
Pressure                           :  3.5090090707E+00 (GPa)
Maximum stress                     :  3.5190647731E+00 (GPa)
Time for stress calculation        :  3.621 (sec)
***************************************************************************
                               Timing info                                 
***************************************************************************
Total walltime                     :  624.482 sec
___________________________________________________________________________

***************************************************************************
*             Material Physics & Mechanics Group, Georgia Tech            *
*                       PI: Phanish Suryanarayana                         *
*               List of contributors: See the documentation               *
*         Citation: See README.md or the documentation for details        *
*  Acknowledgements: U.S. DOE (DE-SC0019410)                              *
*      {Preliminary developments: U.S. NSF (1333500,1663244,1553212)}     *
***************************************************************************
                                                                           
