***************************************************************************
*                       SPARC (version Aug 16, 2022)                      *
*   Copyright (c) 2020 Material Physics & Mechanics Group, Georgia Tech   *
*           Distributed under GNU General Public License 3 (GPL)          *
*                   Start time: Fri Aug 16 15:19:51 2024                  *
***************************************************************************
                           Input parameters                                
***************************************************************************
LATVEC_SCALE: 21.8452340146749 21.8452340146749 21.8452340146749 
LATVEC:
1 0 0 
0 1 0 
0 0 1 
FD_GRID: 55 55 55
FD_ORDER: 12
BC: P P P
KPOINT_GRID: 1 1 1
KPOINT_SHIFT: 0 0 0
SPIN_TYP: 0
ELEC_TEMP_TYPE: Fermi-Dirac
SMEARING: 0.00200001251
EXCHANGE_CORRELATION: GGA_PBE
NSTATES: 158
CHEB_DEGREE: 20
CHEFSI_BOUND_FLAG: 0
CALC_STRESS: 1
MAXIT_SCF: 500
MINIT_SCF: 1
MAXIT_POISSON: 3000
TOL_SCF: 1.00E-06
POISSON_SOLVER: AAR
TOL_POISSON: 1.00E-08
TOL_LANCZOS: 1.00E-02
TOL_PSEUDOCHARGE: 1.00E-08
MIXING_VARIABLE: density
MIXING_PRECOND: kerker
TOL_PRECOND: 1.58E-04
PRECOND_KERKER_KTF: 1
PRECOND_KERKER_THRESH: 0.1
MIXING_PARAMETER: 0.3
MIXING_HISTORY: 7
PULAY_FREQUENCY: 1
PULAY_RESTART: 0
REFERENCE_CUTOFF: 0.5
RHO_TRIGGER: 0
FIX_RAND: 0
VERBOSITY: 1
PRINT_FORCES: 1
PRINT_ATOMS: 1
PRINT_EIGEN: 0
PRINT_DENSITY: 1
PRINT_ENERGY_DENSITY: 1
OUTPUT_FILE: sim
***************************************************************************
                                Cell                                       
***************************************************************************
Lattice vectors (Bohr):
21.845234014674894 0.000000000000000 0.000000000000000 
0.000000000000000 21.845234014674894 0.000000000000000 
0.000000000000000 0.000000000000000 21.845234014674894 
Volume: 1.0424856948E+04 (Bohr^3)
***************************************************************************
                           Parallelization                                 
***************************************************************************
NP_SPIN_PARAL: 1
NP_KPOINT_PARAL: 1
NP_BAND_PARAL: 32
NP_DOMAIN_PARAL: 1 1 1
NP_DOMAIN_PHI_PARAL: 2 4 4
EIG_SERIAL_MAXNS: 10000
***************************************************************************
                             Initialization                                
***************************************************************************
Number of processors               :  32
Mesh spacing                       :  0.397186 (Bohr)
Integration weights                :  0.06265879458
Number of symmetry adapted k-points:  1
Output printed to                  :  sim.out
Total number of atom types         :  3
Total number of atoms              :  64
Total number of electrons          :  256
Atom type 1  (valence electrons)   :  Si 4
Pseudopotential                    :  /u/home/a/agangan2/SiGeSn_data/psps/14_Si_4_1.9_1.9_pbe_n_v1.0.psp8
Pseudocharge radii of atom type 1  :  7.55 7.55 7.55 (x, y, z dir)
Number of atoms of type 1          :  32
Atom type 2  (valence electrons)   :  Ge 4
Pseudopotential                    :  /u/home/a/agangan2/SiGeSn_data/psps/Ge-low.psp8
Pseudocharge radii of atom type 2  :  7.94 7.94 7.94 (x, y, z dir)
Number of atoms of type 2          :  16
Atom type 3  (valence electrons)   :  Sn 4
Pseudopotential                    :  /u/home/a/agangan2/SiGeSn_data/psps/Sn.psp8
Pseudocharge radii of atom type 3  :  8.74 8.74 8.74 (x, y, z dir)
Number of atoms of type 3          :  16
Estimated total memory usage       :  1.21 GB
Estimated memory per processor     :  38.71 MB
===================================================================
                    Self Consistent Field (SCF#1)                     
===================================================================
Iteration     Free Energy (Ha/atom)   SCF Error        Timing (sec)
1            -3.4663071629E+00        INF        14.992
2             1.0211852253E+00        3.099E-01        23.723
3            -4.2935860979E+00        1.700E-01        19.101
4            -4.8327090493E+00        2.215E-01        18.081
5            -4.9048237096E+00        2.360E-01        14.431
6            -4.9180854777E+00        2.434E-01        13.827
7            -4.9204791674E+00        2.450E-01        27.526
8            -4.9205063853E+00        2.436E-01        33.581
9            -4.9029349186E+00        1.915E-01        32.190
10           -4.8832521384E+00        1.788E-01        30.201
11           -4.8672320625E+00        1.704E-01        32.165
12           -4.8742591793E+00        1.181E-01        29.772
13           -4.8747555837E+00        1.138E-01        31.704
14           -4.8708971094E+00        9.769E-02        31.571
15           -4.8670526821E+00        8.031E-02        31.987
16           -4.8660027235E+00        3.025E-02        30.409
17           -4.8635165097E+00        1.648E-02        29.785
18           -4.8634496863E+00        4.717E-03        28.158
19           -4.8629284123E+00        2.994E-03        27.720
20           -4.8626647818E+00        1.225E-03        26.834
21           -4.8626684521E+00        7.940E-04        25.531
22           -4.8627003363E+00        2.529E-04        22.455
23           -4.8627090326E+00        1.527E-04        22.946
24           -4.8627180975E+00        7.494E-05        10.945
25           -4.8627179185E+00        4.034E-05        5.082
26           -4.8627189059E+00        2.185E-05        7.177
27           -4.8627200462E+00        1.195E-05        5.463
28           -4.8627207445E+00        6.313E-06        6.487
29           -4.8627200080E+00        1.798E-06        4.605
30           -4.8627198860E+00        1.178E-06        5.270
31           -4.8627197834E+00        6.209E-07        2.343
Total number of SCF: 31    
====================================================================
                    Energy and force calculation                    
====================================================================
Free energy per atom               : -4.8627197163E+00 (Ha/atom)
Total free energy                  : -3.1121406184E+02 (Ha)
Band structure energy              : -7.2776576846E+00 (Ha)
Exchange correlation energy        : -1.4808311585E+02 (Ha)
Self and correction energy         : -5.0595593601E+02 (Ha)
Entropy*kb*T                       : -1.9462067250E-03 (Ha)
Fermi level                        :  1.6769537595E-01 (Ha)
RMS force                          :  2.8357163619E-02 (Ha/Bohr)
Maximum force                      :  5.2767529940E-02 (Ha/Bohr)
Time for force calculation         :  0.586 (sec)
Pressure                           :  3.6137547250E+00 (GPa)
Maximum stress                     :  3.6237228584E+00 (GPa)
Time for stress calculation        :  1.505 (sec)
***************************************************************************
                               Timing info                                 
***************************************************************************
Total walltime                     :  668.629 sec
___________________________________________________________________________

***************************************************************************
*             Material Physics & Mechanics Group, Georgia Tech            *
*                       PI: Phanish Suryanarayana                         *
*               List of contributors: See the documentation               *
*         Citation: See README.md or the documentation for details        *
*  Acknowledgements: U.S. DOE (DE-SC0019410)                              *
*      {Preliminary developments: U.S. NSF (1333500,1663244,1553212)}     *
***************************************************************************
                                                                           
