***************************************************************************
*                       SPARC (version Aug 16, 2022)                      *
*   Copyright (c) 2020 Material Physics & Mechanics Group, Georgia Tech   *
*           Distributed under GNU General Public License 3 (GPL)          *
*                   Start time: Fri Aug 16 15:19:58 2024                  *
***************************************************************************
                           Input parameters                                
***************************************************************************
LATVEC_SCALE: 20.9948572580483 20.9948572580483 20.9948572580483 
LATVEC:
1 0 0 
0 1 0 
0 0 1 
FD_GRID: 52 52 52
FD_ORDER: 12
BC: P P P
KPOINT_GRID: 1 1 1
KPOINT_SHIFT: 0 0 0
SPIN_TYP: 0
ELEC_TEMP_TYPE: Fermi-Dirac
SMEARING: 0.00200001251
EXCHANGE_CORRELATION: GGA_PBE
NSTATES: 158
CHEB_DEGREE: 20
CHEFSI_BOUND_FLAG: 0
CALC_STRESS: 1
MAXIT_SCF: 500
MINIT_SCF: 1
MAXIT_POISSON: 3000
TOL_SCF: 1.00E-06
POISSON_SOLVER: AAR
TOL_POISSON: 1.00E-08
TOL_LANCZOS: 1.00E-02
TOL_PSEUDOCHARGE: 1.00E-08
MIXING_VARIABLE: density
MIXING_PRECOND: kerker
TOL_PRECOND: 1.63E-04
PRECOND_KERKER_KTF: 1
PRECOND_KERKER_THRESH: 0.1
MIXING_PARAMETER: 0.3
MIXING_HISTORY: 7
PULAY_FREQUENCY: 1
PULAY_RESTART: 0
REFERENCE_CUTOFF: 0.5
RHO_TRIGGER: 0
FIX_RAND: 0
VERBOSITY: 1
PRINT_FORCES: 1
PRINT_ATOMS: 1
PRINT_EIGEN: 0
PRINT_DENSITY: 1
PRINT_ENERGY_DENSITY: 1
OUTPUT_FILE: sim
***************************************************************************
                                Cell                                       
***************************************************************************
Lattice vectors (Bohr):
20.994857258048274 0.000000000000000 0.000000000000000 
0.000000000000000 20.994857258048274 0.000000000000000 
0.000000000000000 0.000000000000000 20.994857258048274 
Volume: 9.2541978185E+03 (Bohr^3)
***************************************************************************
                           Parallelization                                 
***************************************************************************
NP_SPIN_PARAL: 1
NP_KPOINT_PARAL: 1
NP_BAND_PARAL: 32
NP_DOMAIN_PARAL: 1 1 1
NP_DOMAIN_PHI_PARAL: 2 4 4
EIG_SERIAL_MAXNS: 10000
***************************************************************************
                             Initialization                                
***************************************************************************
Number of processors               :  32
Mesh spacing                       :  0.403747 (Bohr)
Integration weights                :  0.0658155853
Number of symmetry adapted k-points:  1
Output printed to                  :  sim.out
Total number of atom types         :  2
Total number of atoms              :  64
Total number of electrons          :  256
Atom type 1  (valence electrons)   :  Si 4
Pseudopotential                    :  /u/home/a/agangan2/SiGeSn_data/psps/14_Si_4_1.9_1.9_pbe_n_v1.0.psp8
Pseudocharge radii of atom type 1  :  8.07 8.07 8.07 (x, y, z dir)
Number of atoms of type 1          :  32
Atom type 2  (valence electrons)   :  Ge 4
Pseudopotential                    :  /u/home/a/agangan2/SiGeSn_data/psps/Ge-low.psp8
Pseudocharge radii of atom type 2  :  8.48 8.48 8.48 (x, y, z dir)
Number of atoms of type 2          :  32
Estimated total memory usage       :  1.02 GB
Estimated memory per processor     :  32.72 MB
===================================================================
                    Self Consistent Field (SCF#1)                     
===================================================================
Iteration     Free Energy (Ha/atom)   SCF Error        Timing (sec)
1            -3.8561688561E+00        INF        0.686
2             2.8973133804E-01        2.772E-01        4.400
3            -4.7320668194E+00        1.635E-01        2.601
4            -5.2380858645E+00        2.246E-01        3.057
5            -5.3012155474E+00        2.413E-01        2.754
6            -5.3110180004E+00        2.480E-01        2.719
7            -5.3123619183E+00        2.482E-01        2.991
8            -5.3105675701E+00        2.386E-01        2.944
9            -5.2584406326E+00        1.271E-01        2.421
10           -5.2518999472E+00        9.986E-02        3.637
11           -5.2408389123E+00        8.467E-02        3.393
12           -5.2558583019E+00        3.023E-02        1.903
13           -5.2552020302E+00        1.954E-02        1.473
14           -5.2537462832E+00        1.386E-02        3.779
15           -5.2536197064E+00        1.004E-02        3.474
16           -5.2530825855E+00        1.782E-03        3.163
17           -5.2530538477E+00        8.839E-04        2.613
18           -5.2531587954E+00        3.091E-04        3.143
19           -5.2531724159E+00        1.584E-04        1.812
20           -5.2531865818E+00        6.308E-05        2.792
21           -5.2531916188E+00        3.287E-05        2.672
22           -5.2531919465E+00        1.885E-05        2.519
23           -5.2531908949E+00        1.014E-05        2.081
24           -5.2531907353E+00        6.904E-06        2.393
25           -5.2531911320E+00        2.309E-06        2.276
26           -5.2531910401E+00        1.311E-06        1.745
27           -5.2531909699E+00        4.569E-07        1.145
Total number of SCF: 27    
====================================================================
                    Energy and force calculation                    
====================================================================
Free energy per atom               : -5.2531908969E+00 (Ha/atom)
Total free energy                  : -3.3620421740E+02 (Ha)
Band structure energy              : -4.2805125839E+00 (Ha)
Exchange correlation energy        : -1.6822983250E+02 (Ha)
Self and correction energy         : -5.6244009963E+02 (Ha)
Entropy*kb*T                       : -5.0970876324E-04 (Ha)
Fermi level                        :  1.9088650004E-01 (Ha)
RMS force                          :  9.1940716428E-03 (Ha/Bohr)
Maximum force                      :  1.1732172123E-02 (Ha/Bohr)
Time for force calculation         :  0.303 (sec)
Pressure                           :  2.7672185827E+00 (GPa)
Maximum stress                     :  2.7686736584E+00 (GPa)
Time for stress calculation        :  0.848 (sec)
***************************************************************************
                               Timing info                                 
***************************************************************************
Total walltime                     :  75.448 sec
___________________________________________________________________________

***************************************************************************
*             Material Physics & Mechanics Group, Georgia Tech            *
*                       PI: Phanish Suryanarayana                         *
*               List of contributors: See the documentation               *
*         Citation: See README.md or the documentation for details        *
*  Acknowledgements: U.S. DOE (DE-SC0019410)                              *
*      {Preliminary developments: U.S. NSF (1333500,1663244,1553212)}     *
***************************************************************************
                                                                           
