***************************************************************************
*                       SPARC (version Aug 16, 2022)                      *
*   Copyright (c) 2020 Material Physics & Mechanics Group, Georgia Tech   *
*           Distributed under GNU General Public License 3 (GPL)          *
*                   Start time: Fri Aug 16 15:19:42 2024                  *
***************************************************************************
                           Input parameters                                
***************************************************************************
LATVEC_SCALE: 23.7633060323994 23.7633060323994 23.7633060323994 
LATVEC:
1 0 0 
0 1 0 
0 0 1 
FD_GRID: 59 59 59
FD_ORDER: 12
BC: P P P
KPOINT_GRID: 1 1 1
KPOINT_SHIFT: 0 0 0
SPIN_TYP: 0
ELEC_TEMP_TYPE: Fermi-Dirac
SMEARING: 0.00200001251
EXCHANGE_CORRELATION: GGA_PBE
NSTATES: 158
CHEB_DEGREE: 20
CHEFSI_BOUND_FLAG: 0
CALC_STRESS: 1
MAXIT_SCF: 500
MINIT_SCF: 1
MAXIT_POISSON: 3000
TOL_SCF: 1.00E-06
POISSON_SOLVER: AAR
TOL_POISSON: 1.00E-08
TOL_LANCZOS: 1.00E-02
TOL_PSEUDOCHARGE: 1.00E-08
MIXING_VARIABLE: density
MIXING_PRECOND: kerker
TOL_PRECOND: 1.62E-04
PRECOND_KERKER_KTF: 1
PRECOND_KERKER_THRESH: 0.1
MIXING_PARAMETER: 0.3
MIXING_HISTORY: 7
PULAY_FREQUENCY: 1
PULAY_RESTART: 0
REFERENCE_CUTOFF: 0.5
RHO_TRIGGER: 0
FIX_RAND: 0
VERBOSITY: 1
PRINT_FORCES: 1
PRINT_ATOMS: 1
PRINT_EIGEN: 0
PRINT_DENSITY: 1
PRINT_ENERGY_DENSITY: 1
OUTPUT_FILE: sim
***************************************************************************
                                Cell                                       
***************************************************************************
Lattice vectors (Bohr):
23.763306032399374 0.000000000000000 0.000000000000000 
0.000000000000000 23.763306032399374 0.000000000000000 
0.000000000000000 0.000000000000000 23.763306032399374 
Volume: 1.3419013294E+04 (Bohr^3)
***************************************************************************
                           Parallelization                                 
***************************************************************************
NP_SPIN_PARAL: 1
NP_KPOINT_PARAL: 1
NP_BAND_PARAL: 32
NP_DOMAIN_PARAL: 1 1 1
NP_DOMAIN_PHI_PARAL: 2 4 4
EIG_SERIAL_MAXNS: 10000
***************************************************************************
                             Initialization                                
***************************************************************************
Number of processors               :  32
Mesh spacing                       :  0.402768 (Bohr)
Integration weights                :  0.06533780617
Number of symmetry adapted k-points:  1
Output printed to                  :  sim.out
Total number of atom types         :  2
Total number of atoms              :  64
Total number of electrons          :  256
Atom type 1  (valence electrons)   :  Si 4
Pseudopotential                    :  /u/home/a/agangan2/SiGeSn_data/psps/14_Si_4_1.9_1.9_pbe_n_v1.0.psp8
Pseudocharge radii of atom type 1  :  8.06 8.06 8.06 (x, y, z dir)
Number of atoms of type 1          :  16
Atom type 2  (valence electrons)   :  Sn 4
Pseudopotential                    :  /u/home/a/agangan2/SiGeSn_data/psps/Sn.psp8
Pseudocharge radii of atom type 2  :  8.46 8.46 8.46 (x, y, z dir)
Number of atoms of type 2          :  48
Estimated total memory usage       :  1.49 GB
Estimated memory per processor     :  47.79 MB
===================================================================
                    Self Consistent Field (SCF#1)                     
===================================================================
Iteration     Free Energy (Ha/atom)   SCF Error        Timing (sec)
1            -3.2098937034E+00        INF        4.560
2             1.3577292760E+00        3.753E-01        16.360
3            -3.9943561616E+00        1.485E-01        9.799
4            -4.5723846613E+00        2.086E-01        10.533
5            -4.6519878848E+00        2.185E-01        4.133
6            -4.6666577569E+00        2.241E-01        5.406
7            -4.6697212373E+00        2.259E-01        11.704
8            -4.6702854073E+00        2.264E-01        12.084
9            -4.6704300180E+00        2.325E-01        8.923
10           -4.6727130563E+00        2.682E-01        16.778
11           -4.5903247341E+00        2.460E-01        13.278
12           -4.6018659402E+00        1.705E-01        8.670
13           -4.6242573140E+00        1.240E-01        12.347
14           -4.6183370543E+00        3.039E-02        9.158
15           -4.6172040851E+00        3.210E-02        9.330
16           -4.6163064962E+00        1.726E-02        12.730
17           -4.6149788265E+00        5.216E-03        14.863
18           -4.6152244078E+00        2.851E-03        12.467
19           -4.6149837833E+00        1.421E-03        8.100
20           -4.6150242750E+00        7.780E-04        10.474
21           -4.6150676663E+00        2.900E-04        10.960
22           -4.6150739206E+00        1.801E-04        8.217
23           -4.6150712397E+00        6.766E-05        8.767
24           -4.6150711318E+00        4.865E-05        4.946
25           -4.6150716912E+00        2.845E-05        5.121
26           -4.6150724362E+00        1.616E-05        4.317
27           -4.6150720719E+00        8.512E-06        7.545
28           -4.6150716866E+00        4.389E-06        6.530
29           -4.6150719004E+00        1.628E-06        4.482
30           -4.6150719880E+00        1.212E-06        6.785
31           -4.6150721590E+00        4.277E-07        2.107
Total number of SCF: 31    
====================================================================
                    Energy and force calculation                    
====================================================================
Free energy per atom               : -4.6150721698E+00 (Ha/atom)
Total free energy                  : -2.9536461887E+02 (Ha)
Band structure energy              : -1.2145022459E+01 (Ha)
Exchange correlation energy        : -1.4284097341E+02 (Ha)
Self and correction energy         : -4.4413364552E+02 (Ha)
Entropy*kb*T                       : -1.3101833853E-02 (Ha)
Fermi level                        :  1.2698972973E-01 (Ha)
RMS force                          :  1.8599659967E-02 (Ha/Bohr)
Maximum force                      :  3.0729427705E-02 (Ha/Bohr)
Time for force calculation         :  0.456 (sec)
Pressure                           :  3.3851832045E+00 (GPa)
Maximum stress                     :  3.3860150763E+00 (GPa)
Time for stress calculation        :  0.787 (sec)
***************************************************************************
                               Timing info                                 
***************************************************************************
Total walltime                     :  296.856 sec
___________________________________________________________________________

***************************************************************************
*             Material Physics & Mechanics Group, Georgia Tech            *
*                       PI: Phanish Suryanarayana                         *
*               List of contributors: See the documentation               *
*         Citation: See README.md or the documentation for details        *
*  Acknowledgements: U.S. DOE (DE-SC0019410)                              *
*      {Preliminary developments: U.S. NSF (1333500,1663244,1553212)}     *
***************************************************************************
                                                                           
