***************************************************************************
*                       SPARC (version Aug 16, 2022)                      *
*   Copyright (c) 2020 Material Physics & Mechanics Group, Georgia Tech   *
*           Distributed under GNU General Public License 3 (GPL)          *
*                   Start time: Fri Aug 16 15:19:41 2024                  *
***************************************************************************
                           Input parameters                                
***************************************************************************
LATVEC_SCALE: 22.4877408974594 22.4877408974594 22.4877408974594 
LATVEC:
1 0 0 
0 1 0 
0 0 1 
FD_GRID: 56 56 56
FD_ORDER: 12
BC: P P P
KPOINT_GRID: 1 1 1
KPOINT_SHIFT: 0 0 0
SPIN_TYP: 0
ELEC_TEMP_TYPE: Fermi-Dirac
SMEARING: 0.00200001251
EXCHANGE_CORRELATION: GGA_PBE
NSTATES: 158
CHEB_DEGREE: 20
CHEFSI_BOUND_FLAG: 0
CALC_STRESS: 1
MAXIT_SCF: 500
MINIT_SCF: 1
MAXIT_POISSON: 3000
TOL_SCF: 1.00E-06
POISSON_SOLVER: AAR
TOL_POISSON: 1.00E-08
TOL_LANCZOS: 1.00E-02
TOL_PSEUDOCHARGE: 1.00E-08
MIXING_VARIABLE: density
MIXING_PRECOND: kerker
TOL_PRECOND: 1.61E-04
PRECOND_KERKER_KTF: 1
PRECOND_KERKER_THRESH: 0.1
MIXING_PARAMETER: 0.3
MIXING_HISTORY: 7
PULAY_FREQUENCY: 1
PULAY_RESTART: 0
REFERENCE_CUTOFF: 0.5
RHO_TRIGGER: 0
FIX_RAND: 0
VERBOSITY: 1
PRINT_FORCES: 1
PRINT_ATOMS: 1
PRINT_EIGEN: 0
PRINT_DENSITY: 1
PRINT_ENERGY_DENSITY: 1
OUTPUT_FILE: sim
***************************************************************************
                                Cell                                       
***************************************************************************
Lattice vectors (Bohr):
22.487740897459449 0.000000000000000 0.000000000000000 
0.000000000000000 22.487740897459449 0.000000000000000 
0.000000000000000 0.000000000000000 22.487740897459449 
Volume: 1.1372016630E+04 (Bohr^3)
***************************************************************************
                           Parallelization                                 
***************************************************************************
NP_SPIN_PARAL: 1
NP_KPOINT_PARAL: 1
NP_BAND_PARAL: 32
NP_DOMAIN_PARAL: 1 1 1
NP_DOMAIN_PHI_PARAL: 2 4 4
EIG_SERIAL_MAXNS: 10000
***************************************************************************
                             Initialization                                
***************************************************************************
Number of processors               :  32
Mesh spacing                       :  0.401567 (Bohr)
Integration weights                :  0.06475501452
Number of symmetry adapted k-points:  1
Output printed to                  :  sim.out
Total number of atom types         :  3
Total number of atoms              :  64
Total number of electrons          :  256
Atom type 1  (valence electrons)   :  Si 4
Pseudopotential                    :  /u/home/a/agangan2/SiGeSn_data/psps/14_Si_4_1.9_1.9_pbe_n_v1.0.psp8
Pseudocharge radii of atom type 1  :  8.03 8.03 8.03 (x, y, z dir)
Number of atoms of type 1          :  16
Atom type 2  (valence electrons)   :  Ge 4
Pseudopotential                    :  /u/home/a/agangan2/SiGeSn_data/psps/Ge-low.psp8
Pseudocharge radii of atom type 2  :  8.43 8.43 8.43 (x, y, z dir)
Number of atoms of type 2          :  24
Atom type 3  (valence electrons)   :  Sn 4
Pseudopotential                    :  /u/home/a/agangan2/SiGeSn_data/psps/Sn.psp8
Pseudocharge radii of atom type 3  :  8.43 8.43 8.43 (x, y, z dir)
Number of atoms of type 3          :  24
Estimated total memory usage       :  1.28 GB
Estimated memory per processor     :  40.87 MB
===================================================================
                    Self Consistent Field (SCF#1)                     
===================================================================
Iteration     Free Energy (Ha/atom)   SCF Error        Timing (sec)
1            -3.7764645253E+00        INF        27.674
2             6.9237071479E-01        3.409E-01        48.002
3            -4.6127143815E+00        1.607E-01        34.658
4            -5.1636058673E+00        2.164E-01        33.143
5            -5.2366312870E+00        2.259E-01        26.843
6            -5.2501823923E+00        2.321E-01        26.604
7            -5.2528404001E+00        2.339E-01        28.510
8            -5.2532323705E+00        2.340E-01        33.014
9            -5.2524863395E+00        2.319E-01        37.085
10           -5.2447825465E+00        2.465E-01        40.074
11           -5.2109200594E+00        6.043E-01        38.579
12           -5.1968945695E+00        7.575E-01        37.163
13           -5.1979107595E+00        7.056E-01        41.301
14           -5.2205898764E+00        1.898E-01        37.862
15           -5.2128658110E+00        1.441E-01        38.365
16           -5.1992123101E+00        7.122E-02        37.263
17           -5.1923383699E+00        2.986E-02        35.192
18           -5.1933965343E+00        1.839E-02        36.992
19           -5.1930808858E+00        8.622E-03        34.269
20           -5.1924500919E+00        4.154E-03        32.899
21           -5.1924451461E+00        2.421E-03        29.328
22           -5.1923351913E+00        1.100E-03        27.987
23           -5.1923066052E+00        3.958E-04        18.138
24           -5.1922973386E+00        2.651E-04        17.155
25           -5.1923005346E+00        1.290E-04        16.516
26           -5.1922973259E+00        8.894E-05        16.750
27           -5.1922830612E+00        4.351E-05        15.353
28           -5.1922790717E+00        2.548E-05        15.586
29           -5.1922786663E+00        1.460E-05        14.700
30           -5.1922790902E+00        7.240E-06        13.487
31           -5.1922791371E+00        5.132E-06        13.217
32           -5.1922795862E+00        2.274E-06        11.306
33           -5.1922796164E+00        1.220E-06        3.480
34           -5.1922796817E+00        4.866E-07        2.770
Total number of SCF: 34    
====================================================================
                    Energy and force calculation                    
====================================================================
Free energy per atom               : -5.1922797103E+00 (Ha/atom)
Total free energy                  : -3.3230590146E+02 (Ha)
Band structure energy              : -8.4211960632E+00 (Ha)
Exchange correlation energy        : -1.7298123023E+02 (Ha)
Self and correction energy         : -5.2889950111E+02 (Ha)
Entropy*kb*T                       : -1.2256224416E-02 (Ha)
Fermi level                        :  1.5555952733E-01 (Ha)
RMS force                          :  2.6447725975E-02 (Ha/Bohr)
Maximum force                      :  4.4383591543E-02 (Ha/Bohr)
Time for force calculation         :  0.732 (sec)
Pressure                           :  4.3030509498E+00 (GPa)
Maximum stress                     :  4.3077700890E+00 (GPa)
Time for stress calculation        :  2.266 (sec)
***************************************************************************
                               Timing info                                 
***************************************************************************
Total walltime                     :  957.082 sec
___________________________________________________________________________

***************************************************************************
*             Material Physics & Mechanics Group, Georgia Tech            *
*                       PI: Phanish Suryanarayana                         *
*               List of contributors: See the documentation               *
*         Citation: See README.md or the documentation for details        *
*  Acknowledgements: U.S. DOE (DE-SC0019410)                              *
*      {Preliminary developments: U.S. NSF (1333500,1663244,1553212)}     *
***************************************************************************
                                                                           
