***************************************************************************
*                       SPARC (version Aug 16, 2022)                      *
*   Copyright (c) 2020 Material Physics & Mechanics Group, Georgia Tech   *
*           Distributed under GNU General Public License 3 (GPL)          *
*                   Start time: Fri Aug 16 15:19:41 2024                  *
***************************************************************************
                           Input parameters                                
***************************************************************************
LATVEC_SCALE: 23.3381176540861 23.3381176540861 23.3381176540861 
LATVEC:
1 0 0 
0 1 0 
0 0 1 
FD_GRID: 58 58 58
FD_ORDER: 12
BC: P P P
KPOINT_GRID: 1 1 1
KPOINT_SHIFT: 0 0 0
SPIN_TYP: 0
ELEC_TEMP_TYPE: Fermi-Dirac
SMEARING: 0.00200001251
EXCHANGE_CORRELATION: GGA_PBE
NSTATES: 158
CHEB_DEGREE: 20
CHEFSI_BOUND_FLAG: 0
CALC_STRESS: 1
MAXIT_SCF: 500
MINIT_SCF: 1
MAXIT_POISSON: 3000
TOL_SCF: 1.00E-06
POISSON_SOLVER: AAR
TOL_POISSON: 1.00E-08
TOL_LANCZOS: 1.00E-02
TOL_PSEUDOCHARGE: 1.00E-08
MIXING_VARIABLE: density
MIXING_PRECOND: kerker
TOL_PRECOND: 1.62E-04
PRECOND_KERKER_KTF: 1
PRECOND_KERKER_THRESH: 0.1
MIXING_PARAMETER: 0.3
MIXING_HISTORY: 7
PULAY_FREQUENCY: 1
PULAY_RESTART: 0
REFERENCE_CUTOFF: 0.5
RHO_TRIGGER: 0
FIX_RAND: 0
VERBOSITY: 1
PRINT_FORCES: 1
PRINT_ATOMS: 1
PRINT_EIGEN: 0
PRINT_DENSITY: 1
PRINT_ENERGY_DENSITY: 1
OUTPUT_FILE: sim
***************************************************************************
                                Cell                                       
***************************************************************************
Lattice vectors (Bohr):
23.338117654086066 0.000000000000000 0.000000000000000 
0.000000000000000 23.338117654086066 0.000000000000000 
0.000000000000000 0.000000000000000 23.338117654086066 
Volume: 1.2711519697E+04 (Bohr^3)
***************************************************************************
                           Parallelization                                 
***************************************************************************
NP_SPIN_PARAL: 1
NP_KPOINT_PARAL: 1
NP_BAND_PARAL: 32
NP_DOMAIN_PARAL: 1 1 1
NP_DOMAIN_PHI_PARAL: 2 4 4
EIG_SERIAL_MAXNS: 10000
***************************************************************************
                             Initialization                                
***************************************************************************
Number of processors               :  32
Mesh spacing                       :  0.402381 (Bohr)
Integration weights                :  0.06514986109
Number of symmetry adapted k-points:  1
Output printed to                  :  sim.out
Total number of atom types         :  3
Total number of atoms              :  64
Total number of electrons          :  256
Atom type 1  (valence electrons)   :  Si 4
Pseudopotential                    :  /u/home/a/agangan2/SiGeSn_data/psps/14_Si_4_1.9_1.9_pbe_n_v1.0.psp8
Pseudocharge radii of atom type 1  :  8.05 8.05 8.05 (x, y, z dir)
Number of atoms of type 1          :  16
Atom type 2  (valence electrons)   :  Ge 4
Pseudopotential                    :  /u/home/a/agangan2/SiGeSn_data/psps/Ge-low.psp8
Pseudocharge radii of atom type 2  :  8.45 8.45 8.45 (x, y, z dir)
Number of atoms of type 2          :  8
Atom type 3  (valence electrons)   :  Sn 4
Pseudopotential                    :  /u/home/a/agangan2/SiGeSn_data/psps/Sn.psp8
Pseudocharge radii of atom type 3  :  8.45 8.45 8.45 (x, y, z dir)
Number of atoms of type 3          :  40
Estimated total memory usage       :  1.42 GB
Estimated memory per processor     :  45.40 MB
===================================================================
                    Self Consistent Field (SCF#1)                     
===================================================================
Iteration     Free Energy (Ha/atom)   SCF Error        Timing (sec)
1            -3.3971372476E+00        INF        28.459
2             1.1232533057E+00        3.647E-01        45.710
3            -4.2070550413E+00        1.522E-01        36.231
4            -4.7755220682E+00        2.138E-01        33.573
5            -4.8483035985E+00        2.232E-01        29.360
6            -4.8618838943E+00        2.293E-01        28.886
7            -4.8644263317E+00        2.306E-01        32.884
8            -4.8643113282E+00        2.291E-01        38.795
9            -4.8474584508E+00        2.066E-01        39.046
10           -4.8380359343E+00        2.238E-01        40.334
11           -4.8327761262E+00        2.574E-01        36.802
12           -4.8356300901E+00        3.030E-01        34.265
13           -4.8347676005E+00        3.060E-01        40.378
14           -4.8097689529E+00        7.339E-02        36.836
15           -4.8109205438E+00        6.490E-02        37.591
16           -4.8105897910E+00        3.691E-02        38.192
17           -4.8080090748E+00        1.463E-02        35.505
18           -4.8071953337E+00        7.624E-03        35.606
19           -4.8069425050E+00        2.690E-03        33.125
20           -4.8068868107E+00        1.763E-03        33.157
21           -4.8069014915E+00        6.887E-04        29.913
22           -4.8068446837E+00        4.672E-04        22.879
23           -4.8067896684E+00        2.490E-04        18.653
24           -4.8067820152E+00        1.558E-04        17.658
25           -4.8067886605E+00        9.787E-05        15.765
26           -4.8067948684E+00        6.947E-05        17.007
27           -4.8068008748E+00        1.888E-05        13.957
28           -4.8068011557E+00        1.334E-05        15.743
29           -4.8068021804E+00        4.534E-06        12.663
30           -4.8068023823E+00        3.145E-06        14.979
31           -4.8068025931E+00        9.535E-07        5.785
Total number of SCF: 31    
====================================================================
                    Energy and force calculation                    
====================================================================
Free energy per atom               : -4.8068026223E+00 (Ha/atom)
Total free energy                  : -3.0763536783E+02 (Ha)
Band structure energy              : -1.0940675577E+01 (Ha)
Exchange correlation energy        : -1.5290120934E+02 (Ha)
Self and correction energy         : -4.7238584322E+02 (Ha)
Entropy*kb*T                       : -1.2681995181E-02 (Ha)
Fermi level                        :  1.3689204050E-01 (Ha)
RMS force                          :  2.1954074207E-02 (Ha/Bohr)
Maximum force                      :  3.5380094788E-02 (Ha/Bohr)
Time for force calculation         :  1.133 (sec)
Pressure                           :  3.6432475647E+00 (GPa)
Maximum stress                     :  3.6618262354E+00 (GPa)
Time for stress calculation        :  3.404 (sec)
***************************************************************************
                               Timing info                                 
***************************************************************************
Total walltime                     :  945.064 sec
___________________________________________________________________________

***************************************************************************
*             Material Physics & Mechanics Group, Georgia Tech            *
*                       PI: Phanish Suryanarayana                         *
*               List of contributors: See the documentation               *
*         Citation: See README.md or the documentation for details        *
*  Acknowledgements: U.S. DOE (DE-SC0019410)                              *
*      {Preliminary developments: U.S. NSF (1333500,1663244,1553212)}     *
***************************************************************************
                                                                           
