***************************************************************************
*                       SPARC (version Aug 16, 2022)                      *
*   Copyright (c) 2020 Material Physics & Mechanics Group, Georgia Tech   *
*           Distributed under GNU General Public License 3 (GPL)          *
*                   Start time: Fri Aug 16 15:19:48 2024                  *
***************************************************************************
                           Input parameters                                
***************************************************************************
LATVEC_SCALE: 22.8042700235371 22.8042700235371 22.8042700235371 
LATVEC:
1 0 0 
0 1 0 
0 0 1 
FD_GRID: 57 57 57
FD_ORDER: 12
BC: P P P
KPOINT_GRID: 1 1 1
KPOINT_SHIFT: 0 0 0
SPIN_TYP: 0
ELEC_TEMP_TYPE: Fermi-Dirac
SMEARING: 0.00200001251
EXCHANGE_CORRELATION: GGA_PBE
NSTATES: 158
CHEB_DEGREE: 20
CHEFSI_BOUND_FLAG: 0
CALC_STRESS: 1
MAXIT_SCF: 500
MINIT_SCF: 1
MAXIT_POISSON: 3000
TOL_SCF: 1.00E-06
POISSON_SOLVER: AAR
TOL_POISSON: 1.00E-08
TOL_LANCZOS: 1.00E-02
TOL_PSEUDOCHARGE: 1.00E-08
MIXING_VARIABLE: density
MIXING_PRECOND: kerker
TOL_PRECOND: 1.60E-04
PRECOND_KERKER_KTF: 1
PRECOND_KERKER_THRESH: 0.1
MIXING_PARAMETER: 0.3
MIXING_HISTORY: 7
PULAY_FREQUENCY: 1
PULAY_RESTART: 0
REFERENCE_CUTOFF: 0.5
RHO_TRIGGER: 0
FIX_RAND: 0
VERBOSITY: 1
PRINT_FORCES: 1
PRINT_ATOMS: 1
PRINT_EIGEN: 0
PRINT_DENSITY: 1
PRINT_ENERGY_DENSITY: 1
OUTPUT_FILE: sim
***************************************************************************
                                Cell                                       
***************************************************************************
Lattice vectors (Bohr):
22.804270023537136 0.000000000000000 0.000000000000000 
0.000000000000000 22.804270023537136 0.000000000000000 
0.000000000000000 0.000000000000000 22.804270023537136 
Volume: 1.1859012434E+04 (Bohr^3)
***************************************************************************
                           Parallelization                                 
***************************************************************************
NP_SPIN_PARAL: 1
NP_KPOINT_PARAL: 1
NP_BAND_PARAL: 32
NP_DOMAIN_PARAL: 1 1 1
NP_DOMAIN_PHI_PARAL: 2 4 4
EIG_SERIAL_MAXNS: 10000
***************************************************************************
                             Initialization                                
***************************************************************************
Number of processors               :  32
Mesh spacing                       :  0.400075 (Bohr)
Integration weights                :  0.06403596483
Number of symmetry adapted k-points:  1
Output printed to                  :  sim.out
Total number of atom types         :  3
Total number of atoms              :  64
Total number of electrons          :  256
Atom type 1  (valence electrons)   :  Si 4
Pseudopotential                    :  /u/home/a/agangan2/SiGeSn_data/psps/14_Si_4_1.9_1.9_pbe_n_v1.0.psp8
Pseudocharge radii of atom type 1  :  8.00 8.00 8.00 (x, y, z dir)
Number of atoms of type 1          :  24
Atom type 2  (valence electrons)   :  Ge 4
Pseudopotential                    :  /u/home/a/agangan2/SiGeSn_data/psps/Ge-low.psp8
Pseudocharge radii of atom type 2  :  8.40 8.40 8.40 (x, y, z dir)
Number of atoms of type 2          :  8
Atom type 3  (valence electrons)   :  Sn 4
Pseudopotential                    :  /u/home/a/agangan2/SiGeSn_data/psps/Sn.psp8
Pseudocharge radii of atom type 3  :  8.40 8.40 8.40 (x, y, z dir)
Number of atoms of type 3          :  32
Estimated total memory usage       :  1.35 GB
Estimated memory per processor     :  43.09 MB
===================================================================
                    Self Consistent Field (SCF#1)                     
===================================================================
Iteration     Free Energy (Ha/atom)   SCF Error        Timing (sec)
1            -3.3356374985E+00        INF        17.590
2             1.1992328734E+00        3.428E-01        28.691
3            -4.1348784265E+00        1.614E-01        24.785
4            -4.7010439755E+00        2.148E-01        22.518
5            -4.7758209211E+00        2.234E-01        21.182
6            -4.7897840704E+00        2.308E-01        23.067
7            -4.7923901323E+00        2.324E-01        23.567
8            -4.7922232091E+00        2.311E-01        25.436
9            -4.7785454653E+00        2.415E-01        25.637
10           -4.7739073853E+00        2.833E-01        25.523
11           -4.7694426688E+00        3.496E-01        24.187
12           -4.7685710259E+00        3.577E-01        25.072
13           -4.7694377896E+00        3.457E-01        26.162
14           -4.7454346829E+00        1.559E-01        25.742
15           -4.7426157648E+00        1.228E-01        25.783
16           -4.7409739560E+00        4.358E-02        23.702
17           -4.7380457143E+00        3.247E-02        24.927
18           -4.7377422348E+00        1.205E-02        24.203
19           -4.7373557101E+00        7.834E-03        23.216
20           -4.7374754545E+00        4.083E-03        23.512
21           -4.7372134290E+00        2.138E-03        21.902
22           -4.7369329060E+00        1.201E-03        20.917
23           -4.7369070996E+00        5.079E-04        19.315
24           -4.7368933721E+00        2.663E-04        18.758
25           -4.7368862138E+00        1.083E-04        14.399
26           -4.7368858019E+00        6.061E-05        3.190
27           -4.7368807842E+00        3.536E-05        2.650
28           -4.7368807637E+00        2.092E-05        2.948
29           -4.7368815208E+00        1.592E-05        3.087
30           -4.7368834951E+00        6.550E-06        2.871
31           -4.7368840926E+00        4.115E-06        2.553
32           -4.7368846866E+00        2.046E-06        2.767
33           -4.7368847974E+00        1.098E-06        2.315
34           -4.7368848231E+00        6.471E-07        1.798
Total number of SCF: 34    
====================================================================
                    Energy and force calculation                    
====================================================================
Free energy per atom               : -4.7368848544E+00 (Ha/atom)
Total free energy                  : -3.0316063068E+02 (Ha)
Band structure energy              : -9.7969738495E+00 (Ha)
Exchange correlation energy        : -1.4542418813E+02 (Ha)
Self and correction energy         : -4.7504434479E+02 (Ha)
Entropy*kb*T                       : -1.1361818838E-02 (Ha)
Fermi level                        :  1.4580886740E-01 (Ha)
RMS force                          :  2.6947622236E-02 (Ha/Bohr)
Maximum force                      :  4.0256213855E-02 (Ha/Bohr)
Time for force calculation         :  0.552 (sec)
Pressure                           :  3.6388407211E+00 (GPa)
Maximum stress                     :  3.6527237100E+00 (GPa)
Time for stress calculation        :  1.062 (sec)
***************************************************************************
                               Timing info                                 
***************************************************************************
Total walltime                     :  627.549 sec
___________________________________________________________________________

***************************************************************************
*             Material Physics & Mechanics Group, Georgia Tech            *
*                       PI: Phanish Suryanarayana                         *
*               List of contributors: See the documentation               *
*         Citation: See README.md or the documentation for details        *
*  Acknowledgements: U.S. DOE (DE-SC0019410)                              *
*      {Preliminary developments: U.S. NSF (1333500,1663244,1553212)}     *
***************************************************************************
                                                                           
