***************************************************************************
*                       SPARC (version Aug 16, 2022)                      *
*   Copyright (c) 2020 Material Physics & Mechanics Group, Georgia Tech   *
*           Distributed under GNU General Public License 3 (GPL)          *
*                   Start time: Fri Aug 16 15:20:06 2024                  *
***************************************************************************
                           Input parameters                                
***************************************************************************
LATVEC_SCALE: 20.5602202491058 20.5602202491058 20.5602202491058 
LATVEC:
1 0 0 
0 1 0 
0 0 1 
FD_GRID: 51 51 51
FD_ORDER: 12
BC: P P P
KPOINT_GRID: 1 1 1
KPOINT_SHIFT: 0 0 0
SPIN_TYP: 0
ELEC_TEMP_TYPE: Fermi-Dirac
SMEARING: 0.00200001251
EXCHANGE_CORRELATION: GGA_PBE
NSTATES: 158
CHEB_DEGREE: 20
CHEFSI_BOUND_FLAG: 0
CALC_STRESS: 1
MAXIT_SCF: 500
MINIT_SCF: 1
MAXIT_POISSON: 3000
TOL_SCF: 1.00E-06
POISSON_SOLVER: AAR
TOL_POISSON: 1.00E-08
TOL_LANCZOS: 1.00E-02
TOL_PSEUDOCHARGE: 1.00E-08
MIXING_VARIABLE: density
MIXING_PRECOND: kerker
TOL_PRECOND: 1.63E-04
PRECOND_KERKER_KTF: 1
PRECOND_KERKER_THRESH: 0.1
MIXING_PARAMETER: 0.3
MIXING_HISTORY: 7
PULAY_FREQUENCY: 1
PULAY_RESTART: 0
REFERENCE_CUTOFF: 0.5
RHO_TRIGGER: 0
FIX_RAND: 0
VERBOSITY: 1
PRINT_FORCES: 1
PRINT_ATOMS: 1
PRINT_EIGEN: 0
PRINT_DENSITY: 1
PRINT_ENERGY_DENSITY: 1
OUTPUT_FILE: sim
***************************************************************************
                                Cell                                       
***************************************************************************
Lattice vectors (Bohr):
20.560220249105782 0.000000000000000 0.000000000000000 
0.000000000000000 20.560220249105782 0.000000000000000 
0.000000000000000 0.000000000000000 20.560220249105782 
Volume: 8.6912709259E+03 (Bohr^3)
***************************************************************************
                           Parallelization                                 
***************************************************************************
NP_SPIN_PARAL: 1
NP_KPOINT_PARAL: 1
NP_BAND_PARAL: 32
NP_DOMAIN_PARAL: 1 1 1
NP_DOMAIN_PHI_PARAL: 2 4 4
EIG_SERIAL_MAXNS: 10000
***************************************************************************
                             Initialization                                
***************************************************************************
Number of processors               :  32
Mesh spacing                       :  0.403142 (Bohr)
Integration weights                :  0.06551982967
Number of symmetry adapted k-points:  1
Output printed to                  :  sim.out
Total number of atom types         :  1
Total number of atoms              :  64
Total number of electrons          :  256
Atom type 1  (valence electrons)   :  Si 4
Pseudopotential                    :  /u/home/a/agangan2/SiGeSn_data/psps/14_Si_4_1.9_1.9_pbe_n_v1.0.psp8
Pseudocharge radii of atom type 1  :  8.06 8.06 8.06 (x, y, z dir)
Number of atoms of type 1          :  64
Estimated total memory usage       :  987.76 MB
Estimated memory per processor     :  30.87 MB
===================================================================
                    Self Consistent Field (SCF#1)                     
===================================================================
Iteration     Free Energy (Ha/atom)   SCF Error        Timing (sec)
1            -2.8389729062E+00        INF        3.350
2             1.1765542899E+00        2.421E-01        10.842
3            -3.6914219185E+00        1.766E-01        7.768
4            -4.1881670115E+00        2.361E-01        7.291
5            -4.2560421193E+00        2.572E-01        7.629
6            -4.2668570763E+00        2.648E-01        6.445
7            -4.2684561379E+00        2.663E-01        6.177
8            -4.2686969586E+00        2.666E-01        7.030
9            -4.2686081843E+00        2.659E-01        8.221
10           -4.2528018396E+00        2.536E-01        8.431
11           -4.1582570469E+00        5.106E-01        8.395
12           -4.1976635058E+00        3.750E-01        8.101
13           -4.2335723484E+00        1.993E-01        8.398
14           -4.2181859261E+00        6.525E-02        8.695
15           -4.2195318263E+00        7.128E-02        8.437
16           -4.2163386406E+00        3.288E-02        7.567
17           -4.2152677003E+00        2.275E-02        8.083
18           -4.2146355592E+00        5.395E-03        7.655
19           -4.2146969058E+00        3.439E-03        7.201
20           -4.2144902738E+00        1.190E-03        7.097
21           -4.2145029186E+00        6.315E-04        6.447
22           -4.2145148740E+00        3.343E-04        6.653
23           -4.2144888865E+00        1.226E-04        6.219
24           -4.2144762698E+00        7.266E-05        6.103
25           -4.2144754977E+00        2.599E-05        5.476
26           -4.2144757250E+00        1.220E-05        1.286
27           -4.2144755812E+00        8.029E-06        1.891
28           -4.2144752651E+00        4.812E-06        2.639
29           -4.2144754214E+00        2.737E-06        1.835
30           -4.2144756383E+00        1.654E-06        2.013
31           -4.2144757063E+00        9.462E-07        0.978
Total number of SCF: 31    
====================================================================
                    Energy and force calculation                    
====================================================================
Free energy per atom               : -4.2144756997E+00 (Ha/atom)
Total free energy                  : -2.6972644478E+02 (Ha)
Band structure energy              : -6.1519143252E+00 (Ha)
Exchange correlation energy        : -9.8183689846E+01 (Ha)
Self and correction energy         : -4.6006022597E+02 (Ha)
Entropy*kb*T                       : -4.1315711073E-04 (Ha)
Fermi level                        :  1.7311166415E-01 (Ha)
RMS force                          :  5.2511345853E-05 (Ha/Bohr)
Maximum force                      :  1.1193622822E-04 (Ha/Bohr)
Time for force calculation         :  0.295 (sec)
Pressure                           :  2.2654152762E+00 (GPa)
Maximum stress                     :  2.2654155641E+00 (GPa)
Time for stress calculation        :  0.865 (sec)
***************************************************************************
                               Timing info                                 
***************************************************************************
Total walltime                     :  202.957 sec
___________________________________________________________________________

***************************************************************************
*             Material Physics & Mechanics Group, Georgia Tech            *
*                       PI: Phanish Suryanarayana                         *
*               List of contributors: See the documentation               *
*         Citation: See README.md or the documentation for details        *
*  Acknowledgements: U.S. DOE (DE-SC0019410)                              *
*      {Preliminary developments: U.S. NSF (1333500,1663244,1553212)}     *
***************************************************************************
                                                                           
