***************************************************************************
*                       SPARC (version Aug 16, 2022)                      *
*   Copyright (c) 2020 Material Physics & Mechanics Group, Georgia Tech   *
*           Distributed under GNU General Public License 3 (GPL)          *
*                   Start time: Fri Aug 16 15:19:43 2024                  *
***************************************************************************
                           Input parameters                                
***************************************************************************
LATVEC_SCALE: 21.6373641408328 21.6373641408328 21.6373641408328 
LATVEC:
1 0 0 
0 1 0 
0 0 1 
FD_GRID: 54 54 54
FD_ORDER: 12
BC: P P P
KPOINT_GRID: 1 1 1
KPOINT_SHIFT: 0 0 0
SPIN_TYP: 0
ELEC_TEMP_TYPE: Fermi-Dirac
SMEARING: 0.00200001251
EXCHANGE_CORRELATION: GGA_PBE
NSTATES: 158
CHEB_DEGREE: 20
CHEFSI_BOUND_FLAG: 0
CALC_STRESS: 1
MAXIT_SCF: 500
MINIT_SCF: 1
MAXIT_POISSON: 3000
TOL_SCF: 1.00E-06
POISSON_SOLVER: AAR
TOL_POISSON: 1.00E-08
TOL_LANCZOS: 1.00E-02
TOL_PSEUDOCHARGE: 1.00E-08
MIXING_VARIABLE: density
MIXING_PRECOND: kerker
TOL_PRECOND: 1.61E-04
PRECOND_KERKER_KTF: 1
PRECOND_KERKER_THRESH: 0.1
MIXING_PARAMETER: 0.3
MIXING_HISTORY: 7
PULAY_FREQUENCY: 1
PULAY_RESTART: 0
REFERENCE_CUTOFF: 0.5
RHO_TRIGGER: 0
FIX_RAND: 0
VERBOSITY: 1
PRINT_FORCES: 1
PRINT_ATOMS: 1
PRINT_EIGEN: 0
PRINT_DENSITY: 1
PRINT_ENERGY_DENSITY: 1
OUTPUT_FILE: sim
***************************************************************************
                                Cell                                       
***************************************************************************
Lattice vectors (Bohr):
21.637364140832830 0.000000000000000 0.000000000000000 
0.000000000000000 21.637364140832830 0.000000000000000 
0.000000000000000 0.000000000000000 21.637364140832830 
Volume: 1.0130084359E+04 (Bohr^3)
***************************************************************************
                           Parallelization                                 
***************************************************************************
NP_SPIN_PARAL: 1
NP_KPOINT_PARAL: 1
NP_BAND_PARAL: 32
NP_DOMAIN_PARAL: 1 1 1
NP_DOMAIN_PHI_PARAL: 2 4 4
EIG_SERIAL_MAXNS: 10000
***************************************************************************
                             Initialization                                
***************************************************************************
Number of processors               :  32
Mesh spacing                       :  0.400692 (Bohr)
Integration weights                :  0.06433270055
Number of symmetry adapted k-points:  1
Output printed to                  :  sim.out
Total number of atom types         :  3
Total number of atoms              :  64
Total number of electrons          :  256
Atom type 1  (valence electrons)   :  Si 4
Pseudopotential                    :  /u/home/a/agangan2/SiGeSn_data/psps/14_Si_4_1.9_1.9_pbe_n_v1.0.psp8
Pseudocharge radii of atom type 1  :  8.01 8.01 8.01 (x, y, z dir)
Number of atoms of type 1          :  16
Atom type 2  (valence electrons)   :  Ge 4
Pseudopotential                    :  /u/home/a/agangan2/SiGeSn_data/psps/Ge-low.psp8
Pseudocharge radii of atom type 2  :  8.41 8.41 8.41 (x, y, z dir)
Number of atoms of type 2          :  40
Atom type 3  (valence electrons)   :  Sn 4
Pseudopotential                    :  /u/home/a/agangan2/SiGeSn_data/psps/Sn.psp8
Pseudocharge radii of atom type 3  :  8.41 8.41 8.41 (x, y, z dir)
Number of atoms of type 3          :  8
Estimated total memory usage       :  1.15 GB
Estimated memory per processor     :  36.64 MB
===================================================================
                    Self Consistent Field (SCF#1)                     
===================================================================
Iteration     Free Energy (Ha/atom)   SCF Error        Timing (sec)
1            -4.1641450109E+00        INF        0.120
2             2.2577541523E-01        3.138E-01        0.698
3            -5.0265154520E+00        1.604E-01        0.676
4            -5.5611397016E+00        2.194E-01        0.673
5            -5.6284964670E+00        2.325E-01        0.615
6            -5.6390956949E+00        2.395E-01        0.656
7            -5.6404216298E+00        2.394E-01        0.693
8            -5.6363251348E+00        2.222E-01        0.814
9            -5.5848575026E+00        9.880E-02        1.208
10           -5.5852089297E+00        7.087E-02        1.135
11           -5.5725458519E+00        5.738E-02        0.876
12           -5.5805305218E+00        3.578E-02        0.651
13           -5.5798703032E+00        2.460E-02        0.666
14           -5.5782485627E+00        1.911E-02        0.824
15           -5.5780175205E+00        9.282E-03        0.604
16           -5.5778679571E+00        2.097E-03        0.606
17           -5.5777869201E+00        1.274E-03        0.552
18           -5.5778230914E+00        4.096E-04        0.520
19           -5.5777887932E+00        2.620E-04        0.607
20           -5.5778087942E+00        9.340E-05        0.572
21           -5.5778053789E+00        5.026E-05        0.561
22           -5.5778079322E+00        2.722E-05        0.571
23           -5.5778088560E+00        1.301E-05        0.551
24           -5.5778080057E+00        4.783E-06        0.811
25           -5.5778077074E+00        2.973E-06        0.787
26           -5.5778072520E+00        1.358E-06        0.718
27           -5.5778071834E+00        7.923E-07        0.589
Total number of SCF: 27    
====================================================================
                    Energy and force calculation                    
====================================================================
Free energy per atom               : -5.5778071422E+00 (Ha/atom)
Total free energy                  : -3.5697965710E+02 (Ha)
Band structure energy              : -5.2147559695E+00 (Ha)
Exchange correlation energy        : -1.9318961339E+02 (Ha)
Self and correction energy         : -5.8538532554E+02 (Ha)
Entropy*kb*T                       : -6.8687056352E-03 (Ha)
Fermi level                        :  1.8097393016E-01 (Ha)
RMS force                          :  1.8033505135E-02 (Ha/Bohr)
Maximum force                      :  5.0641050234E-02 (Ha/Bohr)
Time for force calculation         :  0.385 (sec)
Pressure                           :  3.7215776838E+00 (GPa)
Maximum stress                     :  3.7299867597E+00 (GPa)
Time for stress calculation        :  0.629 (sec)
***************************************************************************
                               Timing info                                 
***************************************************************************
Total walltime                     :  20.519 sec
___________________________________________________________________________

***************************************************************************
*             Material Physics & Mechanics Group, Georgia Tech            *
*                       PI: Phanish Suryanarayana                         *
*               List of contributors: See the documentation               *
*         Citation: See README.md or the documentation for details        *
*  Acknowledgements: U.S. DOE (DE-SC0019410)                              *
*      {Preliminary developments: U.S. NSF (1333500,1663244,1553212)}     *
***************************************************************************
                                                                           
