***************************************************************************
*                       SPARC (version Aug 16, 2022)                      *
*   Copyright (c) 2020 Material Physics & Mechanics Group, Georgia Tech   *
*           Distributed under GNU General Public License 3 (GPL)          *
*                   Start time: Fri Aug 16 15:19:56 2024                  *
***************************************************************************
                           Input parameters                                
***************************************************************************
LATVEC_SCALE: 21.311386384126 21.311386384126 21.311386384126 
LATVEC:
1 0 0 
0 1 0 
0 0 1 
FD_GRID: 53 53 53
FD_ORDER: 12
BC: P P P
KPOINT_GRID: 1 1 1
KPOINT_SHIFT: 0 0 0
SPIN_TYP: 0
ELEC_TEMP_TYPE: Fermi-Dirac
SMEARING: 0.00200001251
EXCHANGE_CORRELATION: GGA_PBE
NSTATES: 158
CHEB_DEGREE: 20
CHEFSI_BOUND_FLAG: 0
CALC_STRESS: 1
MAXIT_SCF: 500
MINIT_SCF: 1
MAXIT_POISSON: 3000
TOL_SCF: 1.00E-06
POISSON_SOLVER: AAR
TOL_POISSON: 1.00E-08
TOL_LANCZOS: 1.00E-02
TOL_PSEUDOCHARGE: 1.00E-08
MIXING_VARIABLE: density
MIXING_PRECOND: kerker
TOL_PRECOND: 1.62E-04
PRECOND_KERKER_KTF: 1
PRECOND_KERKER_THRESH: 0.1
MIXING_PARAMETER: 0.3
MIXING_HISTORY: 7
PULAY_FREQUENCY: 1
PULAY_RESTART: 0
REFERENCE_CUTOFF: 0.5
RHO_TRIGGER: 0
FIX_RAND: 0
VERBOSITY: 1
PRINT_FORCES: 1
PRINT_ATOMS: 1
PRINT_EIGEN: 0
PRINT_DENSITY: 1
PRINT_ENERGY_DENSITY: 1
OUTPUT_FILE: sim
***************************************************************************
                                Cell                                       
***************************************************************************
Lattice vectors (Bohr):
21.311386384125960 0.000000000000000 0.000000000000000 
0.000000000000000 21.311386384125960 0.000000000000000 
0.000000000000000 0.000000000000000 21.311386384125960 
Volume: 9.6791029519E+03 (Bohr^3)
***************************************************************************
                           Parallelization                                 
***************************************************************************
NP_SPIN_PARAL: 1
NP_KPOINT_PARAL: 1
NP_BAND_PARAL: 32
NP_DOMAIN_PARAL: 1 1 1
NP_DOMAIN_PHI_PARAL: 2 4 4
EIG_SERIAL_MAXNS: 10000
***************************************************************************
                             Initialization                                
***************************************************************************
Number of processors               :  32
Mesh spacing                       :  0.402102 (Bohr)
Integration weights                :  0.06501409185
Number of symmetry adapted k-points:  1
Output printed to                  :  sim.out
Total number of atom types         :  3
Total number of atoms              :  64
Total number of electrons          :  256
Atom type 1  (valence electrons)   :  Si 4
Pseudopotential                    :  /u/home/a/agangan2/SiGeSn_data/psps/14_Si_4_1.9_1.9_pbe_n_v1.0.psp8
Pseudocharge radii of atom type 1  :  8.04 8.04 8.04 (x, y, z dir)
Number of atoms of type 1          :  40
Atom type 2  (valence electrons)   :  Ge 4
Pseudopotential                    :  /u/home/a/agangan2/SiGeSn_data/psps/Ge-low.psp8
Pseudocharge radii of atom type 2  :  8.44 8.44 8.44 (x, y, z dir)
Number of atoms of type 2          :  16
Atom type 3  (valence electrons)   :  Sn 4
Pseudopotential                    :  /u/home/a/agangan2/SiGeSn_data/psps/Sn.psp8
Pseudocharge radii of atom type 3  :  8.44 8.44 8.44 (x, y, z dir)
Number of atoms of type 3          :  8
Estimated total memory usage       :  1.08 GB
Estimated memory per processor     :  34.64 MB
===================================================================
                    Self Consistent Field (SCF#1)                     
===================================================================
Iteration     Free Energy (Ha/atom)   SCF Error        Timing (sec)
1            -3.4072195735E+00        INF        2.991
2             8.1962238584E-01        2.858E-01        6.687
3            -4.2502137379E+00        1.703E-01        5.490
4            -4.7721050272E+00        2.268E-01        4.476
5            -4.8415543588E+00        2.423E-01        3.885
6            -4.8526100592E+00        2.491E-01        3.826
7            -4.8543417429E+00        2.502E-01        4.680
8            -4.8538878162E+00        2.464E-01        5.724
9            -4.8145380904E+00        1.184E-01        5.911
10           -4.8000251143E+00        1.045E-01        6.725
11           -4.7860505998E+00        7.734E-02        5.925
12           -4.7995806154E+00        4.205E-02        6.525
13           -4.7996065031E+00        3.326E-02        6.290
14           -4.7988803765E+00        3.097E-02        6.568
15           -4.7979488401E+00        3.044E-02        5.995
16           -4.7972057071E+00        8.896E-03        4.963
17           -4.7965181083E+00        5.089E-03        5.679
18           -4.7970186208E+00        1.635E-03        5.029
19           -4.7969993432E+00        1.174E-03        5.437
20           -4.7970079621E+00        3.294E-04        4.195
21           -4.7970122624E+00        2.052E-04        4.358
22           -4.7970090188E+00        9.127E-05        3.798
23           -4.7970082191E+00        6.296E-05        3.845
24           -4.7970088463E+00        3.553E-05        3.461
25           -4.7970106333E+00        1.832E-05        4.414
26           -4.7970108865E+00        9.216E-06        4.520
27           -4.7970108201E+00        4.126E-06        3.470
28           -4.7970114724E+00        1.354E-06        3.136
29           -4.7970115736E+00        8.847E-07        1.942
Total number of SCF: 29    
====================================================================
                    Energy and force calculation                    
====================================================================
Free energy per atom               : -4.7970116715E+00 (Ha/atom)
Total free energy                  : -3.0700874698E+02 (Ha)
Band structure energy              : -6.1687711665E+00 (Ha)
Exchange correlation energy        : -1.4065527711E+02 (Ha)
Self and correction energy         : -5.0860712616E+02 (Ha)
Entropy*kb*T                       : -6.9899896065E-04 (Ha)
Fermi level                        :  1.7637926162E-01 (Ha)
RMS force                          :  2.2178353590E-02 (Ha/Bohr)
Maximum force                      :  5.8885158845E-02 (Ha/Bohr)
Time for force calculation         :  0.370 (sec)
Pressure                           :  3.3915103274E+00 (GPa)
Maximum stress                     :  3.4064879775E+00 (GPa)
Time for stress calculation        :  0.997 (sec)
***************************************************************************
                               Timing info                                 
***************************************************************************
Total walltime                     :  147.581 sec
___________________________________________________________________________

***************************************************************************
*             Material Physics & Mechanics Group, Georgia Tech            *
*                       PI: Phanish Suryanarayana                         *
*               List of contributors: See the documentation               *
*         Citation: See README.md or the documentation for details        *
*  Acknowledgements: U.S. DOE (DE-SC0019410)                              *
*      {Preliminary developments: U.S. NSF (1333500,1663244,1553212)}     *
***************************************************************************
                                                                           
