***************************************************************************
*                       SPARC (version Aug 16, 2022)                      *
*   Copyright (c) 2020 Material Physics & Mechanics Group, Georgia Tech   *
*           Distributed under GNU General Public License 3 (GPL)          *
*                   Start time: Fri Aug 16 15:19:28 2024                  *
***************************************************************************
                           Input parameters                                
***************************************************************************
LATVEC_SCALE: 24.2971536629483 24.2971536629483 24.2971536629483 
LATVEC:
1 0 0 
0 1 0 
0 0 1 
FD_GRID: 61 61 61
FD_ORDER: 12
BC: P P P
KPOINT_GRID: 1 1 1
KPOINT_SHIFT: 0 0 0
SPIN_TYP: 0
ELEC_TEMP_TYPE: Fermi-Dirac
SMEARING: 0.00200001251
EXCHANGE_CORRELATION: GGA_PBE
NSTATES: 158
CHEB_DEGREE: 20
CHEFSI_BOUND_FLAG: 0
CALC_STRESS: 1
MAXIT_SCF: 500
MINIT_SCF: 1
MAXIT_POISSON: 3000
TOL_SCF: 1.00E-06
POISSON_SOLVER: AAR
TOL_POISSON: 1.00E-08
TOL_LANCZOS: 1.00E-02
TOL_PSEUDOCHARGE: 1.00E-08
MIXING_VARIABLE: density
MIXING_PRECOND: kerker
TOL_PRECOND: 1.59E-04
PRECOND_KERKER_KTF: 1
PRECOND_KERKER_THRESH: 0.1
MIXING_PARAMETER: 0.3
MIXING_HISTORY: 7
PULAY_FREQUENCY: 1
PULAY_RESTART: 0
REFERENCE_CUTOFF: 0.5
RHO_TRIGGER: 0
FIX_RAND: 0
VERBOSITY: 1
PRINT_FORCES: 1
PRINT_ATOMS: 1
PRINT_EIGEN: 0
PRINT_DENSITY: 1
PRINT_ENERGY_DENSITY: 1
OUTPUT_FILE: sim
***************************************************************************
                                Cell                                       
***************************************************************************
Lattice vectors (Bohr):
24.297153662948308 0.000000000000000 0.000000000000000 
0.000000000000000 24.297153662948308 0.000000000000000 
0.000000000000000 0.000000000000000 24.297153662948308 
Volume: 1.4343865390E+04 (Bohr^3)
***************************************************************************
                           Parallelization                                 
***************************************************************************
NP_SPIN_PARAL: 1
NP_KPOINT_PARAL: 1
NP_BAND_PARAL: 32
NP_DOMAIN_PARAL: 1 1 1
NP_DOMAIN_PHI_PARAL: 2 4 4
EIG_SERIAL_MAXNS: 10000
***************************************************************************
                             Initialization                                
***************************************************************************
Number of processors               :  32
Mesh spacing                       :  0.398314 (Bohr)
Integration weights                :  0.06319412369
Number of symmetry adapted k-points:  1
Output printed to                  :  sim.out
Total number of atom types         :  2
Total number of atoms              :  64
Total number of electrons          :  256
Atom type 1  (valence electrons)   :  Si 4
Pseudopotential                    :  /u/home/a/agangan2/SiGeSn_data/psps/14_Si_4_1.9_1.9_pbe_n_v1.0.psp8
Pseudocharge radii of atom type 1  :  7.97 7.97 7.97 (x, y, z dir)
Number of atoms of type 1          :  8
Atom type 2  (valence electrons)   :  Sn 4
Pseudopotential                    :  /u/home/a/agangan2/SiGeSn_data/psps/Sn.psp8
Pseudocharge radii of atom type 2  :  8.36 8.36 8.36 (x, y, z dir)
Number of atoms of type 2          :  56
Estimated total memory usage       :  1.65 GB
Estimated memory per processor     :  52.82 MB
===================================================================
                    Self Consistent Field (SCF#1)                     
===================================================================
Iteration     Free Energy (Ha/atom)   SCF Error        Timing (sec)
1            -3.2728862267E+00        INF        3.844
2             1.5228974609E+00        4.019E-01        10.510
3            -4.0100058300E+00        1.350E-01        8.749
4            -4.6422309565E+00        2.044E-01        3.373
5            -4.7235712402E+00        2.123E-01        7.973
6            -4.7385525831E+00        2.195E-01        7.415
7            -4.7414599349E+00        2.207E-01        7.813
8            -4.7405450032E+00        2.166E-01        7.649
9            -4.7181627916E+00        1.896E-01        8.538
10           -4.7141400965E+00        2.011E-01        7.231
11           -4.7129152993E+00        2.408E-01        6.986
12           -4.7151710762E+00        2.948E-01        7.231
13           -4.7118121213E+00        2.684E-01        9.222
14           -4.6914235403E+00        5.126E-02        8.374
15           -4.6902146287E+00        4.045E-02        8.714
16           -4.6869289300E+00        1.157E-02        8.248
17           -4.6871630438E+00        7.801E-03        8.112
18           -4.6866422247E+00        3.313E-03        8.039
19           -4.6866036036E+00        1.966E-03        7.930
20           -4.6864096090E+00        8.584E-04        7.225
21           -4.6864288697E+00        4.756E-04        6.791
22           -4.6864415694E+00        2.655E-04        6.699
23           -4.6864098662E+00        1.206E-04        6.408
24           -4.6864056867E+00        7.269E-05        6.469
25           -4.6864046583E+00        3.659E-05        5.793
26           -4.6864059107E+00        2.510E-05        6.311
27           -4.6864041017E+00        9.537E-06        5.561
28           -4.6864037184E+00        6.150E-06        5.012
29           -4.6864036882E+00        3.425E-06        4.790
30           -4.6864037920E+00        2.328E-06        5.165
31           -4.6864039867E+00        7.850E-07        2.851
Total number of SCF: 31    
====================================================================
                    Energy and force calculation                    
====================================================================
Free energy per atom               : -4.6864040099E+00 (Ha/atom)
Total free energy                  : -2.9992985663E+02 (Ha)
Band structure energy              : -1.3291767282E+01 (Ha)
Exchange correlation energy        : -1.5031153376E+02 (Ha)
Self and correction energy         : -4.4148438778E+02 (Ha)
Entropy*kb*T                       : -1.5306652804E-02 (Ha)
Fermi level                        :  1.1816259842E-01 (Ha)
RMS force                          :  9.6678580182E-03 (Ha/Bohr)
Maximum force                      :  2.5318389243E-02 (Ha/Bohr)
Time for force calculation         :  0.391 (sec)
Pressure                           :  2.8875485826E+00 (GPa)
Maximum stress                     :  2.8892214451E+00 (GPa)
Time for stress calculation        :  1.006 (sec)
***************************************************************************
                               Timing info                                 
***************************************************************************
Total walltime                     :  222.600 sec
___________________________________________________________________________

***************************************************************************
*             Material Physics & Mechanics Group, Georgia Tech            *
*                       PI: Phanish Suryanarayana                         *
*               List of contributors: See the documentation               *
*         Citation: See README.md or the documentation for details        *
*  Acknowledgements: U.S. DOE (DE-SC0019410)                              *
*      {Preliminary developments: U.S. NSF (1333500,1663244,1553212)}     *
***************************************************************************
                                                                           
