***************************************************************************
*                       SPARC (version Aug 16, 2022)                      *
*   Copyright (c) 2020 Material Physics & Mechanics Group, Georgia Tech   *
*           Distributed under GNU General Public License 3 (GPL)          *
*                   Start time: Fri Aug 16 15:19:51 2024                  *
***************************************************************************
                           Input parameters                                
***************************************************************************
LATVEC_SCALE: 21.1035165102839 21.1035165102839 21.1035165102839 
LATVEC:
1 0 0 
0 1 0 
0 0 1 
FD_GRID: 53 53 53
FD_ORDER: 12
BC: P P P
KPOINT_GRID: 1 1 1
KPOINT_SHIFT: 0 0 0
SPIN_TYP: 0
ELEC_TEMP_TYPE: Fermi-Dirac
SMEARING: 0.00200001251
EXCHANGE_CORRELATION: GGA_PBE
NSTATES: 158
CHEB_DEGREE: 20
CHEFSI_BOUND_FLAG: 0
CALC_STRESS: 1
MAXIT_SCF: 500
MINIT_SCF: 1
MAXIT_POISSON: 3000
TOL_SCF: 1.00E-06
POISSON_SOLVER: AAR
TOL_POISSON: 1.00E-08
TOL_LANCZOS: 1.00E-02
TOL_PSEUDOCHARGE: 1.00E-08
MIXING_VARIABLE: density
MIXING_PRECOND: kerker
TOL_PRECOND: 1.59E-04
PRECOND_KERKER_KTF: 1
PRECOND_KERKER_THRESH: 0.1
MIXING_PARAMETER: 0.3
MIXING_HISTORY: 7
PULAY_FREQUENCY: 1
PULAY_RESTART: 0
REFERENCE_CUTOFF: 0.5
RHO_TRIGGER: 0
FIX_RAND: 0
VERBOSITY: 1
PRINT_FORCES: 1
PRINT_ATOMS: 1
PRINT_EIGEN: 0
PRINT_DENSITY: 1
PRINT_ENERGY_DENSITY: 1
OUTPUT_FILE: sim
***************************************************************************
                                Cell                                       
***************************************************************************
Lattice vectors (Bohr):
21.103516510283900 0.000000000000000 0.000000000000000 
0.000000000000000 21.103516510283900 0.000000000000000 
0.000000000000000 0.000000000000000 21.103516510283900 
Volume: 9.3986285394E+03 (Bohr^3)
***************************************************************************
                           Parallelization                                 
***************************************************************************
NP_SPIN_PARAL: 1
NP_KPOINT_PARAL: 1
NP_BAND_PARAL: 32
NP_DOMAIN_PARAL: 1 1 1
NP_DOMAIN_PHI_PARAL: 2 4 4
EIG_SERIAL_MAXNS: 10000
***************************************************************************
                             Initialization                                
***************************************************************************
Number of processors               :  32
Mesh spacing                       :  0.39818 (Bohr)
Integration weights                :  0.06313015805
Number of symmetry adapted k-points:  1
Output printed to                  :  sim.out
Total number of atom types         :  2
Total number of atoms              :  64
Total number of electrons          :  256
Atom type 1  (valence electrons)   :  Si 4
Pseudopotential                    :  /u/home/a/agangan2/SiGeSn_data/psps/14_Si_4_1.9_1.9_pbe_n_v1.0.psp8
Pseudocharge radii of atom type 1  :  7.96 7.96 7.96 (x, y, z dir)
Number of atoms of type 1          :  24
Atom type 2  (valence electrons)   :  Ge 4
Pseudopotential                    :  /u/home/a/agangan2/SiGeSn_data/psps/Ge-low.psp8
Pseudocharge radii of atom type 2  :  7.96 7.96 7.96 (x, y, z dir)
Number of atoms of type 2          :  40
Estimated total memory usage       :  1.08 GB
Estimated memory per processor     :  34.64 MB
===================================================================
                    Self Consistent Field (SCF#1)                     
===================================================================
Iteration     Free Energy (Ha/atom)   SCF Error        Timing (sec)
1            -4.1091568277E+00        INF        12.316
2             2.6315448767E-01        2.960E-01        25.708
3            -4.9658858542E+00        1.629E-01        17.705
4            -5.4944647560E+00        2.217E-01        18.079
5            -5.5618696312E+00        2.368E-01        15.749
6            -5.5732750225E+00        2.448E-01        13.340
7            -5.5751804224E+00        2.463E-01        17.424
8            -5.5747682203E+00        2.428E-01        20.773
9            -5.5374159721E+00        1.242E-01        18.935
10           -5.5123625533E+00        1.293E-01        20.612
11           -5.4978230018E+00        8.777E-02        19.989
12           -5.5156845863E+00        3.512E-02        18.427
13           -5.5155621115E+00        1.817E-02        18.189
14           -5.5148984340E+00        1.686E-02        17.726
15           -5.5145309700E+00        1.878E-02        18.467
16           -5.5143798143E+00        7.395E-03        18.953
17           -5.5134652921E+00        3.149E-03        17.192
18           -5.5136294981E+00        9.661E-04        16.428
19           -5.5135620215E+00        6.130E-04        15.049
20           -5.5135534296E+00        2.149E-04        14.207
21           -5.5135510895E+00        1.113E-04        13.726
22           -5.5135551417E+00        4.754E-05        13.489
23           -5.5135539988E+00        3.111E-05        12.421
24           -5.5135532560E+00        7.657E-06        10.606
25           -5.5135533269E+00        5.263E-06        10.332
26           -5.5135532534E+00        2.556E-06        9.553
27           -5.5135532023E+00        1.471E-06        9.340
28           -5.5135532335E+00        6.515E-07        3.763
Total number of SCF: 28    
====================================================================
                    Energy and force calculation                    
====================================================================
Free energy per atom               : -5.5135533787E+00 (Ha/atom)
Total free energy                  : -3.5286741623E+02 (Ha)
Band structure energy              : -3.9056873812E+00 (Ha)
Exchange correlation energy        : -1.8577412396E+02 (Ha)
Self and correction energy         : -5.8803916387E+02 (Ha)
Entropy*kb*T                       : -9.1572106973E-04 (Ha)
Fermi level                        :  1.9313093508E-01 (Ha)
RMS force                          :  7.7725969012E-03 (Ha/Bohr)
Maximum force                      :  1.1973784146E-02 (Ha/Bohr)
Time for force calculation         :  0.769 (sec)
Pressure                           :  2.8393688928E+00 (GPa)
Maximum stress                     :  2.8442055857E+00 (GPa)
Time for stress calculation        :  1.997 (sec)
***************************************************************************
                               Timing info                                 
***************************************************************************
Total walltime                     :  464.184 sec
___________________________________________________________________________

***************************************************************************
*             Material Physics & Mechanics Group, Georgia Tech            *
*                       PI: Phanish Suryanarayana                         *
*               List of contributors: See the documentation               *
*         Citation: See README.md or the documentation for details        *
*  Acknowledgements: U.S. DOE (DE-SC0019410)                              *
*      {Preliminary developments: U.S. NSF (1333500,1663244,1553212)}     *
***************************************************************************
                                                                           
