***************************************************************************
*                       SPARC (version Aug 16, 2022)                      *
*   Copyright (c) 2020 Material Physics & Mechanics Group, Georgia Tech   *
*           Distributed under GNU General Public License 3 (GPL)          *
*                   Start time: Fri Aug 16 15:20:00 2024                  *
***************************************************************************
                           Input parameters                                
***************************************************************************
LATVEC_SCALE: 20.8861980058127 20.8861980058127 20.8861980058127 
LATVEC:
1 0 0 
0 1 0 
0 0 1 
FD_GRID: 52 52 52
FD_ORDER: 12
BC: P P P
KPOINT_GRID: 1 1 1
KPOINT_SHIFT: 0 0 0
SPIN_TYP: 0
ELEC_TEMP_TYPE: Fermi-Dirac
SMEARING: 0.00200001251
EXCHANGE_CORRELATION: GGA_PBE
NSTATES: 158
CHEB_DEGREE: 20
CHEFSI_BOUND_FLAG: 0
CALC_STRESS: 1
MAXIT_SCF: 500
MINIT_SCF: 1
MAXIT_POISSON: 3000
TOL_SCF: 1.00E-06
POISSON_SOLVER: AAR
TOL_POISSON: 1.00E-08
TOL_LANCZOS: 1.00E-02
TOL_PSEUDOCHARGE: 1.00E-08
MIXING_VARIABLE: density
MIXING_PRECOND: kerker
TOL_PRECOND: 1.61E-04
PRECOND_KERKER_KTF: 1
PRECOND_KERKER_THRESH: 0.1
MIXING_PARAMETER: 0.3
MIXING_HISTORY: 7
PULAY_FREQUENCY: 1
PULAY_RESTART: 0
REFERENCE_CUTOFF: 0.5
RHO_TRIGGER: 0
FIX_RAND: 0
VERBOSITY: 1
PRINT_FORCES: 1
PRINT_ATOMS: 1
PRINT_EIGEN: 0
PRINT_DENSITY: 1
PRINT_ENERGY_DENSITY: 1
OUTPUT_FILE: sim
***************************************************************************
                                Cell                                       
***************************************************************************
Lattice vectors (Bohr):
20.886198005812652 0.000000000000000 0.000000000000000 
0.000000000000000 20.886198005812652 0.000000000000000 
0.000000000000000 0.000000000000000 20.886198005812652 
Volume: 9.1112543942E+03 (Bohr^3)
***************************************************************************
                           Parallelization                                 
***************************************************************************
NP_SPIN_PARAL: 1
NP_KPOINT_PARAL: 1
NP_BAND_PARAL: 32
NP_DOMAIN_PARAL: 1 1 1
NP_DOMAIN_PHI_PARAL: 2 4 4
EIG_SERIAL_MAXNS: 10000
***************************************************************************
                             Initialization                                
***************************************************************************
Number of processors               :  32
Mesh spacing                       :  0.401658 (Bohr)
Integration weights                :  0.06479897583
Number of symmetry adapted k-points:  1
Output printed to                  :  sim.out
Total number of atom types         :  2
Total number of atoms              :  64
Total number of electrons          :  256
Atom type 1  (valence electrons)   :  Si 4
Pseudopotential                    :  /u/home/a/agangan2/SiGeSn_data/psps/14_Si_4_1.9_1.9_pbe_n_v1.0.psp8
Pseudocharge radii of atom type 1  :  8.03 8.03 8.03 (x, y, z dir)
Number of atoms of type 1          :  40
Atom type 2  (valence electrons)   :  Ge 4
Pseudopotential                    :  /u/home/a/agangan2/SiGeSn_data/psps/Ge-low.psp8
Pseudocharge radii of atom type 2  :  8.43 8.43 8.43 (x, y, z dir)
Number of atoms of type 2          :  24
Estimated total memory usage       :  1.02 GB
Estimated memory per processor     :  32.72 MB
===================================================================
                    Self Consistent Field (SCF#1)                     
===================================================================
Iteration     Free Energy (Ha/atom)   SCF Error        Timing (sec)
1            -3.6027213156E+00        INF        11.997
2             5.7273822399E-01        2.702E-01        26.047
3            -4.4618093380E+00        1.650E-01        19.135
4            -4.9749040192E+00        2.279E-01        19.282
5            -5.0397165380E+00        2.460E-01        16.569
6            -5.0497503855E+00        2.532E-01        15.520
7            -5.0512730005E+00        2.545E-01        20.037
8            -5.0510284843E+00        2.520E-01        20.563
9            -5.0268120731E+00        1.553E-01        20.728
10           -4.9935209691E+00        1.482E-01        20.389
11           -4.9655918765E+00        1.522E-01        20.023
12           -4.9928513208E+00        3.771E-02        20.838
13           -4.9936583709E+00        1.956E-02        19.880
14           -4.9929590038E+00        1.982E-02        20.136
15           -4.9924453438E+00        2.311E-02        20.097
16           -4.9944922488E+00        1.139E-02        18.830
17           -4.9933543272E+00        3.758E-03        18.817
18           -4.9931758820E+00        1.257E-03        15.623
19           -4.9931692061E+00        9.177E-04        15.433
20           -4.9931190858E+00        2.611E-04        14.771
21           -4.9931117067E+00        1.506E-04        14.799
22           -4.9931130658E+00        5.639E-05        12.839
23           -4.9931106784E+00        3.714E-05        13.132
24           -4.9931066853E+00        9.811E-06        10.637
25           -4.9931061884E+00        6.474E-06        11.350
26           -4.9931061010E+00        2.702E-06        9.589
27           -4.9931060843E+00        1.917E-06        10.315
28           -4.9931058920E+00        8.052E-07        4.308
Total number of SCF: 28    
====================================================================
                    Energy and force calculation                    
====================================================================
Free energy per atom               : -4.9931058081E+00 (Ha/atom)
Total free energy                  : -3.1955877172E+02 (Ha)
Band structure energy              : -4.6781406899E+00 (Ha)
Exchange correlation energy        : -1.5071930568E+02 (Ha)
Self and correction energy         : -5.3684350386E+02 (Ha)
Entropy*kb*T                       : -4.4762208443E-04 (Ha)
Fermi level                        :  1.8679831904E-01 (Ha)
RMS force                          :  8.4734781524E-03 (Ha/Bohr)
Maximum force                      :  1.1413894712E-02 (Ha/Bohr)
Time for force calculation         :  1.057 (sec)
Pressure                           :  2.5998638946E+00 (GPa)
Maximum stress                     :  2.6039245388E+00 (GPa)
Time for stress calculation        :  2.204 (sec)
***************************************************************************
                               Timing info                                 
***************************************************************************
Total walltime                     :  487.198 sec
___________________________________________________________________________

***************************************************************************
*             Material Physics & Mechanics Group, Georgia Tech            *
*                       PI: Phanish Suryanarayana                         *
*               List of contributors: See the documentation               *
*         Citation: See README.md or the documentation for details        *
*  Acknowledgements: U.S. DOE (DE-SC0019410)                              *
*      {Preliminary developments: U.S. NSF (1333500,1663244,1553212)}     *
***************************************************************************
                                                                           
