***************************************************************************
*                       SPARC (version Aug 16, 2022)                      *
*   Copyright (c) 2020 Material Physics & Mechanics Group, Georgia Tech   *
*           Distributed under GNU General Public License 3 (GPL)          *
*                   Start time: Fri Aug 16 15:19:56 2024                  *
***************************************************************************
                           Input parameters                                
***************************************************************************
LATVEC_SCALE: 21.7365747624393 21.7365747624393 21.7365747624393 
LATVEC:
1 0 0 
0 1 0 
0 0 1 
FD_GRID: 54 54 54
FD_ORDER: 12
BC: P P P
KPOINT_GRID: 1 1 1
KPOINT_SHIFT: 0 0 0
SPIN_TYP: 0
ELEC_TEMP_TYPE: Fermi-Dirac
SMEARING: 0.00200001251
EXCHANGE_CORRELATION: GGA_PBE
NSTATES: 158
CHEB_DEGREE: 20
CHEFSI_BOUND_FLAG: 0
CALC_STRESS: 1
MAXIT_SCF: 500
MINIT_SCF: 1
MAXIT_POISSON: 3000
TOL_SCF: 1.00E-06
POISSON_SOLVER: AAR
TOL_POISSON: 1.00E-08
TOL_LANCZOS: 1.00E-02
TOL_PSEUDOCHARGE: 1.00E-08
MIXING_VARIABLE: density
MIXING_PRECOND: kerker
TOL_PRECOND: 1.62E-04
PRECOND_KERKER_KTF: 1
PRECOND_KERKER_THRESH: 0.1
MIXING_PARAMETER: 0.3
MIXING_HISTORY: 7
PULAY_FREQUENCY: 1
PULAY_RESTART: 0
REFERENCE_CUTOFF: 0.5
RHO_TRIGGER: 0
FIX_RAND: 0
VERBOSITY: 1
PRINT_FORCES: 1
PRINT_ATOMS: 1
PRINT_EIGEN: 0
PRINT_DENSITY: 1
PRINT_ENERGY_DENSITY: 1
OUTPUT_FILE: sim
***************************************************************************
                                Cell                                       
***************************************************************************
Lattice vectors (Bohr):
21.736574762439268 0.000000000000000 0.000000000000000 
0.000000000000000 21.736574762439268 0.000000000000000 
0.000000000000000 0.000000000000000 21.736574762439268 
Volume: 1.0270068204E+04 (Bohr^3)
***************************************************************************
                           Parallelization                                 
***************************************************************************
NP_SPIN_PARAL: 1
NP_KPOINT_PARAL: 1
NP_BAND_PARAL: 32
NP_DOMAIN_PARAL: 1 1 1
NP_DOMAIN_PHI_PARAL: 2 4 4
EIG_SERIAL_MAXNS: 10000
***************************************************************************
                             Initialization                                
***************************************************************************
Number of processors               :  32
Mesh spacing                       :  0.402529 (Bohr)
Integration weights                :  0.06522169006
Number of symmetry adapted k-points:  1
Output printed to                  :  sim.out
Total number of atom types         :  3
Total number of atoms              :  64
Total number of electrons          :  256
Atom type 1  (valence electrons)   :  Si 4
Pseudopotential                    :  /u/home/a/agangan2/SiGeSn_data/psps/14_Si_4_1.9_1.9_pbe_n_v1.0.psp8
Pseudocharge radii of atom type 1  :  8.05 8.05 8.05 (x, y, z dir)
Number of atoms of type 1          :  40
Atom type 2  (valence electrons)   :  Ge 4
Pseudopotential                    :  /u/home/a/agangan2/SiGeSn_data/psps/Ge-low.psp8
Pseudocharge radii of atom type 2  :  8.45 8.45 8.45 (x, y, z dir)
Number of atoms of type 2          :  8
Atom type 3  (valence electrons)   :  Sn 4
Pseudopotential                    :  /u/home/a/agangan2/SiGeSn_data/psps/Sn.psp8
Pseudocharge radii of atom type 3  :  8.45 8.45 8.45 (x, y, z dir)
Number of atoms of type 3          :  16
Estimated total memory usage       :  1.15 GB
Estimated memory per processor     :  36.64 MB
===================================================================
                    Self Consistent Field (SCF#1)                     
===================================================================
Iteration     Free Energy (Ha/atom)   SCF Error        Timing (sec)
1            -3.2142472535E+00        INF        15.170
2             1.0627673203E+00        2.923E-01        27.403
3            -4.0437523894E+00        1.720E-01        21.230
4            -4.5718593993E+00        2.252E-01        20.198
5            -4.6448717058E+00        2.403E-01        16.819
6            -4.6564959607E+00        2.472E-01        17.544
7            -4.6581545282E+00        2.480E-01        20.707
8            -4.6569963923E+00        2.413E-01        21.852
9            -4.6160473783E+00        1.189E-01        20.407
10           -4.6120206804E+00        9.430E-02        21.528
11           -4.6002603299E+00        7.246E-02        20.728
12           -4.6077212421E+00        5.876E-02        20.440
13           -4.6071208660E+00        5.178E-02        19.836
14           -4.6045588555E+00        4.393E-02        20.894
15           -4.6031057924E+00        2.792E-02        20.568
16           -4.6022406153E+00        7.895E-03        19.391
17           -4.6019813290E+00        2.670E-03        18.402
18           -4.6023858967E+00        1.433E-03        16.584
19           -4.6023845345E+00        4.775E-04        15.444
20           -4.6023882513E+00        2.830E-04        15.660
21           -4.6023930846E+00        9.077E-05        13.026
22           -4.6023952730E+00        6.776E-05        14.196
23           -4.6023942839E+00        1.886E-05        12.126
24           -4.6023940847E+00        1.254E-05        12.028
25           -4.6023936953E+00        5.554E-06        10.541
26           -4.6023936116E+00        3.281E-06        11.126
27           -4.6023934286E+00        1.379E-06        9.384
28           -4.6023933053E+00        5.714E-07        3.134
Total number of SCF: 28    
====================================================================
                    Energy and force calculation                    
====================================================================
Free energy per atom               : -4.6023932462E+00 (Ha/atom)
Total free energy                  : -2.9455316776E+02 (Ha)
Band structure energy              : -7.5651081521E+00 (Ha)
Exchange correlation energy        : -1.3055752734E+02 (Ha)
Self and correction energy         : -4.8036489811E+02 (Ha)
Entropy*kb*T                       : -7.8592960110E-04 (Ha)
Fermi level                        :  1.6662159784E-01 (Ha)
RMS force                          :  2.7236924458E-02 (Ha/Bohr)
Maximum force                      :  5.2150324130E-02 (Ha/Bohr)
Time for force calculation         :  0.614 (sec)
Pressure                           :  3.5334387961E+00 (GPa)
Maximum stress                     :  3.5410294228E+00 (GPa)
Time for stress calculation        :  1.523 (sec)
***************************************************************************
                               Timing info                                 
***************************************************************************
Total walltime                     :  497.244 sec
___________________________________________________________________________

***************************************************************************
*             Material Physics & Mechanics Group, Georgia Tech            *
*                       PI: Phanish Suryanarayana                         *
*               List of contributors: See the documentation               *
*         Citation: See README.md or the documentation for details        *
*  Acknowledgements: U.S. DOE (DE-SC0019410)                              *
*      {Preliminary developments: U.S. NSF (1333500,1663244,1553212)}     *
***************************************************************************
                                                                           
