***************************************************************************
*                       SPARC (version Aug 16, 2022)                      *
*   Copyright (c) 2020 Material Physics & Mechanics Group, Georgia Tech   *
*           Distributed under GNU General Public License 3 (GPL)          *
*                   Start time: Fri Aug 16 15:19:54 2024                  *
***************************************************************************
                           Input parameters                                
***************************************************************************
LATVEC_SCALE: 22.6956107713015 22.6956107713015 22.6956107713015 
LATVEC:
1 0 0 
0 1 0 
0 0 1 
FD_GRID: 57 57 57
FD_ORDER: 12
BC: P P P
KPOINT_GRID: 1 1 1
KPOINT_SHIFT: 0 0 0
SPIN_TYP: 0
ELEC_TEMP_TYPE: Fermi-Dirac
SMEARING: 0.00200001251
EXCHANGE_CORRELATION: GGA_PBE
NSTATES: 158
CHEB_DEGREE: 20
CHEFSI_BOUND_FLAG: 0
CALC_STRESS: 1
MAXIT_SCF: 500
MINIT_SCF: 1
MAXIT_POISSON: 3000
TOL_SCF: 1.00E-06
POISSON_SOLVER: AAR
TOL_POISSON: 1.00E-08
TOL_LANCZOS: 1.00E-02
TOL_PSEUDOCHARGE: 1.00E-08
MIXING_VARIABLE: density
MIXING_PRECOND: kerker
TOL_PRECOND: 1.59E-04
PRECOND_KERKER_KTF: 1
PRECOND_KERKER_THRESH: 0.1
MIXING_PARAMETER: 0.3
MIXING_HISTORY: 7
PULAY_FREQUENCY: 1
PULAY_RESTART: 0
REFERENCE_CUTOFF: 0.5
RHO_TRIGGER: 0
FIX_RAND: 0
VERBOSITY: 1
PRINT_FORCES: 1
PRINT_ATOMS: 1
PRINT_EIGEN: 0
PRINT_DENSITY: 1
PRINT_ENERGY_DENSITY: 1
OUTPUT_FILE: sim
***************************************************************************
                                Cell                                       
***************************************************************************
Lattice vectors (Bohr):
22.695610771301510 0.000000000000000 0.000000000000000 
0.000000000000000 22.695610771301510 0.000000000000000 
0.000000000000000 0.000000000000000 22.695610771301510 
Volume: 1.1690299135E+04 (Bohr^3)
***************************************************************************
                           Parallelization                                 
***************************************************************************
NP_SPIN_PARAL: 1
NP_KPOINT_PARAL: 1
NP_BAND_PARAL: 32
NP_DOMAIN_PARAL: 1 1 1
NP_DOMAIN_PHI_PARAL: 2 4 4
EIG_SERIAL_MAXNS: 10000
***************************************************************************
                             Initialization                                
***************************************************************************
Number of processors               :  32
Mesh spacing                       :  0.398169 (Bohr)
Integration weights                :  0.06312495146
Number of symmetry adapted k-points:  1
Output printed to                  :  sim.out
Total number of atom types         :  2
Total number of atoms              :  64
Total number of electrons          :  256
Atom type 1  (valence electrons)   :  Si 4
Pseudopotential                    :  /u/home/a/agangan2/SiGeSn_data/psps/14_Si_4_1.9_1.9_pbe_n_v1.0.psp8
Pseudocharge radii of atom type 1  :  7.96 7.96 7.96 (x, y, z dir)
Number of atoms of type 1          :  32
Atom type 2  (valence electrons)   :  Sn 4
Pseudopotential                    :  /u/home/a/agangan2/SiGeSn_data/psps/Sn.psp8
Pseudocharge radii of atom type 2  :  8.36 8.36 8.36 (x, y, z dir)
Number of atoms of type 2          :  32
Estimated total memory usage       :  1.35 GB
Estimated memory per processor     :  43.09 MB
===================================================================
                    Self Consistent Field (SCF#1)                     
===================================================================
Iteration     Free Energy (Ha/atom)   SCF Error        Timing (sec)
1            -3.0850716918E+00        INF        2.846
2             1.4819159615E+00        3.314E-01        4.792
3            -3.8615616180E+00        1.649E-01        4.084
4            -4.4335051912E+00        2.167E-01        3.985
5            -4.5114612911E+00        2.284E-01        3.368
6            -4.5260051147E+00        2.367E-01        3.722
7            -4.5283864570E+00        2.372E-01        4.144
8            -4.5252962863E+00        2.252E-01        4.269
9            -4.4999459283E+00        1.841E-01        3.759
10           -4.4984760621E+00        1.833E-01        4.508
11           -4.4958442044E+00        1.988E-01        3.858
12           -4.4980046788E+00        2.194E-01        3.880
13           -4.4973729032E+00        2.241E-01        4.385
14           -4.4834212831E+00        9.660E-02        4.033
15           -4.4796712835E+00        3.473E-02        4.016
16           -4.4761970991E+00        1.480E-02        3.857
17           -4.4760261316E+00        8.815E-03        3.690
18           -4.4761411362E+00        5.372E-03        3.828
19           -4.4757790243E+00        2.045E-03        3.282
20           -4.4756216832E+00        1.288E-03        3.659
21           -4.4755756740E+00        3.811E-04        3.011
22           -4.4755843421E+00        2.441E-04        3.213
23           -4.4755796204E+00        1.212E-04        3.210
24           -4.4755726644E+00        7.433E-05        2.895
25           -4.4755651548E+00        3.949E-05        2.749
26           -4.4755628347E+00        2.364E-05        2.755
27           -4.4755603761E+00        1.369E-05        2.835
28           -4.4755593485E+00        8.125E-06        2.895
29           -4.4755593165E+00        5.328E-06        2.530
30           -4.4755596131E+00        2.995E-06        2.276
31           -4.4755599257E+00        1.016E-06        2.073
32           -4.4755599706E+00        6.243E-07        1.467
Total number of SCF: 32    
====================================================================
                    Energy and force calculation                    
====================================================================
Free energy per atom               : -4.4755600422E+00 (Ha/atom)
Total free energy                  : -2.8643584270E+02 (Ha)
Band structure energy              : -9.9393653991E+00 (Ha)
Exchange correlation energy        : -1.2791499825E+02 (Ha)
Self and correction energy         : -4.4945165892E+02 (Ha)
Entropy*kb*T                       : -4.9848763487E-03 (Ha)
Fermi level                        :  1.4631342297E-01 (Ha)
RMS force                          :  3.1083144369E-02 (Ha/Bohr)
Maximum force                      :  4.2797976011E-02 (Ha/Bohr)
Time for force calculation         :  0.269 (sec)
Pressure                           :  3.3344884298E+00 (GPa)
Maximum stress                     :  3.3447848794E+00 (GPa)
Time for stress calculation        :  0.723 (sec)
***************************************************************************
                               Timing info                                 
***************************************************************************
Total walltime                     :  115.488 sec
___________________________________________________________________________

***************************************************************************
*             Material Physics & Mechanics Group, Georgia Tech            *
*                       PI: Phanish Suryanarayana                         *
*               List of contributors: See the documentation               *
*         Citation: See README.md or the documentation for details        *
*  Acknowledgements: U.S. DOE (DE-SC0019410)                              *
*      {Preliminary developments: U.S. NSF (1333500,1663244,1553212)}     *
***************************************************************************
                                                                           
