***************************************************************************
*                       SPARC (version Aug 16, 2022)                      *
*   Copyright (c) 2020 Material Physics & Mechanics Group, Georgia Tech   *
*           Distributed under GNU General Public License 3 (GPL)          *
*                   Start time: Fri Aug 16 15:19:36 2024                  *
***************************************************************************
                           Input parameters                                
***************************************************************************
LATVEC_SCALE: 22.9129292757728 22.9129292757728 22.9129292757728 
LATVEC:
1 0 0 
0 1 0 
0 0 1 
FD_GRID: 57 57 57
FD_ORDER: 12
BC: P P P
KPOINT_GRID: 1 1 1
KPOINT_SHIFT: 0 0 0
SPIN_TYP: 0
ELEC_TEMP_TYPE: Fermi-Dirac
SMEARING: 0.00200001251
EXCHANGE_CORRELATION: GGA_PBE
NSTATES: 158
CHEB_DEGREE: 20
CHEFSI_BOUND_FLAG: 0
CALC_STRESS: 1
MAXIT_SCF: 500
MINIT_SCF: 1
MAXIT_POISSON: 3000
TOL_SCF: 1.00E-06
POISSON_SOLVER: AAR
TOL_POISSON: 1.00E-08
TOL_LANCZOS: 1.00E-02
TOL_PSEUDOCHARGE: 1.00E-08
MIXING_VARIABLE: density
MIXING_PRECOND: kerker
TOL_PRECOND: 1.62E-04
PRECOND_KERKER_KTF: 1
PRECOND_KERKER_THRESH: 0.1
MIXING_PARAMETER: 0.3
MIXING_HISTORY: 7
PULAY_FREQUENCY: 1
PULAY_RESTART: 0
REFERENCE_CUTOFF: 0.5
RHO_TRIGGER: 0
FIX_RAND: 0
VERBOSITY: 1
PRINT_FORCES: 1
PRINT_ATOMS: 1
PRINT_EIGEN: 0
PRINT_DENSITY: 1
PRINT_ENERGY_DENSITY: 1
OUTPUT_FILE: sim
***************************************************************************
                                Cell                                       
***************************************************************************
Lattice vectors (Bohr):
22.912929275772758 0.000000000000000 0.000000000000000 
0.000000000000000 22.912929275772758 0.000000000000000 
0.000000000000000 0.000000000000000 22.912929275772758 
Volume: 1.2029341211E+04 (Bohr^3)
***************************************************************************
                           Parallelization                                 
***************************************************************************
NP_SPIN_PARAL: 1
NP_KPOINT_PARAL: 1
NP_BAND_PARAL: 32
NP_DOMAIN_PARAL: 1 1 1
NP_DOMAIN_PHI_PARAL: 2 4 4
EIG_SERIAL_MAXNS: 10000
***************************************************************************
                             Initialization                                
***************************************************************************
Number of processors               :  32
Mesh spacing                       :  0.401981 (Bohr)
Integration weights                :  0.06495570141
Number of symmetry adapted k-points:  1
Output printed to                  :  sim.out
Total number of atom types         :  3
Total number of atoms              :  64
Total number of electrons          :  256
Atom type 1  (valence electrons)   :  Si 4
Pseudopotential                    :  /u/home/a/agangan2/SiGeSn_data/psps/14_Si_4_1.9_1.9_pbe_n_v1.0.psp8
Pseudocharge radii of atom type 1  :  8.04 8.04 8.04 (x, y, z dir)
Number of atoms of type 1          :  16
Atom type 2  (valence electrons)   :  Ge 4
Pseudopotential                    :  /u/home/a/agangan2/SiGeSn_data/psps/Ge-low.psp8
Pseudocharge radii of atom type 2  :  8.44 8.44 8.44 (x, y, z dir)
Number of atoms of type 2          :  16
Atom type 3  (valence electrons)   :  Sn 4
Pseudopotential                    :  /u/home/a/agangan2/SiGeSn_data/psps/Sn.psp8
Pseudocharge radii of atom type 3  :  8.84 8.84 8.84 (x, y, z dir)
Number of atoms of type 3          :  32
Estimated total memory usage       :  1.35 GB
Estimated memory per processor     :  43.09 MB
===================================================================
                    Self Consistent Field (SCF#1)                     
===================================================================
Iteration     Free Energy (Ha/atom)   SCF Error        Timing (sec)
1            -3.5858390251E+00        INF        0.463
2             9.1502317932E-01        3.524E-01        0.960
3            -4.4075962710E+00        1.598E-01        1.036
4            -4.9672996121E+00        2.135E-01        0.768
5            -5.0405477905E+00        2.216E-01        0.748
6            -5.0543982916E+00        2.276E-01        0.666
7            -5.0575952378E+00        2.292E-01        0.805
8            -5.0579533503E+00        2.287E-01        0.851
9            -5.0562183372E+00        2.249E-01        0.901
10           -5.0340738619E+00        2.737E-01        1.011
11           -5.0128498705E+00        4.796E-01        0.950
12           -5.0118364125E+00        5.008E-01        0.844
13           -5.0098268631E+00        5.345E-01        0.717
14           -5.0133112454E+00        1.320E-01        1.011
15           -5.0105917451E+00        9.735E-02        0.694
16           -5.0033714368E+00        3.648E-02        1.004
17           -5.0020483053E+00        2.136E-02        0.813
18           -4.9998878431E+00        1.176E-02        0.788
19           -4.9982861769E+00        5.470E-03        0.828
20           -4.9981863823E+00        3.402E-03        0.885
21           -4.9986334664E+00        1.299E-03        0.673
22           -4.9986532595E+00        8.847E-04        0.782
23           -4.9985751985E+00        3.197E-04        0.719
24           -4.9985694847E+00        2.494E-04        0.872
25           -4.9985637981E+00        8.435E-05        0.865
26           -4.9985608433E+00        5.882E-05        0.745
27           -4.9985596620E+00        2.300E-05        0.662
28           -4.9985608928E+00        1.354E-05        0.883
29           -4.9985621170E+00        5.936E-06        0.641
30           -4.9985620330E+00        2.967E-06        0.746
31           -4.9985619723E+00        1.799E-06        0.723
32           -4.9985621176E+00        7.465E-07        0.702
Total number of SCF: 32    
====================================================================
                    Energy and force calculation                    
====================================================================
Free energy per atom               : -4.9985621765E+00 (Ha/atom)
Total free energy                  : -3.1990797930E+02 (Ha)
Band structure energy              : -9.7079206812E+00 (Ha)
Exchange correlation energy        : -1.6296462086E+02 (Ha)
Self and correction energy         : -5.0063839500E+02 (Ha)
Entropy*kb*T                       : -1.2938549698E-02 (Ha)
Fermi level                        :  1.4542357163E-01 (Ha)
RMS force                          :  2.4060211121E-02 (Ha/Bohr)
Maximum force                      :  3.4287594862E-02 (Ha/Bohr)
Time for force calculation         :  0.198 (sec)
Pressure                           :  4.3559750314E+00 (GPa)
Maximum stress                     :  4.3634409547E+00 (GPa)
Time for stress calculation        :  0.434 (sec)
***************************************************************************
                               Timing info                                 
***************************************************************************
Total walltime                     :  27.810 sec
___________________________________________________________________________

***************************************************************************
*             Material Physics & Mechanics Group, Georgia Tech            *
*                       PI: Phanish Suryanarayana                         *
*               List of contributors: See the documentation               *
*         Citation: See README.md or the documentation for details        *
*  Acknowledgements: U.S. DOE (DE-SC0019410)                              *
*      {Preliminary developments: U.S. NSF (1333500,1663244,1553212)}     *
***************************************************************************
                                                                           
