***************************************************************************
*                       SPARC (version Aug 16, 2022)                      *
*   Copyright (c) 2020 Material Physics & Mechanics Group, Georgia Tech   *
*           Distributed under GNU General Public License 3 (GPL)          *
*                   Start time: Fri Aug 16 15:19:29 2024                  *
***************************************************************************
                           Input parameters                                
***************************************************************************
LATVEC_SCALE: 23.4467769063217 23.4467769063217 23.4467769063217 
LATVEC:
1 0 0 
0 1 0 
0 0 1 
FD_GRID: 59 59 59
FD_ORDER: 12
BC: P P P
KPOINT_GRID: 1 1 1
KPOINT_SHIFT: 0 0 0
SPIN_TYP: 0
ELEC_TEMP_TYPE: Fermi-Dirac
SMEARING: 0.00200001251
EXCHANGE_CORRELATION: GGA_PBE
NSTATES: 158
CHEB_DEGREE: 20
CHEFSI_BOUND_FLAG: 0
CALC_STRESS: 1
MAXIT_SCF: 500
MINIT_SCF: 1
MAXIT_POISSON: 3000
TOL_SCF: 1.00E-06
POISSON_SOLVER: AAR
TOL_POISSON: 1.00E-08
TOL_LANCZOS: 1.00E-02
TOL_PSEUDOCHARGE: 1.00E-08
MIXING_VARIABLE: density
MIXING_PRECOND: kerker
TOL_PRECOND: 1.58E-04
PRECOND_KERKER_KTF: 1
PRECOND_KERKER_THRESH: 0.1
MIXING_PARAMETER: 0.3
MIXING_HISTORY: 7
PULAY_FREQUENCY: 1
PULAY_RESTART: 0
REFERENCE_CUTOFF: 0.5
RHO_TRIGGER: 0
FIX_RAND: 0
VERBOSITY: 1
PRINT_FORCES: 1
PRINT_ATOMS: 1
PRINT_EIGEN: 0
PRINT_DENSITY: 1
PRINT_ENERGY_DENSITY: 1
OUTPUT_FILE: sim
***************************************************************************
                                Cell                                       
***************************************************************************
Lattice vectors (Bohr):
23.446776906321688 0.000000000000000 0.000000000000000 
0.000000000000000 23.446776906321688 0.000000000000000 
0.000000000000000 0.000000000000000 23.446776906321688 
Volume: 1.2889897194E+04 (Bohr^3)
***************************************************************************
                           Parallelization                                 
***************************************************************************
NP_SPIN_PARAL: 1
NP_KPOINT_PARAL: 1
NP_BAND_PARAL: 32
NP_DOMAIN_PARAL: 1 1 1
NP_DOMAIN_PHI_PARAL: 2 4 4
EIG_SERIAL_MAXNS: 10000
***************************************************************************
                             Initialization                                
***************************************************************************
Number of processors               :  32
Mesh spacing                       :  0.397403 (Bohr)
Integration weights                :  0.06276151502
Number of symmetry adapted k-points:  1
Output printed to                  :  sim.out
Total number of atom types         :  3
Total number of atoms              :  64
Total number of electrons          :  256
Atom type 1  (valence electrons)   :  Si 4
Pseudopotential                    :  /u/home/a/agangan2/SiGeSn_data/psps/14_Si_4_1.9_1.9_pbe_n_v1.0.psp8
Pseudocharge radii of atom type 1  :  7.55 7.55 7.55 (x, y, z dir)
Number of atoms of type 1          :  8
Atom type 2  (valence electrons)   :  Ge 4
Pseudopotential                    :  /u/home/a/agangan2/SiGeSn_data/psps/Ge-low.psp8
Pseudocharge radii of atom type 2  :  7.95 7.95 7.95 (x, y, z dir)
Number of atoms of type 2          :  16
Atom type 3  (valence electrons)   :  Sn 4
Pseudopotential                    :  /u/home/a/agangan2/SiGeSn_data/psps/Sn.psp8
Pseudocharge radii of atom type 3  :  8.74 8.74 8.74 (x, y, z dir)
Number of atoms of type 3          :  40
Estimated total memory usage       :  1.49 GB
Estimated memory per processor     :  47.79 MB
===================================================================
                    Self Consistent Field (SCF#1)                     
===================================================================
Iteration     Free Energy (Ha/atom)   SCF Error        Timing (sec)
1            -3.6464260333E+00        INF        4.728
2             1.0824095725E+00        3.832E-01        7.849
3            -4.4413243972E+00        1.470E-01        7.686
4            -5.0339305622E+00        2.122E-01        8.103
5            -5.1117379222E+00        2.195E-01        6.838
6            -5.1264482615E+00        2.254E-01        6.495
7            -5.1294866896E+00        2.275E-01        7.241
8            -5.1300770408E+00        2.281E-01        7.733
9            -5.1302567606E+00        2.317E-01        8.877
10           -5.1338047068E+00        3.111E-01        9.330
11           -5.1232281848E+00        3.615E-01        8.283
12           -5.0501640112E+00        2.376E-01        9.314
13           -5.0818165048E+00        1.673E-01        8.631
14           -5.0698817417E+00        4.389E-02        8.908
15           -5.0716450856E+00        3.441E-02        8.720
16           -5.0702814762E+00        1.188E-02        8.101
17           -5.0700069393E+00        7.467E-03        7.314
18           -5.0692142458E+00        3.262E-03        7.747
19           -5.0692538143E+00        1.798E-03        7.397
20           -5.0690442352E+00        6.478E-04        6.365
21           -5.0690582285E+00        3.808E-04        7.715
22           -5.0690490131E+00        1.737E-04        6.753
23           -5.0690366012E+00        1.015E-04        5.828
24           -5.0690283617E+00        3.265E-05        5.664
25           -5.0690292933E+00        2.170E-05        6.091
26           -5.0690306701E+00        7.736E-06        4.993
27           -5.0690306291E+00        5.499E-06        5.414
28           -5.0690307026E+00        3.340E-06        4.250
29           -5.0690309260E+00        1.307E-06        4.121
30           -5.0690309535E+00        8.448E-07        2.377
Total number of SCF: 30    
====================================================================
                    Energy and force calculation                    
====================================================================
Free energy per atom               : -5.0690310332E+00 (Ha/atom)
Total free energy                  : -3.2441798612E+02 (Ha)
Band structure energy              : -1.0967825756E+01 (Ha)
Exchange correlation energy        : -1.7041567088E+02 (Ha)
Self and correction energy         : -4.9798234190E+02 (Ha)
Entropy*kb*T                       : -1.3535287058E-02 (Ha)
Fermi level                        :  1.3629938714E-01 (Ha)
RMS force                          :  1.8610253911E-02 (Ha/Bohr)
Maximum force                      :  3.3671175030E-02 (Ha/Bohr)
Time for force calculation         :  0.400 (sec)
Pressure                           :  4.0164371686E+00 (GPa)
Maximum stress                     :  4.0271835851E+00 (GPa)
Time for stress calculation        :  1.009 (sec)
***************************************************************************
                               Timing info                                 
***************************************************************************
Total walltime                     :  218.190 sec
___________________________________________________________________________

***************************************************************************
*             Material Physics & Mechanics Group, Georgia Tech            *
*                       PI: Phanish Suryanarayana                         *
*               List of contributors: See the documentation               *
*         Citation: See README.md or the documentation for details        *
*  Acknowledgements: U.S. DOE (DE-SC0019410)                              *
*      {Preliminary developments: U.S. NSF (1333500,1663244,1553212)}     *
***************************************************************************
                                                                           
